2023-07-12 11:14:57,420 [INFO] ApplicationProperties:184 - Using Application install path: D:\ykl\STM32CubeIDE_1.12.1\STM32CubeIDE\plugins\com.st.stm32cube.common.mx_6.8.1.202304191431
2023-07-12 11:14:57,484 [INFO] DbMcusXml:78 - Set database path to: D:\ykl\STM32CubeIDE_1.12.1\STM32CubeIDE\plugins\com.st.stm32cube.common.mx_6.8.1.202304191431\\db\/mcu/
2023-07-12 11:14:57,485 [INFO] ApiDb:274 - Set plugin database path to: D:\ykl\STM32CubeIDE_1.12.1\STM32CubeIDE\plugins\com.st.stm32cube.common.mx_6.8.1.202304191431\\db\/plugins/boardmanager/
2023-07-12 11:14:57,491 [WARN] ApiDb:259 - Overriding images path with different value:  => D:\ykl\STM32CubeIDE_1.12.1\STM32CubeIDE\plugins\com.st.stm32cube.common.mx_6.8.1.202304191431\\db\/plugins/mcufinder/images/
2023-07-12 11:14:57,531 [INFO] ApiDb:250 - Set database path to: C:\Users\C012\.stmcufinder\plugins\mcufinder//mcu/
2023-07-12 11:14:57,536 [INFO] DbMcusAds:125 - Set database path to: C:\Users\C012\.stmcufinder\plugins\mcufinder//mcu/
2023-07-12 11:14:58,588 [INFO] CrossReferenceDbSqlite:203 - Set database path to: C:\Users\C012\.stmcufinder\plugins\mcufinder//mcu/cs/
2023-07-12 11:14:58,892 [INFO] RulesReader:64 - Compatibility file has been processed (293 Rules)
2023-07-12 11:14:59,151 [INFO] DbMcusXml:78 - Set database path to: D:\ykl\STM32CubeIDE_1.12.1\STM32CubeIDE\plugins\com.st.stm32cube.common.mx_6.8.1.202304191431\\db\/mcu/
2023-07-12 11:14:59,152 [INFO] ApiDb:274 - Set plugin database path to: D:\ykl\STM32CubeIDE_1.12.1\STM32CubeIDE\plugins\com.st.stm32cube.common.mx_6.8.1.202304191431\\db\/plugins/boardmanager/
2023-07-12 11:14:59,152 [INFO] ApiDb:261 - Set plugin images path to: D:\ykl\STM32CubeIDE_1.12.1\STM32CubeIDE\plugins\com.st.stm32cube.common.mx_6.8.1.202304191431\\db\/plugins/mcufinder/images/
2023-07-12 11:14:59,153 [WARN] DbFile:41 - Overriding database path with different value: C:\Users\C012\.stmcufinder\plugins\mcufinder/ => C:\Users\C012\.stmcufinder\plugins\mcufinder
2023-07-12 11:14:59,153 [INFO] ApiDb:250 - Set database path to: C:\Users\C012\.stmcufinder\plugins\mcufinder//mcu/
2023-07-12 11:14:59,154 [WARN] DbFile:41 - Overriding database path with different value: C:\Users\C012\.stmcufinder\plugins\mcufinder/ => C:\Users\C012\.stmcufinder\plugins\mcufinder
2023-07-12 11:14:59,154 [INFO] DbMcusAds:125 - Set database path to: C:\Users\C012\.stmcufinder\plugins\mcufinder//mcu/
2023-07-12 11:14:59,154 [WARN] DbFile:41 - Overriding database path with different value: C:\Users\C012\.stmcufinder\plugins\mcufinder/ => C:\Users\C012\.stmcufinder\plugins\mcufinder
2023-07-12 11:14:59,154 [WARN] DbFile:41 - Overriding database path with different value: C:\Users\C012\.stmcufinder\plugins\mcufinder/ => C:\Users\C012\.stmcufinder\plugins\mcufinder
2023-07-12 11:14:59,155 [INFO] CrossReferenceDbSqlite:203 - Set database path to: C:\Users\C012\.stmcufinder\plugins\mcufinder//mcu/cs/
2023-07-12 11:14:59,338 [INFO] MainPanel:253 - HeapMemory: 796917760
2023-07-12 11:14:59,557 [INFO] DbMcusXml:78 - Set database path to: D:\ykl\STM32CubeIDE_1.12.1\STM32CubeIDE\plugins\com.st.stm32cube.common.mx_6.8.1.202304191431\\db\/mcu/
2023-07-12 11:14:59,557 [INFO] ApiDb:274 - Set plugin database path to: D:\ykl\STM32CubeIDE_1.12.1\STM32CubeIDE\plugins\com.st.stm32cube.common.mx_6.8.1.202304191431\\db\/plugins/boardmanager/
2023-07-12 11:14:59,557 [INFO] ApiDb:261 - Set plugin images path to: D:\ykl\STM32CubeIDE_1.12.1\STM32CubeIDE\plugins\com.st.stm32cube.common.mx_6.8.1.202304191431\\db\/plugins/mcufinder/images/
2023-07-12 11:14:59,559 [WARN] DbFile:41 - Overriding database path with different value: C:\Users\C012\.stmcufinder\plugins\mcufinder/ => C:\Users\C012\.stmcufinder\plugins\mcufinder
2023-07-12 11:14:59,559 [INFO] ApiDb:250 - Set database path to: C:\Users\C012\.stmcufinder\plugins\mcufinder//mcu/
2023-07-12 11:14:59,559 [WARN] DbFile:41 - Overriding database path with different value: C:\Users\C012\.stmcufinder\plugins\mcufinder/ => C:\Users\C012\.stmcufinder\plugins\mcufinder
2023-07-12 11:14:59,559 [INFO] DbMcusAds:125 - Set database path to: C:\Users\C012\.stmcufinder\plugins\mcufinder//mcu/
2023-07-12 11:14:59,559 [WARN] DbFile:41 - Overriding database path with different value: C:\Users\C012\.stmcufinder\plugins\mcufinder/ => C:\Users\C012\.stmcufinder\plugins\mcufinder
2023-07-12 11:14:59,560 [WARN] DbFile:41 - Overriding database path with different value: C:\Users\C012\.stmcufinder\plugins\mcufinder/ => C:\Users\C012\.stmcufinder\plugins\mcufinder
2023-07-12 11:14:59,560 [INFO] CrossReferenceDbSqlite:203 - Set database path to: C:\Users\C012\.stmcufinder\plugins\mcufinder//mcu/cs/
2023-07-12 11:14:59,604 [INFO] ApplicationProperties:184 - Using Application install path: D:\ykl\STM32CubeIDE_1.12.1\STM32CubeIDE\plugins\com.st.stm32cube.common.mx_6.8.1.202304191431
2023-07-12 11:14:59,608 [INFO] PluginManage:196 - Search for loadable plugins [exclusion list=, ]
2023-07-12 11:14:59,618 [INFO] PluginManage:310 - Check plugin analytics
2023-07-12 11:15:00,068 [INFO] AnalyticsPlugin:253 - Accepted Software Licenses: 
2023-07-12 11:15:00,070 [INFO] AnalyticsPlugin:255 - Accepted CMSIS Pack Licenses: 
2023-07-12 11:15:00,071 [INFO] AnalyticsPlugin:257 - Accepted Firmware Licenses: FW.F4.1.27.0
2023-07-12 11:15:00,081 [INFO] PluginManage:359 - Loaded plugin analytics (category:tool,tabindex:-1)
2023-07-12 11:15:00,085 [INFO] PluginManage:310 - Check plugin cadmodel
2023-07-12 11:15:00,103 [INFO] CADModel:105 - Init CAD model plugin
2023-07-12 11:15:00,103 [INFO] PluginManage:359 - Loaded plugin cadmodel (category:power,tabindex:5)
2023-07-12 11:15:00,104 [INFO] PluginManage:310 - Check plugin clock
2023-07-12 11:15:00,137 [INFO] PluginManage:359 - Loaded plugin clock (category:base,tabindex:2)
2023-07-12 11:15:00,138 [INFO] PluginManage:310 - Check plugin ddr
2023-07-12 11:15:00,145 [INFO] PluginManage:359 - Loaded plugin ddr (category:tool,tabindex:6)
2023-07-12 11:15:00,146 [INFO] PluginManage:310 - Check plugin filemanager
2023-07-12 11:15:00,510 [INFO] PluginManage:359 - Loaded plugin filemanager (category:base,tabindex:10)
2023-07-12 11:15:00,510 [INFO] PluginManage:310 - Check plugin ipmanager
2023-07-12 11:15:00,534 [INFO] PluginManage:359 - Loaded plugin ipmanager (category:base,tabindex:5)
2023-07-12 11:15:00,534 [INFO] PluginManage:310 - Check plugin lpbam
2023-07-12 11:15:00,568 [INFO] PluginManage:359 - Loaded plugin lpbam (category:base,tabindex:0)
2023-07-12 11:15:00,568 [INFO] PluginManage:310 - Check plugin pinoutandconfiguration
2023-07-12 11:15:00,589 [INFO] PluginManage:359 - Loaded plugin pinoutandconfiguration (category:base,tabindex:1)
2023-07-12 11:15:00,590 [INFO] PluginManage:310 - Check plugin pinoutconfig
2023-07-12 11:15:00,837 [WARN] SupportedApi:132 - Cannot load RTOS API schema: s4s-elt-must-match.1: The content of 'definitions' must match (annotation?, (simpleType | complexType)?, (unique | key | keyref)*)). A problem was found starting at: attribute.
2023-07-12 11:15:01,265 [INFO] PluginManage:359 - Loaded plugin pinoutconfig (category:base,tabindex:0)
2023-07-12 11:15:01,266 [INFO] PluginManage:310 - Check plugin power
2023-07-12 11:15:01,303 [INFO] PluginManage:359 - Loaded plugin power (category:power,tabindex:4)
2023-07-12 11:15:01,304 [INFO] PluginManage:310 - Check plugin projectmanager
2023-07-12 11:15:01,350 [INFO] PluginManage:359 - Loaded plugin projectmanager (category:projectmanager,tabindex:3)
2023-07-12 11:15:01,350 [INFO] PluginManage:310 - Check plugin thirdparty
2023-07-12 11:15:01,643 [INFO] PluginManage:359 - Loaded plugin thirdparty (category:base,tabindex:-1)
2023-07-12 11:15:01,643 [INFO] PluginManage:310 - Check plugin tools
2023-07-12 11:15:01,641 [WARN] IntegrityCheckThread:84 - waiting for thirdparty lock release [integrity check]
2023-07-12 11:15:01,644 [INFO] IntegrityCheckThread:86 - entering critical section [integrity check]
2023-07-12 11:15:01,650 [INFO] PluginManage:359 - Loaded plugin tools (category:base,tabindex:7)
2023-07-12 11:15:01,649 [INFO] ThirdPartyUpdaterWithRetryManager:70 - Updater plugin not ready yet. [1/15]
2023-07-12 11:15:01,651 [INFO] PluginManage:310 - Check plugin tutovideos
2023-07-12 11:15:02,146 [INFO] PluginManage:359 - Loaded plugin tutovideos (category:base,tabindex:-1)
2023-07-12 11:15:02,146 [INFO] PluginManage:310 - Check plugin updater
2023-07-12 11:15:02,184 [INFO] PluginManage:359 - Loaded plugin updater (category:base,tabindex:12)
2023-07-12 11:15:02,185 [INFO] PluginManage:283 - PluginManage : Loaded plugins [15]
2023-07-12 11:15:02,785 [INFO] PinOutPanel:1499 - setPackage(No Configuration,No Configuration)
2023-07-12 11:15:02,948 [INFO] CADModel:165 - CPN selected for project level
2023-07-12 11:15:02,949 [INFO] CADModel:114 - Register for checkConnection events
2023-07-12 11:15:02,985 [INFO] IPUIPlugin:80 - create IPUIPlugin
2023-07-12 11:15:02,986 [INFO] PluginManager:220 - loadIPPluginJar : add adc
2023-07-12 11:15:02,991 [INFO] IPUIPlugin:80 - create IPUIPlugin
2023-07-12 11:15:02,991 [INFO] PluginManager:220 - loadIPPluginJar : add aes
2023-07-12 11:15:02,997 [INFO] IPUIPlugin:80 - create IPUIPlugin
2023-07-12 11:15:02,997 [INFO] PluginManager:220 - loadIPPluginJar : add can
2023-07-12 11:15:03,001 [INFO] IPUIPlugin:80 - create IPUIPlugin
2023-07-12 11:15:03,002 [INFO] PluginManager:220 - loadIPPluginJar : add comp
2023-07-12 11:15:03,008 [INFO] IPUIPlugin:80 - create IPUIPlugin
2023-07-12 11:15:03,008 [INFO] PluginManager:220 - loadIPPluginJar : add cryp
2023-07-12 11:15:03,013 [INFO] IPUIPlugin:80 - create IPUIPlugin
2023-07-12 11:15:03,013 [INFO] PluginManager:220 - loadIPPluginJar : add dfsdm
2023-07-12 11:15:03,028 [INFO] IPUIPlugin:80 - create IPUIPlugin
2023-07-12 11:15:03,029 [INFO] PluginManager:220 - loadIPPluginJar : add dma
2023-07-12 11:15:03,035 [INFO] IPUIPlugin:80 - create IPUIPlugin
2023-07-12 11:15:03,035 [INFO] PluginManager:220 - loadIPPluginJar : add dma3
2023-07-12 11:15:03,040 [INFO] IPUIPlugin:80 - create IPUIPlugin
2023-07-12 11:15:03,040 [INFO] PluginManager:220 - loadIPPluginJar : add fatfs
2023-07-12 11:15:03,050 [INFO] IPUIPlugin:80 - create IPUIPlugin
2023-07-12 11:15:03,051 [INFO] PluginManager:220 - loadIPPluginJar : add fmc
2023-07-12 11:15:03,079 [INFO] IPUIPlugin:80 - create IPUIPlugin
2023-07-12 11:15:03,081 [INFO] PluginManager:220 - loadIPPluginJar : add freertos
2023-07-12 11:15:03,086 [INFO] IPUIPlugin:80 - create IPUIPlugin
2023-07-12 11:15:03,086 [INFO] PluginManager:220 - loadIPPluginJar : add genericplugin
2023-07-12 11:15:03,095 [INFO] IPUIPlugin:80 - create IPUIPlugin
2023-07-12 11:15:03,095 [INFO] PluginManager:220 - loadIPPluginJar : add gfxmmu
2023-07-12 11:15:03,110 [INFO] IPUIPlugin:80 - create IPUIPlugin
2023-07-12 11:15:03,111 [INFO] PluginManager:220 - loadIPPluginJar : add gic
2023-07-12 11:15:03,123 [INFO] IPUIPlugin:80 - create IPUIPlugin
2023-07-12 11:15:03,124 [INFO] PluginManager:220 - loadIPPluginJar : add gpio
2023-07-12 11:15:03,131 [INFO] IPUIPlugin:80 - create IPUIPlugin
2023-07-12 11:15:03,131 [INFO] PluginManager:220 - loadIPPluginJar : add gtzc
2023-07-12 11:15:03,138 [INFO] IPUIPlugin:80 - create IPUIPlugin
2023-07-12 11:15:03,138 [INFO] PluginManager:220 - loadIPPluginJar : add hash
2023-07-12 11:15:03,145 [INFO] IPUIPlugin:80 - create IPUIPlugin
2023-07-12 11:15:03,146 [INFO] PluginManager:220 - loadIPPluginJar : add i2c
2023-07-12 11:15:03,155 [INFO] IPUIPlugin:80 - create IPUIPlugin
2023-07-12 11:15:03,156 [INFO] PluginManager:220 - loadIPPluginJar : add i2s
2023-07-12 11:15:03,163 [INFO] IPUIPlugin:80 - create IPUIPlugin
2023-07-12 11:15:03,163 [INFO] PluginManager:220 - loadIPPluginJar : add i3c
2023-07-12 11:15:03,172 [INFO] IPUIPlugin:80 - create IPUIPlugin
2023-07-12 11:15:03,172 [INFO] PluginManager:220 - loadIPPluginJar : add ipddr
2023-07-12 11:15:03,190 [INFO] IPUIPlugin:80 - create IPUIPlugin
2023-07-12 11:15:03,191 [INFO] PluginManager:220 - loadIPPluginJar : add linkedlist
2023-07-12 11:15:03,198 [INFO] IPUIPlugin:80 - create IPUIPlugin
2023-07-12 11:15:03,199 [INFO] PluginManager:220 - loadIPPluginJar : add lorawan
2023-07-12 11:15:03,203 [INFO] IPUIPlugin:80 - create IPUIPlugin
2023-07-12 11:15:03,203 [INFO] PluginManager:220 - loadIPPluginJar : add ltdc
2023-07-12 11:15:03,221 [INFO] IPUIPlugin:80 - create IPUIPlugin
2023-07-12 11:15:03,221 [INFO] PluginManager:220 - loadIPPluginJar : add mdma
2023-07-12 11:15:03,235 [INFO] IPUIPlugin:80 - create IPUIPlugin
2023-07-12 11:15:03,235 [INFO] PluginManager:220 - loadIPPluginJar : add nvic
2023-07-12 11:15:03,244 [INFO] IPUIPlugin:80 - create IPUIPlugin
2023-07-12 11:15:03,245 [INFO] PluginManager:220 - loadIPPluginJar : add opamp
2023-07-12 11:15:03,253 [INFO] IPUIPlugin:80 - create IPUIPlugin
2023-07-12 11:15:03,254 [INFO] PluginManager:220 - loadIPPluginJar : add openamp
2023-07-12 11:15:03,262 [INFO] IPUIPlugin:80 - create IPUIPlugin
2023-07-12 11:15:03,262 [INFO] PluginManager:220 - loadIPPluginJar : add pdm2pcm
2023-07-12 11:15:03,279 [INFO] IPUIPlugin:80 - create IPUIPlugin
2023-07-12 11:15:03,287 [INFO] PluginManager:220 - loadIPPluginJar : add plateformsettings
2023-07-12 11:15:03,291 [INFO] IPUIPlugin:80 - create IPUIPlugin
2023-07-12 11:15:03,291 [INFO] PluginManager:220 - loadIPPluginJar : add quadspi
2023-07-12 11:15:03,300 [INFO] IPUIPlugin:80 - create IPUIPlugin
2023-07-12 11:15:03,301 [INFO] PluginManager:220 - loadIPPluginJar : add resmgrutility
2023-07-12 11:15:03,310 [INFO] IPUIPlugin:80 - create IPUIPlugin
2023-07-12 11:15:03,310 [INFO] PluginManager:220 - loadIPPluginJar : add sai
2023-07-12 11:15:03,317 [INFO] IPUIPlugin:80 - create IPUIPlugin
2023-07-12 11:15:03,317 [INFO] PluginManager:220 - loadIPPluginJar : add spi
2023-07-12 11:15:03,329 [INFO] IPUIPlugin:80 - create IPUIPlugin
2023-07-12 11:15:03,330 [INFO] PluginManager:220 - loadIPPluginJar : add stm32_wpan
2023-07-12 11:15:03,335 [INFO] IPUIPlugin:80 - create IPUIPlugin
2023-07-12 11:15:03,336 [INFO] PluginManager:220 - loadIPPluginJar : add tim
2023-07-12 11:15:03,346 [INFO] IPUIPlugin:80 - create IPUIPlugin
2023-07-12 11:15:03,346 [INFO] PluginManager:220 - loadIPPluginJar : add touchsensing
2023-07-12 11:15:03,352 [INFO] IPUIPlugin:80 - create IPUIPlugin
2023-07-12 11:15:03,352 [INFO] PluginManager:220 - loadIPPluginJar : add tracer_emb
2023-07-12 11:15:03,359 [INFO] IPUIPlugin:80 - create IPUIPlugin
2023-07-12 11:15:03,359 [INFO] PluginManager:220 - loadIPPluginJar : add ts
2023-07-12 11:15:03,366 [INFO] IPUIPlugin:80 - create IPUIPlugin
2023-07-12 11:15:03,367 [INFO] PluginManager:220 - loadIPPluginJar : add tsc
2023-07-12 11:15:03,373 [INFO] IPUIPlugin:80 - create IPUIPlugin
2023-07-12 11:15:03,373 [INFO] PluginManager:220 - loadIPPluginJar : add ucpd
2023-07-12 11:15:03,384 [INFO] IPUIPlugin:80 - create IPUIPlugin
2023-07-12 11:15:03,384 [INFO] PluginManager:220 - loadIPPluginJar : add usart
2023-07-12 11:15:03,394 [INFO] IPUIPlugin:80 - create IPUIPlugin
2023-07-12 11:15:03,394 [INFO] PluginManager:220 - loadIPPluginJar : add usbx
2023-07-12 11:15:03,644 [INFO] CADModel:165 - CPN selected for project level
2023-07-12 11:15:03,645 [INFO] CADModel:114 - Register for checkConnection events
2023-07-12 11:15:03,645 [FATAL] Updater:308 - Updater called before beeing initialized
2023-07-12 11:15:03,645 [ERROR] CADModel:125 - Updater not yet initialized, retry later 
2023-07-12 11:15:03,964 [INFO] CADModel:165 - CPN selected for project level
2023-07-12 11:15:03,964 [INFO] CADModel:114 - Register for checkConnection events
2023-07-12 11:15:03,964 [FATAL] Updater:308 - Updater called before beeing initialized
2023-07-12 11:15:03,964 [ERROR] CADModel:125 - Updater not yet initialized, retry later 
2023-07-12 11:15:03,972 [FATAL] Updater:308 - Updater called before beeing initialized
2023-07-12 11:15:04,356 [FATAL] Updater:308 - Updater called before beeing initialized
2023-07-12 11:15:04,373 [INFO] DbMcusAds:53 - JSON generation date=Tue Mar 07 16:50:55 CST 2023 (1678179055335)
2023-07-12 11:15:04,373 [FATAL] Updater:308 - Updater called before beeing initialized
2023-07-12 11:15:04,473 [WARN] DetailPanel:346 - Failed to get advertising image, set to default
2023-07-12 11:15:04,650 [INFO] ThirdPartyUpdaterWithRetryManager:70 - Updater plugin not ready yet. [2/15]
2023-07-12 11:15:04,693 [FATAL] Updater:308 - Updater called before beeing initialized
2023-07-12 11:15:04,697 [FATAL] Updater:308 - Updater called before beeing initialized
2023-07-12 11:15:04,697 [FATAL] Updater:308 - Updater called before beeing initialized
2023-07-12 11:15:04,698 [WARN] DetailPanel:346 - Failed to get advertising image, set to default
2023-07-12 11:15:04,700 [FATAL] Updater:308 - Updater called before beeing initialized
2023-07-12 11:15:04,815 [ERROR] Updater:1120 - MainUpdater not yet initialized. External WinMGr cannot be set.
2023-07-12 11:15:04,820 [INFO] Updater:1056 - Updater Version found : 6.8.1
2023-07-12 11:15:04,867 [INFO] ApplicationProperties:184 - Using Application install path: D:\ykl\STM32CubeIDE_1.12.1\STM32CubeIDE\plugins\com.st.stm32cube.common.mx_6.8.1.202304191431
2023-07-12 11:15:05,179 [INFO] MainUpdater:2854 - connection check result : 10
2023-07-12 11:15:05,180 [INFO] MainUpdater:283 - Updater Check For Update Now.
2023-07-12 11:15:05,181 [INFO] MicroXplorer:498 - Change Database Version : DB.6.0.81
2023-07-12 11:15:05,415 [INFO] CheckServerUpdateThread:120 - End of CheckServer Thread
2023-07-12 11:15:05,596 [INFO] MainUpdater:2854 - connection check result : 10
2023-07-12 11:15:05,598 [INFO] MainUpdater:2854 - connection check result : 10
2023-07-12 11:15:05,699 [INFO] MicroXplorer:468 - Change Database Path : 
2023-07-12 11:15:05,699 [INFO] MicroXplorer:498 - Change Database Version : DB.6.0.81
2023-07-12 11:15:05,701 [WARN] ThirdParty:871 - waiting for thirdparty lock release [close project]
2023-07-12 11:15:08,101 [WARN] PackLoader:240 - Cannot read IP mode file for STMicroelectronics.X-CUBE-SMBUS.2.1.0
2023-07-12 11:15:08,168 [WARN] PackLoader:240 - Cannot read IP mode file for STMicroelectronics.X-CUBE-AZRTOS-F7.1.1.0
2023-07-12 11:15:08,200 [WARN] PackLoader:240 - Cannot read IP mode file for STMicroelectronics.FP-SNS-MOTENV1.4.3.2
2023-07-12 11:15:08,219 [WARN] PackLoader:240 - Cannot read IP mode file for STMicroelectronics.FP-SNS-FLIGHT1.5.0.1
2023-07-12 11:15:08,239 [WARN] PackLoader:240 - Cannot read IP mode file for STMicroelectronics.X-CUBE-BLE1.6.2.4
2023-07-12 11:15:08,261 [WARN] PackLoader:240 - Cannot read IP mode file for STMicroelectronics.X-CUBE-DISPLAY.3.0.0
2023-07-12 11:15:08,293 [WARN] PackLoader:240 - Cannot read IP mode file for emotas.I-CUBE-CANOPEN.1.3.0
2023-07-12 11:15:08,306 [WARN] PackLoader:240 - Cannot read IP mode file for STMicroelectronics.X-CUBE-TOUCHGFX.4.22.0
