2023-07-12 11:15:08,332 [INFO] LogOutputStream:77 - [STDOUT_REDIRECT] 1 : Invalid condition id : UX_CORESTACK_Condition cause : null
2023-07-12 11:15:08,361 [INFO] LogOutputStream:77 - [STDOUT_REDIRECT] 1 : Invalid condition id : UX_CORESTACK_Condition cause : null
2023-07-12 11:15:08,365 [INFO] LogOutputStream:77 - [STDOUT_REDIRECT] 1 : Invalid condition id : UX_CORESTACK_Condition cause : null
2023-07-12 11:15:08,371 [INFO] LogOutputStream:77 - [STDOUT_REDIRECT] 1 : Invalid condition id : UX_CORESTACK_Condition cause : null
2023-07-12 11:15:08,375 [INFO] LogOutputStream:77 - [STDOUT_REDIRECT] 1 : Invalid condition id : UX_CORESTACK_Condition cause : null
2023-07-12 11:15:08,390 [WARN] PackLoader:240 - Cannot read IP mode file for STMicroelectronics.X-CUBE-AZRTOS-WL.2.0.0
2023-07-12 11:15:08,417 [WARN] PackLoader:240 - Cannot read IP mode file for WES.I-CUBE-Cesium.1.3.0
2023-07-12 11:15:08,431 [WARN] PackLoader:240 - Cannot read IP mode file for STMicroelectronics.X-CUBE-BLE2.3.3.0
2023-07-12 11:15:08,452 [WARN] PackLoader:240 - Cannot read IP mode file for STMicroelectronics.X-CUBE-ALGOBUILD.1.3.0
2023-07-12 11:15:08,503 [WARN] PackLoader:240 - Cannot read IP mode file for STMicroelectronics.X-CUBE-AZRTOS-G0.1.1.0
2023-07-12 11:15:08,527 [WARN] PackLoader:240 - Cannot read IP mode file for STMicroelectronics.X-CUBE-NFC4.3.0.0
2023-07-12 11:15:08,542 [WARN] PackLoader:240 - Cannot read IP mode file for STMicroelectronics.FP-ATR-SIGFOX1.3.2.0
2023-07-12 11:15:08,653 [WARN] PackLoader:240 - Cannot read IP mode file for SEGGER.I-CUBE-embOS.1.3.1
2023-07-12 11:15:08,789 [WARN] PackLoader:240 - Cannot read IP mode file for STMicroelectronics.X-CUBE-GNSS1.6.0.0
2023-07-12 11:15:08,842 [WARN] PackLoader:240 - Cannot read IP mode file for STMicroelectronics.X-CUBE-AZRTOS-F4.1.1.0
2023-07-12 11:15:08,864 [WARN] PackLoader:240 - Cannot read IP mode file for wolfSSL.I-CUBE-wolfSSL.5.6.3
2023-07-12 11:15:09,001 [WARN] PackLoader:240 - Cannot read IP mode file for STMicroelectronics.X-CUBE-MEMS1.9.6.0
2023-07-12 11:15:09,420 [WARN] PackLoader:240 - Cannot read IP mode file for STMicroelectronics.X-CUBE-BLEMGR.2.0.0
2023-07-12 11:15:09,573 [WARN] ConditionMgr:438 - getConditionDescription Invalid condition id : UX DEVICE CLASS RTOS Condition cause : null
2023-07-12 11:15:09,574 [WARN] ConditionMgr:438 - getConditionDescription Invalid condition id : UX DEVICE CLASS RTOS Condition cause : null
2023-07-12 11:15:09,585 [WARN] PackLoader:240 - Cannot read IP mode file for STMicroelectronics.X-CUBE-AZRTOS-H7.3.1.0
2023-07-12 11:15:09,588 [WARN] ConditionMgr:1039 - genDependencies : Invalid condition id : UX DEVICE CLASS RTOS Condition cause : null
2023-07-12 11:15:09,589 [WARN] ConditionMgr:1039 - genDependencies : Invalid condition id : UX DEVICE CLASS RTOS Condition cause : null
2023-07-12 11:15:09,593 [WARN] ConditionMgr:1039 - genDependencies : Invalid condition id : UX DEVICE CLASS RTOS Condition cause : null
2023-07-12 11:15:09,600 [WARN] ConditionMgr:1039 - genDependencies : Invalid condition id : UX DEVICE CLASS RTOS Condition cause : null
2023-07-12 11:15:09,600 [WARN] ConditionMgr:1039 - genDependencies : Invalid condition id : UX DEVICE CLASS RTOS Condition cause : null
2023-07-12 11:15:09,617 [WARN] PackLoader:240 - Cannot read IP mode file for STMicroelectronics.X-CUBE-NFC7.1.0.1
2023-07-12 11:15:09,633 [WARN] PackLoader:240 - Cannot read IP mode file for STMicroelectronics.X-CUBE-EEPRMA1.4.1.0
2023-07-12 11:15:09,685 [WARN] ConditionMgr:438 - getConditionDescription Invalid condition id : LAN8742 Phy interface Condition cause : null
2023-07-12 11:15:09,687 [WARN] PackLoader:240 - Cannot read IP mode file for STMicroelectronics.X-CUBE-AZRTOS-L4.2.0.0
2023-07-12 11:15:09,691 [WARN] ConditionMgr:1039 - genDependencies : Invalid condition id : LAN8742 Phy interface Condition cause : null
2023-07-12 11:15:09,692 [WARN] ConditionMgr:1039 - genDependencies : Invalid condition id : LAN8742 Phy interface Condition cause : null
2023-07-12 11:15:09,693 [WARN] ConditionMgr:1039 - genDependencies : Invalid condition id : LAN8742 Phy interface Condition cause : null
2023-07-12 11:15:09,712 [WARN] PackLoader:240 - Cannot read IP mode file for STMicroelectronics.X-CUBE-SFXS2LP1.4.0.0
2023-07-12 11:15:09,725 [WARN] PackLoader:240 - Cannot read IP mode file for STMicroelectronics.X-CUBE-ISPU.1.1.0
2023-07-12 11:15:09,739 [WARN] PackLoader:240 - Cannot read IP mode file for STMicroelectronics.X-CUBE-FREERTOS.1.0.1
2023-07-12 11:15:09,776 [WARN] PackLoader:240 - Cannot read IP mode file for STMicroelectronics.X-CUBE-AZRTOS-L5.1.1.0
2023-07-12 11:15:09,792 [WARN] PackLoader:240 - Cannot read IP mode file for STMicroelectronics.X-CUBE-AI.8.0.1
2023-07-12 11:15:09,816 [WARN] PackLoader:240 - Cannot read IP mode file for STMicroelectronics.X-CUBE-SUBG2.5.0.0
2023-07-12 11:15:09,859 [WARN] PackLoader:240 - Cannot read IP mode file for STMicroelectronics.X-CUBE-AZRTOS-G4.2.0.0
2023-07-12 11:15:09,886 [WARN] PackLoader:240 - Cannot read IP mode file for STMicroelectronics.X-CUBE-TOF1.3.3.0
2023-07-12 11:15:09,920 [WARN] PackLoader:240 - Cannot read IP mode file for portGmbH.I-Cube-SoM-uGOAL.1.1.0
2023-07-12 11:15:09,929 [WARN] PackLoader:240 - Cannot read IP mode file for STMicroelectronics.X-CUBE-ALS.1.0.1
2023-07-12 11:15:09,957 [WARN] PackLoader:240 - Cannot read IP mode file for STMicroelectronics.X-CUBE-AZRTOS-WB.1.1.0
2023-07-12 11:15:09,972 [WARN] PackLoader:240 - Cannot read IP mode file for STMicroelectronics.FP-ATR-ASTRA1.2.0.0
2023-07-12 11:15:09,974 [INFO] ThirdParty:978 - Integrity check success = true
2023-07-12 11:15:09,974 [INFO] IntegrityCheckThread:100 - exiting critical section [integrity check]
2023-07-12 11:15:09,974 [INFO] ThirdParty:873 - entering critical section [close project]
2023-07-12 11:15:09,975 [INFO] IntegrityCheckThread:103 - End integrity checks thread
2023-07-12 11:15:09,977 [INFO] ThirdParty:883 - exiting critical section [close project]
2023-07-12 11:15:09,985 [INFO] PinOutPanel:1499 - setPackage(No Configuration,No Configuration)
2023-07-12 11:15:09,999 [INFO] UtilMem:75 - Begin LoadConfig() Used Memory: 543993752 Bytes (796917760)
2023-07-12 11:15:10,002 [INFO] MicroXplorer:468 - Change Database Path : 
2023-07-12 11:15:10,003 [INFO] MicroXplorer:498 - Change Database Version : DB.6.0.81
2023-07-12 11:15:10,003 [INFO] OpenFileManager:308 - Change cursor
2023-07-12 11:15:10,086 [INFO] Mcu:1937 - Initializing MCU STM32F103Z(C-D-E)Tx STM32F103ZETx STM32F103ZET6
2023-07-12 11:15:13,279 [INFO] Context:659 - Trying to add GPIOservice into a context  which must be forbidden
2023-07-12 11:15:14,916 [INFO] RtosManager:555 - Registered RTOS mode: class=CMSIS, group=RTOS, mode=CMSIS_V1, owner=FREERTOS
2023-07-12 11:15:14,916 [INFO] RtosManager:555 - Registered RTOS mode: class=CMSIS, group=RTOS2, mode=CMSIS_V2, owner=FREERTOS
2023-07-12 11:15:14,917 [INFO] RtosManager:555 - Registered RTOS mode: class=RTOS, group=Core, mode=CMSIS_V1, owner=FREERTOS
2023-07-12 11:15:14,917 [INFO] RtosManager:555 - Registered RTOS mode: class=RTOS, group=Core, mode=CMSIS_V2, owner=FREERTOS
2023-07-12 11:15:14,918 [WARN] ModelIntegratedComponent:184 - Missing modes for component STMicroelectronics:FreeRTOS:0.0.1:STMicroelectronics:RTOS:FreeRTOS:Core:::10.2.0:
2023-07-12 11:15:15,022 [WARN] ModelIntegratedComponent:63 - No mode defined for component null
2023-07-12 11:15:15,022 [WARN] ModelIntegratedComponent:63 - No mode defined for component null
2023-07-12 11:15:15,023 [WARN] ModelIntegratedComponent:63 - No mode defined for component null
2023-07-12 11:15:15,023 [WARN] ModelIntegratedComponent:63 - No mode defined for component null
2023-07-12 11:15:15,023 [WARN] ModelIntegratedComponent:63 - No mode defined for component null
2023-07-12 11:15:15,023 [WARN] ModelIntegratedComponent:63 - No mode defined for component null
2023-07-12 11:15:15,023 [WARN] ModelIntegratedComponent:63 - No mode defined for component null
2023-07-12 11:15:15,024 [WARN] ModelIntegratedComponent:63 - No mode defined for component null
2023-07-12 11:15:15,024 [WARN] ModelIntegratedComponent:63 - No mode defined for component null
2023-07-12 11:15:15,024 [WARN] ModelIntegratedComponent:63 - No mode defined for component null
2023-07-12 11:15:15,024 [WARN] ModelIntegratedComponent:63 - No mode defined for component null
2023-07-12 11:15:15,024 [WARN] ModelIntegratedComponent:63 - No mode defined for component null
2023-07-12 11:15:15,025 [WARN] ModelIntegratedComponent:63 - No mode defined for component null
2023-07-12 11:15:15,025 [WARN] ModelIntegratedComponent:63 - No mode defined for component null
2023-07-12 11:15:15,025 [WARN] ModelIntegratedComponent:63 - No mode defined for component null
2023-07-12 11:15:15,025 [WARN] ModelIntegratedComponent:63 - No mode defined for component null
2023-07-12 11:15:15,025 [WARN] ModelIntegratedComponent:63 - No mode defined for component null
2023-07-12 11:15:15,025 [WARN] ModelIntegratedComponent:63 - No mode defined for component null
2023-07-12 11:15:15,026 [WARN] ModelIntegratedComponent:63 - No mode defined for component null
2023-07-12 11:15:15,026 [WARN] ModelIntegratedComponent:63 - No mode defined for component null
2023-07-12 11:15:15,026 [WARN] ModelIntegratedComponent:63 - No mode defined for component null
2023-07-12 11:15:15,026 [WARN] ModelIntegratedComponent:63 - No mode defined for component null
2023-07-12 11:15:15,026 [WARN] ModelIntegratedComponent:63 - No mode defined for component null
2023-07-12 11:15:15,026 [WARN] ModelIntegratedComponent:63 - No mode defined for component null
2023-07-12 11:15:15,026 [WARN] ModelIntegratedComponent:63 - No mode defined for component null
2023-07-12 11:15:15,027 [WARN] ModelIntegratedComponent:63 - No mode defined for component null
2023-07-12 11:15:15,027 [WARN] ModelIntegratedComponent:63 - No mode defined for component null
2023-07-12 11:15:15,027 [WARN] ModelIntegratedComponent:63 - No mode defined for component null
2023-07-12 11:15:15,027 [WARN] ModelIntegratedComponent:63 - No mode defined for component null
2023-07-12 11:15:15,027 [WARN] ModelIntegratedComponent:63 - No mode defined for component null
2023-07-12 11:15:15,027 [WARN] ModelIntegratedComponent:63 - No mode defined for component null
2023-07-12 11:15:15,028 [WARN] ModelIntegratedComponent:63 - No mode defined for component null
2023-07-12 11:15:15,028 [WARN] ModelIntegratedComponent:63 - No mode defined for component null
2023-07-12 11:15:15,094 [INFO] ThirdPartyModel:298 - Start build external matchings
2023-07-12 11:15:15,545 [INFO] ThirdPartyModel:316 - End build external matchings
2023-07-12 11:15:15,626 [INFO] ImportTextPane:194 - (OptionalMessage_ERROR) IP (RCC) : Parameter (ADCFreqValue) has invalid value (36000000)
2023-07-12 11:15:15,634 [INFO] ImportTextPane:194 - (OptionalMessage_ERROR) IP (RCC) : Invalid parameter (FamilyName)
2023-07-12 11:15:15,636 [INFO] ImportTextPane:194 - (OptionalMessage_ERROR) IP (RCC) : Parameter (MCOFreq_Value) has invalid value (72000000)
2023-07-12 11:15:15,637 [INFO] ImportTextPane:194 - (OptionalMessage_ERROR) IP (RCC) : Parameter (USBFreq_Value) has invalid value (72000000)
2023-07-12 11:15:16,470 [INFO] UtilMem:75 - End LoadConfig() Used Memory: 636617304 Bytes (796917760)
2023-07-12 11:15:17,309 [INFO] ApiDb:581 - Connected to CubeFinder SQLite database (C:\Users\C012\.stmcufinder\plugins\mcufinder\mcu\cube-finder-db.db)
2023-07-12 11:15:18,209 [INFO] ApiDb:668 - CubeFinder database Data Model version=2.1
2023-07-12 11:15:18,210 [INFO] ApiDb:669 - CubeFinder database Configuration version=3.0.35
2023-07-12 11:15:18,211 [INFO] ApiDb:670 - CubeFinder database generation date=2023-05-12 (1683877179)
2023-07-12 11:15:18,211 [INFO] ApiDb:671 - CubeFinder database FW Pack versions=[FP-ATR-ASTRA1_V2.0.0, FP-SNS-FLIGHT1_V5.0.0, FP-SNS-MOTENV1_V4.3.0, STM32Cube_FW_C0_V1.0.1, STM32Cube_FW_F0_V1.11.4, STM32Cube_FW_F3_V1.11.4, STM32Cube_FW_F4_V1.27.1, STM32Cube_FW_F7_V1.17.0, STM32Cube_FW_G0_V1.6.1, STM32Cube_FW_G4_V1.5.1, STM32Cube_FW_H5_V0.5.1, STM32Cube_FW_H5_V1.0.0, STM32Cube_FW_H7_V1.11.0, STM32Cube_FW_L0_V1.12.2, STM32Cube_FW_L5_V1.5.0, STM32Cube_FW_U5_V1.2.0, STM32Cube_FW_WBA_V1.0.0, STM32Cube_FW_WBA_V1.0.0RC1, STM32Cube_FW_WBA_V1.0.0RC3, STM32Cube_FW_WB_V1.15.0RC1, STM32Cube_FW_WB_V1.16.0, STM32Cube_FW_WB_V1.16.0RC2, STM32Cube_FW_WL_V1.3.0, X-CUBE-ALGOBUILD_V1.3.0, X-CUBE-ALS_V1.0.1, X-CUBE-AZRTOS-F4_V1.1.0, X-CUBE-AZRTOS-F7_V1.1.0, X-CUBE-AZRTOS-G0_V1.1.0, X-CUBE-AZRTOS-G4_V2.0.0, X-CUBE-AZRTOS-H7_V3.1.0, X-CUBE-AZRTOS-L4_V1.0.0, X-CUBE-AZRTOS-L5_V1.1.0, X-CUBE-AZRTOS-WB_V1.1.0, X-CUBE-AZRTOS-WL_V1.0.0, X-CUBE-BLE1_V6.2.4, X-CUBE-BLE2_V3.3.0, X-CUBE-BLEMGR_V2.0.0, X-CUBE-EEPRMA1_V4.1.0, X-CUBE-FREERTOS_V1.0.1, X-CUBE-GNSS1_V6.0.0, X-CUBE-MEMS1_V9.1.0, X-CUBE-MEMS1_V9.4.0, X-CUBE-MEMS1_V9.6.0, X-CUBE-NFC4_V3.0.0, X-CUBE-NFC7_V1.0.0, X-CUBE-SFXS2LP1_V4.0.0, X-CUBE-SUBG2_V5.0.0]
2023-07-12 11:15:30,114 [INFO] ApiDb:240 - Found 297 in-development CPN: [B-G473E-ZEST1S, B-WB1M-WPAN1, B-WL5M-SUBG1, NUCLEO-C031C6, NUCLEO-H503RB, NUCLEO-H563ZI, NUCLEO-U545RE-Q, NUCLEO-U5A5ZJ-Q, NUCLEO-WBA52CG, STEVAL-PROTEUS1, STEVAL-STWINBX1, STM320518-EVAL, STM32C0116-DK, STM32C011D6Y3TR, STM32C011D6Y6TR, STM32C011F4P3, STM32C011F4P6, STM32C011F4U3, STM32C011F4U6TR, STM32C011F6P3, STM32C011F6P6, STM32C011F6U3, STM32C011F6U6TR, STM32C011J4M3, STM32C011J4M6, STM32C011J6M3, STM32C011J6M6, STM32C0316-DK, STM32C031C4T3, STM32C031C4T6, STM32C031C4U3, STM32C031C4U6, STM32C031C6T3, STM32C031C6T6, STM32C031C6U3, STM32C031C6U6, STM32C031F4P3, STM32C031F4P6, STM32C031F6P3, STM32C031F6P6, STM32C031G4U3, STM32C031G4U6, STM32C031G6U3, STM32C031G6U6, STM32C031K4T3, STM32C031K4T6, STM32C031K4U3, STM32C031K4U6, STM32C031K6T3, STM32C031K6T6, STM32C031K6U3, STM32C031K6U6, STM32G071K8TXN, STM32G071K8UXN, STM32G081GBU6N, STM32G081KBT6N, STM32G081KBUXN, STM32G0B1CCT6N, STM32G0B1KCT6, STM32G0B1NEY6TR, STM32G0B1RCT6N, STM32G0C1CCT6, STM32G0C1CCT6N, STM32G0C1CCU6N, STM32G0C1CET6N, STM32G0C1CEU6N, STM32G0C1KCT6, STM32G0C1NEY6TR, STM32G0C1RCI6N, STM32G0C1RCT6N, STM32G0C1REI6N, STM32G0C1RET6N, STM32G0C1VCI6, STM32G0C1VEI6, STM32G471CCT6, STM32G471CCU6, STM32G471CET3, STM32G471CET6, STM32G471CEU3, STM32G471CEU6, STM32G471MCT6, STM32G471MET3, STM32G471MET6, STM32G471MEY6TR, STM32G471QCT6, STM32G471QET3, STM32G471RCT6, STM32G471RET3, STM32G471RET6, STM32G471VCH6, STM32G471VCI6, STM32G471VCT6, STM32G471VEH3, STM32G471VEH6, STM32G471VEI3, STM32G471VEI6, STM32G471VET3, STM32G471VET6, STM32G474CCT6, STM32H503CBT6, STM32H503CBU6, STM32H503EBY6TR, STM32H503KBU6, STM32H503RBT6, STM32H562AGI6, STM32H562AII6, STM32H562IGK6, STM32H562IGT6, STM32H562IIK6, STM32H562IIT6, STM32H562RGT6, STM32H562RGV6, STM32H562RIT6, STM32H562RIV6, STM32H562VGT6, STM32H562VIT6, STM32H562ZGT6, STM32H562ZIT6, STM32H563AGI6, STM32H563AII3Q, STM32H563AII6, STM32H563IGK6, STM32H563IGT6, STM32H563IIK3Q, STM32H563IIK6, STM32H563IIT3Q, STM32H563IIT6, STM32H563MIY3QTR, STM32H563RGT6, STM32H563RGV6, STM32H563RIT6, STM32H563RIV6, STM32H563VGT6, STM32H563VIT3Q, STM32H563VIT6, STM32H563ZGT6, STM32H563ZIT3Q, STM32H563ZIT6, STM32H573AII3Q, STM32H573AII6, STM32H573I-DK, STM32H573IIK3Q, STM32H573IIK6, STM32H573IIT3Q, STM32H573IIT6, STM32H573MIY3QTR, STM32H573RIT6, STM32H573RIV6, STM32H573VIT3Q, STM32H573VIT6, STM32H573ZIT3Q, STM32H573ZIT6, STM32L4R5QGI6STR, STM32MP131AAE3, STM32MP131AAF3, STM32MP131AAG3, STM32MP131CAE3, STM32MP131CAF3, STM32MP131CAG3, STM32MP131DAE7, STM32MP131DAF7, STM32MP131DAG7, STM32MP131FAE7, STM32MP131FAF7, STM32MP131FAG7, STM32MP133AAE3, STM32MP133AAF3, STM32MP133AAG3, STM32MP133CAE3, STM32MP133CAF3, STM32MP133CAG3, STM32MP133DAE7, STM32MP133DAF7, STM32MP133DAG7, STM32MP133FAE7, STM32MP133FAF7, STM32MP133FAG7, STM32MP135AAE3, STM32MP135AAF3, STM32MP135AAG3, STM32MP135CAE3, STM32MP135CAF3, STM32MP135CAG3, STM32MP135DAE7, STM32MP135DAF7, STM32MP135DAG7, STM32MP135F-DK, STM32MP135FAE7, STM32MP135FAF7, STM32MP135FAF7T, STM32MP135FAF7U, STM32MP135FAG7, STM32U535CBT6, STM32U535CBT6Q, STM32U535CBU6, STM32U535CBU6Q, STM32U535CCT6, STM32U535CCT6Q, STM32U535CCU6, STM32U535CCU6Q, STM32U535CET6, STM32U535CET6Q, STM32U535CEU6, STM32U535CEU6Q, STM32U535JEY6QTR, STM32U535NCY6QTR, STM32U535NEY6QTR, STM32U535RBI6, STM32U535RBI6Q, STM32U535RBT6, STM32U535RBT6Q, STM32U535RCI6, STM32U535RCI6Q, STM32U535RCT6, STM32U535RCT6Q, STM32U535REI6, STM32U535REI6Q, STM32U535RET6, STM32U535RET6Q, STM32U535VCI6, STM32U535VCI6Q, STM32U535VCT6, STM32U535VCT6Q, STM32U535VEI6, STM32U535VEI6Q, STM32U535VET6, STM32U535VET6Q, STM32U545CET6, STM32U545CET6Q, STM32U545CEU6, STM32U545CEU6Q, STM32U545JEY6QTR, STM32U545NEY6QTR, STM32U545REI6, STM32U545REI6Q, STM32U545RET6, STM32U545RET6Q, STM32U545VEI6, STM32U545VEI6Q, STM32U545VET6, STM32U545VET6Q, STM32U595AIH6, STM32U595AIH6Q, STM32U595AJH6, STM32U595AJH6Q, STM32U595QII6, STM32U595QII6Q, STM32U595QJI6, STM32U595QJI6Q, STM32U595RIT6, STM32U595RIT6Q, STM32U595RJT6, STM32U595RJT6Q, STM32U595VIT6, STM32U595VIT6Q, STM32U595VJT6, STM32U595VJT6Q, STM32U595ZIT6, STM32U595ZIT6Q, STM32U595ZIY6QTR, STM32U595ZJT6, STM32U595ZJT6Q, STM32U595ZJY6QTR, STM32U599BJY6QTR, STM32U599NIH6Q, STM32U599NJH6Q, STM32U599VIT6Q, STM32U599VJT6, STM32U599VJT6Q, STM32U599ZIT6Q, STM32U599ZIY6QTR, STM32U599ZJT6Q, STM32U599ZJY6QTR, STM32U5A5AJH6, STM32U5A5AJH6Q, STM32U5A5QJI6, STM32U5A5QJI6Q, STM32U5A5RJT6, STM32U5A5RJT6Q, STM32U5A5VJT6, STM32U5A5VJT6Q, STM32U5A5ZJT6, STM32U5A5ZJT6Q, STM32U5A5ZJY6QTR, STM32U5A9BJY6QTR, STM32U5A9J-DK, STM32U5A9NJH6Q, STM32U5A9VJT6Q, STM32U5A9ZJT6Q, STM32U5A9ZJY6QTR, STM32WB1MMCH6, STM32WBA52CEU6, STM32WBA52CEU6T, STM32WBA52CGU6, STM32WBA52CGU6T, STM32WL5MOCH6, STM32WL5MOCH6TR]
2023-07-12 11:15:30,130 [INFO] DbMcus:216 - Found 3775 MCUs, 3775 are supported
2023-07-12 11:15:30,141 [INFO] ApiDb:423 - Load user favorites file C:\Users\C012/.stm32cubeide/favorites.mcus.txt: 0 item(s)
2023-07-12 11:15:30,142 [INFO] ApiDb:427 - User favorites MCUs=[]
2023-07-12 11:15:30,143 [INFO] DbMcus:222 - Set 0 / 0 favorites MCUs
2023-07-12 11:15:32,316 [WARN] ThirdParty:833 - waiting for thirdparty lock release [change project]
2023-07-12 11:15:32,316 [INFO] ThirdParty:835 - entering critical section [change project]
2023-07-12 11:15:32,317 [INFO] ThirdParty:1030 - CMSIS Pack Vendor :STMicroelectronics X-CUBE-ISPU 1.1.0
2023-07-12 11:15:32,318 [INFO] ThirdParty:1030 - CMSIS Pack Vendor :STMicroelectronics X-CUBE-GNSS1 6.0.0
2023-07-12 11:15:32,318 [INFO] ThirdParty:1030 - CMSIS Pack Vendor :STMicroelectronics USB_HOST 2.0.0
2023-07-12 11:15:32,318 [INFO] ThirdParty:1030 - CMSIS Pack Vendor :STMicroelectronics X-CUBE-AZRTOS-F4 1.1.0
2023-07-12 11:15:32,319 [INFO] ThirdParty:1030 - CMSIS Pack Vendor :STMicroelectronics LIBJPEG 8.0.0
2023-07-12 11:15:32,319 [INFO] ThirdParty:1030 - CMSIS Pack Vendor :wolfSSL I-CUBE-wolfSSL 5.6.3
2023-07-12 11:15:32,320 [INFO] ThirdParty:1030 - CMSIS Pack Vendor :STMicroelectronics X-CUBE-SMBUS 2.1.0
2023-07-12 11:15:32,320 [INFO] ThirdParty:1030 - CMSIS Pack Vendor :STMicroelectronics USB_DEVICE 3.0.0
2023-07-12 11:15:32,320 [INFO] ThirdParty:1030 - CMSIS Pack Vendor :STMicroelectronics X-CUBE-FREERTOS 1.0.1
2023-07-12 11:15:32,320 [INFO] ThirdParty:1030 - CMSIS Pack Vendor :STMicroelectronics X-CUBE-AZRTOS-F7 1.1.0
2023-07-12 11:15:32,321 [INFO] ThirdParty:1030 - CMSIS Pack Vendor :STMicroelectronics USB_DEVICE 2.0.0
2023-07-12 11:15:32,321 [INFO] ThirdParty:1030 - CMSIS Pack Vendor :STMicroelectronics X-CUBE-MEMS1 9.6.0
2023-07-12 11:15:32,322 [INFO] ThirdParty:1030 - CMSIS Pack Vendor :STMicroelectronics FP-SNS-MOTENV1 4.3.2
2023-07-12 11:15:32,322 [INFO] ThirdParty:1030 - CMSIS Pack Vendor :STMicroelectronics FP-SNS-FLIGHT1 5.0.1
2023-07-12 11:15:32,323 [INFO] ThirdParty:1030 - CMSIS Pack Vendor :STMicroelectronics X-CUBE-ALGOBUILD 1.3.0
2023-07-12 11:15:32,323 [INFO] ThirdParty:1030 - CMSIS Pack Vendor :STMicroelectronics X-CUBE-BLE1 6.2.4
2023-07-12 11:15:32,323 [INFO] ThirdParty:1030 - CMSIS Pack Vendor :STMicroelectronics X-CUBE-AZRTOS-L5 1.1.0
2023-07-12 11:15:32,324 [INFO] ThirdParty:1030 - CMSIS Pack Vendor :STMicroelectronics FreeRTOS 0.0.1
2023-07-12 11:15:32,325 [INFO] ThirdParty:1030 - CMSIS Pack Vendor :STMicroelectronics X-CUBE-AZRTOS-G0 1.1.0
2023-07-12 11:15:32,325 [INFO] ThirdParty:1030 - CMSIS Pack Vendor :STMicroelectronics X-CUBE-BLEMGR 2.0.0
2023-07-12 11:15:32,326 [INFO] ThirdParty:1030 - CMSIS Pack Vendor :STMicroelectronics X-CUBE-AI 8.0.1
2023-07-12 11:15:32,327 [INFO] ThirdParty:1030 - CMSIS Pack Vendor :STMicroelectronics X-CUBE-NFC4 3.0.0
2023-07-12 11:15:32,333 [INFO] ThirdParty:1030 - CMSIS Pack Vendor :STMicroelectronics X-CUBE-SUBG2 5.0.0
2023-07-12 11:15:32,333 [INFO] ThirdParty:1030 - CMSIS Pack Vendor :STMicroelectronics STM32_WPAN 1.0.0
2023-07-12 11:15:32,334 [INFO] ThirdParty:1030 - CMSIS Pack Vendor :STMicroelectronics lwIP 2.0.3
2023-07-12 11:15:32,334 [INFO] ThirdParty:1030 - CMSIS Pack Vendor :STMicroelectronics USB_HOST 1.0.0
2023-07-12 11:15:32,334 [INFO] ThirdParty:1030 - CMSIS Pack Vendor :STMicroelectronics X-CUBE-AZRTOS-G4 2.0.0
2023-07-12 11:15:32,335 [INFO] ThirdParty:1030 - CMSIS Pack Vendor :STMicroelectronics PDM2PCM 3.1.0
2023-07-12 11:15:32,335 [INFO] ThirdParty:1030 - CMSIS Pack Vendor :STMicroelectronics X-CUBE-AZRTOS-H7 3.1.0
2023-07-12 11:15:32,335 [INFO] ThirdParty:1030 - CMSIS Pack Vendor :STMicroelectronics X-CUBE-TOF1 3.3.0
2023-07-12 11:15:32,336 [INFO] ThirdParty:1030 - CMSIS Pack Vendor :STMicroelectronics PDM2PCM 3.3.0
2023-07-12 11:15:32,336 [INFO] ThirdParty:1030 - CMSIS Pack Vendor :STMicroelectronics X-CUBE-DISPLAY 3.0.0
2023-07-12 11:15:32,337 [INFO] ThirdParty:1030 - CMSIS Pack Vendor :STMicroelectronics FP-ATR-SIGFOX1 3.2.0
2023-07-12 11:15:32,337 [INFO] ThirdParty:1030 - CMSIS Pack Vendor :STMicroelectronics HAL Drivers 0.0.0
2023-07-12 11:15:32,337 [INFO] ThirdParty:1030 - CMSIS Pack Vendor :STMicroelectronics MBEDTLS 2.16.2
2023-07-12 11:15:32,337 [INFO] ThirdParty:1030 - CMSIS Pack Vendor :emotas I-CUBE-CANOPEN 1.3.0
2023-07-12 11:15:32,338 [INFO] ThirdParty:1030 - CMSIS Pack Vendor :STMicroelectronics X-CUBE-TOUCHGFX 4.22.0
2023-07-12 11:15:32,338 [INFO] ThirdParty:1030 - CMSIS Pack Vendor :STMicroelectronics X-CUBE-NFC7 1.0.1
2023-07-12 11:15:32,339 [INFO] ThirdParty:1030 - CMSIS Pack Vendor :STMicroelectronics MBEDTLS 2.14.1
2023-07-12 11:15:32,339 [INFO] ThirdParty:1030 - CMSIS Pack Vendor :STMicroelectronics X-CUBE-EEPRMA1 4.1.0
2023-07-12 11:15:32,339 [INFO] ThirdParty:1030 - CMSIS Pack Vendor :portGmbH I-Cube-SoM-uGOAL 1.1.0
2023-07-12 11:15:32,340 [INFO] ThirdParty:1030 - CMSIS Pack Vendor :STMicroelectronics X-CUBE-ALS 1.0.1
2023-07-12 11:15:32,340 [INFO] ThirdParty:1030 - CMSIS Pack Vendor :STMicroelectronics ThreadX 1.0.0
2023-07-12 11:15:32,340 [INFO] ThirdParty:1030 - CMSIS Pack Vendor :STMicroelectronics X-CUBE-AZRTOS-WB 1.1.0
2023-07-12 11:15:32,341 [INFO] ThirdParty:1030 - CMSIS Pack Vendor :STMicroelectronics X-CUBE-AZRTOS-WL 2.0.0
2023-07-12 11:15:32,341 [INFO] ThirdParty:1030 - CMSIS Pack Vendor :SEGGER I-CUBE-embOS 1.3.1
2023-07-12 11:15:32,341 [INFO] ThirdParty:1030 - CMSIS Pack Vendor :STMicroelectronics USB_DEVICE 1.0.0
2023-07-12 11:15:32,342 [INFO] ThirdParty:1030 - CMSIS Pack Vendor :STMicroelectronics X-CUBE-AZRTOS-L4 2.0.0
2023-07-12 11:15:32,342 [INFO] ThirdParty:1030 - CMSIS Pack Vendor :STMicroelectronics ThreadX 0.0.2
2023-07-12 11:15:32,342 [INFO] ThirdParty:1030 - CMSIS Pack Vendor :WES I-CUBE-Cesium 1.3.0
2023-07-12 11:15:32,342 [INFO] ThirdParty:1030 - CMSIS Pack Vendor :STMicroelectronics FP-ATR-ASTRA1 2.0.0
2023-07-12 11:15:32,343 [INFO] ThirdParty:1030 - CMSIS Pack Vendor :STMicroelectronics lwIP 2.1.2
2023-07-12 11:15:32,343 [INFO] ThirdParty:1030 - CMSIS Pack Vendor :STMicroelectronics X-CUBE-SFXS2LP1 4.0.0
2023-07-12 11:15:32,343 [INFO] ThirdParty:1030 - CMSIS Pack Vendor :STMicroelectronics X-CUBE-BLE2 3.3.0
2023-07-12 11:15:32,344 [INFO] ThirdParty:1030 - CMSIS Pack Vendor :STMicroelectronics PDM2PCM 3.2.0
2023-07-12 11:15:32,345 [INFO] ThirdParty:841 - exiting critical section [change project]
2023-07-12 11:15:35,988 [INFO] PinOutPanel:1499 - setPackage(No Configuration,No Configuration)
2023-07-12 11:15:35,996 [INFO] PinOutPanel:1499 - setPackage(STM32F103ZETx,LQFP144)
2023-07-12 11:15:41,218 [INFO] UtilMem:75 - Before build in PCC Used Memory: 602454864 Bytes (796917760)
2023-07-12 11:15:47,044 [INFO] UtilMem:75 - After build in PCC Used Memory: 533509872 Bytes (796917760)
2023-07-12 11:15:47,292 [INFO] IPUIPlugin:80 - create IPUIPlugin
2023-07-12 11:15:47,293 [INFO] IPUIPlugin:80 - create IPUIPlugin
2023-07-12 11:15:47,293 [INFO] IPUIPlugin:80 - create IPUIPlugin
2023-07-12 11:15:47,294 [INFO] IPUIPlugin:80 - create IPUIPlugin
2023-07-12 11:15:47,296 [INFO] IPUIPlugin:80 - create IPUIPlugin
2023-07-12 11:15:47,305 [INFO] IPUIPlugin:80 - create IPUIPlugin
2023-07-12 11:15:47,306 [INFO] IPUIPlugin:80 - create IPUIPlugin
2023-07-12 11:15:47,307 [INFO] IPUIPlugin:80 - create IPUIPlugin
2023-07-12 11:15:47,308 [INFO] IPUIPlugin:80 - create IPUIPlugin
2023-07-12 11:15:47,308 [INFO] IPUIPlugin:80 - create IPUIPlugin
2023-07-12 11:15:47,309 [INFO] IPUIPlugin:80 - create IPUIPlugin
2023-07-12 11:15:47,310 [INFO] IPUIPlugin:80 - create IPUIPlugin
2023-07-12 11:15:47,311 [INFO] IPUIPlugin:80 - create IPUIPlugin
2023-07-12 11:15:47,312 [INFO] IPUIPlugin:80 - create IPUIPlugin
2023-07-12 11:15:47,314 [INFO] IPUIPlugin:80 - create IPUIPlugin
2023-07-12 11:15:47,316 [INFO] IPUIPlugin:80 - create IPUIPlugin
2023-07-12 11:15:47,318 [INFO] IPUIPlugin:80 - create IPUIPlugin
2023-07-12 11:15:47,320 [INFO] IPUIPlugin:80 - create IPUIPlugin
2023-07-12 11:15:47,322 [INFO] IPUIPlugin:80 - create IPUIPlugin
2023-07-12 11:15:47,324 [INFO] IPUIPlugin:80 - create IPUIPlugin
2023-07-12 11:15:47,326 [INFO] IPUIPlugin:80 - create IPUIPlugin
2023-07-12 11:15:47,328 [INFO] IPUIPlugin:80 - create IPUIPlugin
2023-07-12 11:15:47,330 [INFO] IPUIPlugin:80 - create IPUIPlugin
2023-07-12 11:15:47,332 [INFO] IPUIPlugin:80 - create IPUIPlugin
2023-07-12 11:15:47,334 [INFO] IPUIPlugin:80 - create IPUIPlugin
2023-07-12 11:15:47,336 [INFO] IPUIPlugin:80 - create IPUIPlugin
2023-07-12 11:15:47,338 [INFO] IPUIPlugin:80 - create IPUIPlugin
2023-07-12 11:15:47,340 [INFO] IPUIPlugin:80 - create IPUIPlugin
2023-07-12 11:15:47,342 [INFO] IPUIPlugin:80 - create IPUIPlugin
2023-07-12 11:15:47,344 [INFO] IPUIPlugin:80 - create IPUIPlugin
2023-07-12 11:15:47,345 [INFO] IPUIPlugin:80 - create IPUIPlugin
2023-07-12 11:15:47,347 [INFO] IPUIPlugin:80 - create IPUIPlugin
2023-07-12 11:15:47,349 [INFO] IPUIPlugin:80 - create IPUIPlugin
2023-07-12 11:15:47,352 [INFO] IPUIPlugin:80 - create IPUIPlugin
2023-07-12 11:15:47,354 [INFO] IPUIPlugin:80 - create IPUIPlugin
2023-07-12 11:15:47,356 [INFO] IPUIPlugin:80 - create IPUIPlugin
2023-07-12 11:15:47,359 [INFO] IPUIPlugin:80 - create IPUIPlugin
2023-07-12 11:15:47,361 [INFO] IPUIPlugin:80 - create IPUIPlugin
2023-07-12 11:15:47,364 [INFO] IPUIPlugin:80 - create IPUIPlugin
2023-07-12 11:15:47,366 [INFO] IPUIPlugin:80 - create IPUIPlugin
2023-07-12 11:15:48,971 [INFO] CADModel:165 - CPN selected for project levelSTM32F103ZET6
2023-07-12 11:15:48,972 [INFO] CADModel:114 - Register for checkConnection events
2023-07-12 11:15:49,074 [INFO] OpenFileManager:328 - Restore cursor
2023-07-12 11:16:01,091 [INFO] UtilMem:75 - End SaveConfig() Used Memory: 603386704 Bytes (796917760)
2023-07-12 11:16:06,031 [INFO] BlockDiagram:2759 - set Specific Code input for plugin: SPI
2023-07-12 11:16:06,032 [INFO] BlockDiagram:2759 - set Specific Code input for plugin: FSMC
2023-07-12 11:16:06,032 [INFO] BlockDiagram:2759 - set Specific Code input for plugin: NVIC
2023-07-12 11:16:06,033 [INFO] BlockDiagram:2759 - set Specific Code input for plugin: USART
2023-07-12 11:16:06,039 [INFO] BlockDiagram:2759 - set Specific Code input for plugin: GPIO
2023-07-12 11:16:06,040 [INFO] BlockDiagram:2759 - set Specific Code input for plugin: RCC
2023-07-12 11:16:06,049 [INFO] CodeGenerator:793 - code generatio: config db path: D:\ykl\STM32CubeIDE_1.12.1\STM32CubeIDE\plugins\com.st.stm32cube.common.mx_6.8.1.202304191431\\db\
2023-07-12 11:16:09,824 [INFO] CodeEngine:255 - oldGeneratedFile, D:\ykl\STM32CubeIDE_1.12.1\workspace\RTC\MXTmpFiles\license.tmp_save
2023-07-12 11:16:12,606 [INFO] CodeEngine:279 - Generated code: D:\ykl\STM32CubeIDE_1.12.1\workspace\RTC\MXTmpFiles\license.tmp
2023-07-12 11:16:13,574 [INFO] CodeEngine:255 - oldGeneratedFile, D:\ykl\STM32CubeIDE_1.12.1\workspace\RTC\Core\Src\gpio.c_save
2023-07-12 11:16:14,950 [INFO] CodeEngine:279 - Generated code: D:\ykl\STM32CubeIDE_1.12.1\workspace\RTC\Core\Src\gpio.c
2023-07-12 11:16:14,988 [INFO] CodeEngine:255 - oldGeneratedFile, D:\ykl\STM32CubeIDE_1.12.1\workspace\RTC\Core\Inc\gpio.h_save
2023-07-12 11:16:15,713 [INFO] CodeEngine:279 - Generated code: D:\ykl\STM32CubeIDE_1.12.1\workspace\RTC\Core\Inc\gpio.h
2023-07-12 11:16:17,377 [INFO] CodeEngine:255 - oldGeneratedFile, D:\ykl\STM32CubeIDE_1.12.1\workspace\RTC\Core\Src\fsmc.c_save
2023-07-12 11:16:17,674 [INFO] CodeEngine:279 - Generated code: D:\ykl\STM32CubeIDE_1.12.1\workspace\RTC\Core\Src\fsmc.c
2023-07-12 11:16:17,688 [INFO] CodeEngine:255 - oldGeneratedFile, D:\ykl\STM32CubeIDE_1.12.1\workspace\RTC\Core\Inc\fsmc.h_save
2023-07-12 11:16:17,908 [INFO] CodeEngine:279 - Generated code: D:\ykl\STM32CubeIDE_1.12.1\workspace\RTC\Core\Inc\fsmc.h
2023-07-12 11:16:17,932 [INFO] CodeEngine:255 - oldGeneratedFile, D:\ykl\STM32CubeIDE_1.12.1\workspace\RTC\Core\Src\spi.c_save
2023-07-12 11:16:18,337 [INFO] CodeEngine:279 - Generated code: D:\ykl\STM32CubeIDE_1.12.1\workspace\RTC\Core\Src\spi.c
2023-07-12 11:16:18,352 [INFO] CodeEngine:255 - oldGeneratedFile, D:\ykl\STM32CubeIDE_1.12.1\workspace\RTC\Core\Inc\spi.h_save
2023-07-12 11:16:18,590 [INFO] CodeEngine:279 - Generated code: D:\ykl\STM32CubeIDE_1.12.1\workspace\RTC\Core\Inc\spi.h
2023-07-12 11:16:18,614 [INFO] CodeEngine:255 - oldGeneratedFile, D:\ykl\STM32CubeIDE_1.12.1\workspace\RTC\Core\Src\usart.c_save
2023-07-12 11:16:18,977 [INFO] CodeEngine:279 - Generated code: D:\ykl\STM32CubeIDE_1.12.1\workspace\RTC\Core\Src\usart.c
2023-07-12 11:16:18,991 [INFO] CodeEngine:255 - oldGeneratedFile, D:\ykl\STM32CubeIDE_1.12.1\workspace\RTC\Core\Inc\usart.h_save
2023-07-12 11:16:19,213 [INFO] CodeEngine:279 - Generated code: D:\ykl\STM32CubeIDE_1.12.1\workspace\RTC\Core\Inc\usart.h
2023-07-12 11:16:19,263 [INFO] CodeEngine:255 - oldGeneratedFile, D:\ykl\STM32CubeIDE_1.12.1\workspace\RTC\Core\Src\stm32f1xx_it.c_save
2023-07-12 11:16:19,549 [INFO] CodeEngine:279 - Generated code: D:\ykl\STM32CubeIDE_1.12.1\workspace\RTC\Core\Src\stm32f1xx_it.c
2023-07-12 11:16:19,563 [INFO] CodeEngine:255 - oldGeneratedFile, D:\ykl\STM32CubeIDE_1.12.1\workspace\RTC\Core\Inc\stm32f1xx_it.h_save
2023-07-12 11:16:19,752 [INFO] CodeEngine:279 - Generated code: D:\ykl\STM32CubeIDE_1.12.1\workspace\RTC\Core\Inc\stm32f1xx_it.h
2023-07-12 11:16:19,972 [INFO] CodeEngine:255 - oldGeneratedFile, D:\ykl\STM32CubeIDE_1.12.1\workspace\RTC\Core\Src\stm32f1xx_hal_msp.c_save
2023-07-12 11:16:20,222 [INFO] CodeEngine:279 - Generated code: D:\ykl\STM32CubeIDE_1.12.1\workspace\RTC\Core\Src\stm32f1xx_hal_msp.c
2023-07-12 11:16:20,232 [INFO] CodeEngine:255 - oldGeneratedFile, D:\ykl\STM32CubeIDE_1.12.1\workspace\RTC\MXTmpFiles\system.tmp_save
2023-07-12 11:16:20,407 [INFO] CodeEngine:279 - Generated code: D:\ykl\STM32CubeIDE_1.12.1\workspace\RTC\MXTmpFiles\system.tmp
2023-07-12 11:16:20,425 [INFO] CodeEngine:311 - oldGeneratedFile, D:\ykl\STM32CubeIDE_1.12.1\workspace\RTC\Core\Inc\stm32f1xx_hal_conf.h_save
2023-07-12 11:16:20,615 [INFO] CodeEngine:335 - Generated code: D:\ykl\STM32CubeIDE_1.12.1\workspace\RTC\Core\Inc\stm32f1xx_hal_conf.h
2023-07-12 11:16:20,697 [INFO] CodeEngine:255 - oldGeneratedFile, D:\ykl\STM32CubeIDE_1.12.1\workspace\RTC\Core\Inc\main.h_save
2023-07-12 11:16:20,920 [INFO] CodeEngine:279 - Generated code: D:\ykl\STM32CubeIDE_1.12.1\workspace\RTC\Core\Inc\main.h
2023-07-12 11:16:20,932 [INFO] CodeEngine:255 - oldGeneratedFile, D:\ykl\STM32CubeIDE_1.12.1\workspace\RTC\Core\Src\main.c_save
2023-07-12 11:16:21,328 [INFO] CodeEngine:279 - Generated code: D:\ykl\STM32CubeIDE_1.12.1\workspace\RTC\Core\Src\main.c
2023-07-12 11:16:24,120 [INFO] ProjectBuilder:2996 - Time for Copy HAL[1] : 491mS.
2023-07-12 11:16:24,169 [INFO] ProjectBuilder:4304 - Project Generator version: 3.19.2
2023-07-12 11:16:25,782 [INFO] ConfigFileManager:1483 - The Die is : DIE414
2023-07-12 11:16:25,818 [INFO] ApiDbMcu:507 - Load IP Config File for FATFS
2023-07-12 11:16:25,847 [INFO] ApiDbMcu:507 - Load IP Config File for FREERTOS
2023-07-12 11:16:26,182 [INFO] ApiDbMcu:507 - Load IP Config File for USB_DEVICE
2023-07-12 11:16:31,018 [INFO] LogOutputStream:77 - [STDOUT_REDIRECT] 
2023-07-12 11:16:38,096 [INFO] ProjectBuilder:4505 - Time for Generating toolchain IDE Files: 13928mS.
2023-07-12 11:16:38,100 [INFO] ProjectBuilder:2867 - Time for Copy CMSIS : 2mS.
2023-07-12 11:16:38,104 [INFO] ProjectBuilder:2867 - Time for Copy CMSIS : 0mS.
2023-07-12 11:36:43,250 [INFO] NvicIntPanel:101 - NVIC parent = com.st.microxplorer.plugins.ip.nvic.MultiNvicIntPanel[,0,0,0x0,invalid,layout=javax.swing.BoxLayout,alignmentX=0.0,alignmentY=0.0,border=,flags=9,maximumSize=,minimumSize=,preferredSize=]
2023-07-12 11:36:48,024 [INFO] NvicIntPanel:101 - NVIC parent = com.st.microxplorer.plugins.ip.nvic.MultiNvicIntPanel[,0,0,0x0,invalid,layout=javax.swing.BoxLayout,alignmentX=0.0,alignmentY=0.0,border=,flags=9,maximumSize=,minimumSize=,preferredSize=]
2023-07-12 11:36:58,759 [INFO] NvicIntPanel:101 - NVIC parent = com.st.microxplorer.plugins.ip.nvic.MultiNvicIntPanel[,0,0,0x0,invalid,layout=javax.swing.BoxLayout,alignmentX=0.0,alignmentY=0.0,border=,flags=9,maximumSize=,minimumSize=,preferredSize=]
2023-07-12 11:37:37,018 [INFO] NvicIntPanel:101 - NVIC parent = com.st.microxplorer.plugins.ip.nvic.MultiNvicIntPanel[,0,0,0x0,invalid,layout=javax.swing.BoxLayout,alignmentX=0.0,alignmentY=0.0,border=,flags=9,maximumSize=,minimumSize=,preferredSize=]
2023-07-12 11:37:38,044 [INFO] NvicIntPanel:101 - NVIC parent = com.st.microxplorer.plugins.ip.nvic.MultiNvicIntPanel[,0,0,0x0,invalid,layout=javax.swing.BoxLayout,alignmentX=0.0,alignmentY=0.0,border=,flags=9,maximumSize=,minimumSize=,preferredSize=]
2023-07-12 11:37:39,144 [INFO] NvicIntPanel:101 - NVIC parent = com.st.microxplorer.plugins.ip.nvic.MultiNvicIntPanel[,0,0,0x0,invalid,layout=javax.swing.BoxLayout,alignmentX=0.0,alignmentY=0.0,border=,flags=9,maximumSize=,minimumSize=,preferredSize=]
2023-07-12 11:37:39,577 [INFO] NvicIntPanel:101 - NVIC parent = com.st.microxplorer.plugins.ip.nvic.MultiNvicIntPanel[,0,0,0x0,invalid,layout=javax.swing.BoxLayout,alignmentX=0.0,alignmentY=0.0,border=,flags=9,maximumSize=,minimumSize=,preferredSize=]
2023-07-12 11:37:59,452 [INFO] NvicIntPanel:101 - NVIC parent = com.st.microxplorer.plugins.ip.nvic.MultiNvicIntPanel[,0,0,0x0,invalid,layout=javax.swing.BoxLayout,alignmentX=0.0,alignmentY=0.0,border=,flags=9,maximumSize=,minimumSize=,preferredSize=]
2023-07-12 11:38:06,814 [INFO] NvicIntPanel:101 - NVIC parent = com.st.microxplorer.plugins.ip.nvic.MultiNvicIntPanel[,0,0,0x0,invalid,layout=javax.swing.BoxLayout,alignmentX=0.0,alignmentY=0.0,border=,flags=9,maximumSize=,minimumSize=,preferredSize=]
2023-07-12 11:38:14,806 [INFO] NvicIntPanel:101 - NVIC parent = com.st.microxplorer.plugins.ip.nvic.MultiNvicIntPanel[,0,0,0x0,invalid,layout=javax.swing.BoxLayout,alignmentX=0.0,alignmentY=0.0,border=,flags=9,maximumSize=,minimumSize=,preferredSize=]
2023-07-12 11:38:45,396 [INFO] NvicIntPanel:101 - NVIC parent = com.st.microxplorer.plugins.ip.nvic.MultiNvicIntPanel[,0,0,0x0,invalid,layout=javax.swing.BoxLayout,alignmentX=0.0,alignmentY=0.0,border=,flags=9,maximumSize=,minimumSize=,preferredSize=]
2023-07-12 11:38:51,231 [INFO] NvicIntPanel:101 - NVIC parent = com.st.microxplorer.plugins.ip.nvic.MultiNvicIntPanel[,0,0,0x0,invalid,layout=javax.swing.BoxLayout,alignmentX=0.0,alignmentY=0.0,border=,flags=9,maximumSize=,minimumSize=,preferredSize=]
2023-07-12 11:38:58,357 [INFO] NvicIntPanel:101 - NVIC parent = com.st.microxplorer.plugins.ip.nvic.MultiNvicIntPanel[,0,0,0x0,invalid,layout=javax.swing.BoxLayout,alignmentX=0.0,alignmentY=0.0,border=,flags=9,maximumSize=,minimumSize=,preferredSize=]
2023-07-12 11:39:17,994 [INFO] NvicIntPanel:101 - NVIC parent = com.st.microxplorer.plugins.ip.nvic.MultiNvicIntPanel[,0,0,0x0,invalid,layout=javax.swing.BoxLayout,alignmentX=0.0,alignmentY=0.0,border=,flags=9,maximumSize=,minimumSize=,preferredSize=]
2023-07-12 11:50:03,755 [INFO] UtilMem:75 - End SaveConfig() Used Memory: 612408528 Bytes (983564288)
2023-07-12 11:50:05,733 [INFO] UtilMem:75 - End SaveConfig() Used Memory: 577407464 Bytes (983564288)
2023-07-12 11:50:06,341 [INFO] BlockDiagram:2759 - set Specific Code input for plugin: RTC
2023-07-12 11:50:06,341 [INFO] BlockDiagram:2759 - set Specific Code input for plugin: SPI
2023-07-12 11:50:06,341 [INFO] BlockDiagram:2759 - set Specific Code input for plugin: FSMC
2023-07-12 11:50:06,341 [INFO] BlockDiagram:2759 - set Specific Code input for plugin: NVIC
2023-07-12 11:50:06,341 [INFO] BlockDiagram:2759 - set Specific Code input for plugin: USART
2023-07-12 11:50:06,342 [INFO] BlockDiagram:2759 - set Specific Code input for plugin: GPIO
2023-07-12 11:50:06,342 [INFO] BlockDiagram:2759 - set Specific Code input for plugin: RCC
2023-07-12 11:50:06,344 [INFO] CodeGenerator:793 - code generatio: config db path: D:\ykl\STM32CubeIDE_1.12.1\STM32CubeIDE\plugins\com.st.stm32cube.common.mx_6.8.1.202304191431\\db\
2023-07-12 11:50:07,317 [INFO] CodeEngine:255 - oldGeneratedFile, D:\ykl\STM32CubeIDE_1.12.1\workspace\RTC\MXTmpFiles\license.tmp_save
2023-07-12 11:50:07,693 [INFO] CodeEngine:279 - Generated code: D:\ykl\STM32CubeIDE_1.12.1\workspace\RTC\MXTmpFiles\license.tmp
2023-07-12 11:50:07,802 [INFO] CodeEngine:255 - oldGeneratedFile, D:\ykl\STM32CubeIDE_1.12.1\workspace\RTC\Core\Src\gpio.c_save
2023-07-12 11:50:08,131 [INFO] CodeEngine:279 - Generated code: D:\ykl\STM32CubeIDE_1.12.1\workspace\RTC\Core\Src\gpio.c
2023-07-12 11:50:08,141 [INFO] CodeEngine:255 - oldGeneratedFile, D:\ykl\STM32CubeIDE_1.12.1\workspace\RTC\Core\Inc\gpio.h_save
2023-07-12 11:50:08,325 [INFO] CodeEngine:279 - Generated code: D:\ykl\STM32CubeIDE_1.12.1\workspace\RTC\Core\Inc\gpio.h
2023-07-12 11:50:08,807 [INFO] CodeEngine:255 - oldGeneratedFile, D:\ykl\STM32CubeIDE_1.12.1\workspace\RTC\Core\Src\fsmc.c_save
2023-07-12 11:50:09,122 [INFO] CodeEngine:279 - Generated code: D:\ykl\STM32CubeIDE_1.12.1\workspace\RTC\Core\Src\fsmc.c
2023-07-12 11:50:09,131 [INFO] CodeEngine:255 - oldGeneratedFile, D:\ykl\STM32CubeIDE_1.12.1\workspace\RTC\Core\Inc\fsmc.h_save
2023-07-12 11:50:09,305 [INFO] CodeEngine:279 - Generated code: D:\ykl\STM32CubeIDE_1.12.1\workspace\RTC\Core\Inc\fsmc.h
2023-07-12 11:50:09,325 [INFO] CodeEngine:255 - oldGeneratedFile, D:\ykl\STM32CubeIDE_1.12.1\workspace\RTC\Core\Src\rtc.c_save
2023-07-12 11:50:09,725 [INFO] CodeEngine:279 - Generated code: D:\ykl\STM32CubeIDE_1.12.1\workspace\RTC\Core\Src\rtc.c
2023-07-12 11:50:09,734 [INFO] CodeEngine:255 - oldGeneratedFile, D:\ykl\STM32CubeIDE_1.12.1\workspace\RTC\Core\Inc\rtc.h_save
2023-07-12 11:50:09,932 [INFO] CodeEngine:279 - Generated code: D:\ykl\STM32CubeIDE_1.12.1\workspace\RTC\Core\Inc\rtc.h
2023-07-12 11:50:09,957 [INFO] CodeEngine:255 - oldGeneratedFile, D:\ykl\STM32CubeIDE_1.12.1\workspace\RTC\Core\Src\spi.c_save
2023-07-12 11:50:10,298 [INFO] CodeEngine:279 - Generated code: D:\ykl\STM32CubeIDE_1.12.1\workspace\RTC\Core\Src\spi.c
2023-07-12 11:50:10,311 [INFO] CodeEngine:255 - oldGeneratedFile, D:\ykl\STM32CubeIDE_1.12.1\workspace\RTC\Core\Inc\spi.h_save
2023-07-12 11:50:10,516 [INFO] CodeEngine:279 - Generated code: D:\ykl\STM32CubeIDE_1.12.1\workspace\RTC\Core\Inc\spi.h
2023-07-12 11:50:10,540 [INFO] CodeEngine:255 - oldGeneratedFile, D:\ykl\STM32CubeIDE_1.12.1\workspace\RTC\Core\Src\usart.c_save
2023-07-12 11:50:10,819 [INFO] CodeEngine:279 - Generated code: D:\ykl\STM32CubeIDE_1.12.1\workspace\RTC\Core\Src\usart.c
2023-07-12 11:50:10,828 [INFO] CodeEngine:255 - oldGeneratedFile, D:\ykl\STM32CubeIDE_1.12.1\workspace\RTC\Core\Inc\usart.h_save
2023-07-12 11:50:10,970 [INFO] CodeEngine:279 - Generated code: D:\ykl\STM32CubeIDE_1.12.1\workspace\RTC\Core\Inc\usart.h
2023-07-12 11:50:10,996 [INFO] CodeEngine:255 - oldGeneratedFile, D:\ykl\STM32CubeIDE_1.12.1\workspace\RTC\Core\Src\stm32f1xx_it.c_save
2023-07-12 11:50:11,545 [INFO] CodeEngine:279 - Generated code: D:\ykl\STM32CubeIDE_1.12.1\workspace\RTC\Core\Src\stm32f1xx_it.c
2023-07-12 11:50:11,569 [INFO] CodeEngine:255 - oldGeneratedFile, D:\ykl\STM32CubeIDE_1.12.1\workspace\RTC\Core\Inc\stm32f1xx_it.h_save
2023-07-12 11:50:11,716 [INFO] CodeEngine:279 - Generated code: D:\ykl\STM32CubeIDE_1.12.1\workspace\RTC\Core\Inc\stm32f1xx_it.h
2023-07-12 11:50:11,796 [INFO] CodeEngine:255 - oldGeneratedFile, D:\ykl\STM32CubeIDE_1.12.1\workspace\RTC\Core\Src\stm32f1xx_hal_msp.c_save
2023-07-12 11:50:12,032 [INFO] CodeEngine:279 - Generated code: D:\ykl\STM32CubeIDE_1.12.1\workspace\RTC\Core\Src\stm32f1xx_hal_msp.c
2023-07-12 11:50:12,041 [INFO] CodeEngine:255 - oldGeneratedFile, D:\ykl\STM32CubeIDE_1.12.1\workspace\RTC\MXTmpFiles\system.tmp_save
2023-07-12 11:50:12,166 [INFO] CodeEngine:279 - Generated code: D:\ykl\STM32CubeIDE_1.12.1\workspace\RTC\MXTmpFiles\system.tmp
2023-07-12 11:50:12,179 [INFO] CodeEngine:311 - oldGeneratedFile, D:\ykl\STM32CubeIDE_1.12.1\workspace\RTC\Core\Inc\stm32f1xx_hal_conf.h_save
2023-07-12 11:50:12,338 [INFO] CodeEngine:335 - Generated code: D:\ykl\STM32CubeIDE_1.12.1\workspace\RTC\Core\Inc\stm32f1xx_hal_conf.h
2023-07-12 11:50:12,389 [INFO] CodeEngine:255 - oldGeneratedFile, D:\ykl\STM32CubeIDE_1.12.1\workspace\RTC\Core\Inc\main.h_save
2023-07-12 11:50:12,636 [INFO] CodeEngine:279 - Generated code: D:\ykl\STM32CubeIDE_1.12.1\workspace\RTC\Core\Inc\main.h
2023-07-12 11:50:12,648 [INFO] CodeEngine:255 - oldGeneratedFile, D:\ykl\STM32CubeIDE_1.12.1\workspace\RTC\Core\Src\main.c_save
2023-07-12 11:50:12,862 [INFO] CodeEngine:279 - Generated code: D:\ykl\STM32CubeIDE_1.12.1\workspace\RTC\Core\Src\main.c
2023-07-12 11:50:14,652 [INFO] ProjectBuilder:2996 - Time for Copy HAL[1] : 344mS.
2023-07-12 11:50:14,659 [INFO] ProjectBuilder:4304 - Project Generator version: 3.19.2
2023-07-12 11:50:15,622 [INFO] ConfigFileManager:1483 - The Die is : DIE414
2023-07-12 11:50:21,695 [INFO] ProjectBuilder:4505 - Time for Generating toolchain IDE Files: 7036mS.
2023-07-12 11:50:21,697 [INFO] ProjectBuilder:2867 - Time for Copy CMSIS : 2mS.
2023-07-12 11:50:21,702 [INFO] ProjectBuilder:2867 - Time for Copy CMSIS : 0mS.
2023-07-12 11:54:21,094 [INFO] NvicIntPanel:101 - NVIC parent = com.st.microxplorer.plugins.ip.nvic.MultiNvicIntPanel[,0,0,0x0,invalid,layout=javax.swing.BoxLayout,alignmentX=0.0,alignmentY=0.0,border=,flags=9,maximumSize=,minimumSize=,preferredSize=]
2023-07-12 11:54:24,298 [INFO] UtilMem:75 - End SaveConfig() Used Memory: 699853128 Bytes (1038090240)
2023-07-12 11:54:26,094 [INFO] UtilMem:75 - End SaveConfig() Used Memory: 597067344 Bytes (1038090240)
2023-07-12 11:54:26,839 [INFO] BlockDiagram:2759 - set Specific Code input for plugin: RTC
2023-07-12 11:54:26,840 [INFO] BlockDiagram:2759 - set Specific Code input for plugin: SPI
2023-07-12 11:54:26,840 [INFO] BlockDiagram:2759 - set Specific Code input for plugin: FSMC
2023-07-12 11:54:26,840 [INFO] BlockDiagram:2759 - set Specific Code input for plugin: NVIC
2023-07-12 11:54:26,840 [INFO] BlockDiagram:2759 - set Specific Code input for plugin: USART
2023-07-12 11:54:26,841 [INFO] BlockDiagram:2759 - set Specific Code input for plugin: GPIO
2023-07-12 11:54:26,841 [INFO] BlockDiagram:2759 - set Specific Code input for plugin: RCC
2023-07-12 11:54:26,845 [INFO] CodeGenerator:793 - code generatio: config db path: D:\ykl\STM32CubeIDE_1.12.1\STM32CubeIDE\plugins\com.st.stm32cube.common.mx_6.8.1.202304191431\\db\
2023-07-12 11:54:27,370 [INFO] CodeEngine:255 - oldGeneratedFile, D:\ykl\STM32CubeIDE_1.12.1\workspace\RTC\MXTmpFiles\license.tmp_save
2023-07-12 11:54:27,551 [INFO] CodeEngine:279 - Generated code: D:\ykl\STM32CubeIDE_1.12.1\workspace\RTC\MXTmpFiles\license.tmp
2023-07-12 11:54:27,661 [INFO] CodeEngine:255 - oldGeneratedFile, D:\ykl\STM32CubeIDE_1.12.1\workspace\RTC\Core\Src\gpio.c_save
2023-07-12 11:54:27,862 [INFO] CodeEngine:279 - Generated code: D:\ykl\STM32CubeIDE_1.12.1\workspace\RTC\Core\Src\gpio.c
2023-07-12 11:54:27,877 [INFO] CodeEngine:255 - oldGeneratedFile, D:\ykl\STM32CubeIDE_1.12.1\workspace\RTC\Core\Inc\gpio.h_save
2023-07-12 11:54:28,068 [INFO] CodeEngine:279 - Generated code: D:\ykl\STM32CubeIDE_1.12.1\workspace\RTC\Core\Inc\gpio.h
2023-07-12 11:54:28,747 [INFO] CodeEngine:255 - oldGeneratedFile, D:\ykl\STM32CubeIDE_1.12.1\workspace\RTC\Core\Src\fsmc.c_save
2023-07-12 11:54:28,992 [INFO] CodeEngine:279 - Generated code: D:\ykl\STM32CubeIDE_1.12.1\workspace\RTC\Core\Src\fsmc.c
2023-07-12 11:54:29,057 [INFO] CodeEngine:255 - oldGeneratedFile, D:\ykl\STM32CubeIDE_1.12.1\workspace\RTC\Core\Inc\fsmc.h_save
2023-07-12 11:54:29,301 [INFO] CodeEngine:279 - Generated code: D:\ykl\STM32CubeIDE_1.12.1\workspace\RTC\Core\Inc\fsmc.h
2023-07-12 11:54:29,319 [INFO] CodeEngine:255 - oldGeneratedFile, D:\ykl\STM32CubeIDE_1.12.1\workspace\RTC\Core\Src\rtc.c_save
2023-07-12 11:54:29,530 [INFO] CodeEngine:279 - Generated code: D:\ykl\STM32CubeIDE_1.12.1\workspace\RTC\Core\Src\rtc.c
2023-07-12 11:54:29,540 [INFO] CodeEngine:255 - oldGeneratedFile, D:\ykl\STM32CubeIDE_1.12.1\workspace\RTC\Core\Inc\rtc.h_save
2023-07-12 11:54:29,690 [INFO] CodeEngine:279 - Generated code: D:\ykl\STM32CubeIDE_1.12.1\workspace\RTC\Core\Inc\rtc.h
2023-07-12 11:54:29,711 [INFO] CodeEngine:255 - oldGeneratedFile, D:\ykl\STM32CubeIDE_1.12.1\workspace\RTC\Core\Src\spi.c_save
2023-07-12 11:54:29,909 [INFO] CodeEngine:279 - Generated code: D:\ykl\STM32CubeIDE_1.12.1\workspace\RTC\Core\Src\spi.c
2023-07-12 11:54:29,919 [INFO] CodeEngine:255 - oldGeneratedFile, D:\ykl\STM32CubeIDE_1.12.1\workspace\RTC\Core\Inc\spi.h_save
2023-07-12 11:54:30,056 [INFO] CodeEngine:279 - Generated code: D:\ykl\STM32CubeIDE_1.12.1\workspace\RTC\Core\Inc\spi.h
2023-07-12 11:54:30,077 [INFO] CodeEngine:255 - oldGeneratedFile, D:\ykl\STM32CubeIDE_1.12.1\workspace\RTC\Core\Src\usart.c_save
2023-07-12 11:54:30,278 [INFO] CodeEngine:279 - Generated code: D:\ykl\STM32CubeIDE_1.12.1\workspace\RTC\Core\Src\usart.c
2023-07-12 11:54:30,287 [INFO] CodeEngine:255 - oldGeneratedFile, D:\ykl\STM32CubeIDE_1.12.1\workspace\RTC\Core\Inc\usart.h_save
2023-07-12 11:54:30,421 [INFO] CodeEngine:279 - Generated code: D:\ykl\STM32CubeIDE_1.12.1\workspace\RTC\Core\Inc\usart.h
2023-07-12 11:54:30,450 [INFO] CodeEngine:255 - oldGeneratedFile, D:\ykl\STM32CubeIDE_1.12.1\workspace\RTC\Core\Src\stm32f1xx_it.c_save
2023-07-12 11:54:30,652 [INFO] CodeEngine:279 - Generated code: D:\ykl\STM32CubeIDE_1.12.1\workspace\RTC\Core\Src\stm32f1xx_it.c
2023-07-12 11:54:30,662 [INFO] CodeEngine:255 - oldGeneratedFile, D:\ykl\STM32CubeIDE_1.12.1\workspace\RTC\Core\Inc\stm32f1xx_it.h_save
2023-07-12 11:54:30,935 [INFO] CodeEngine:279 - Generated code: D:\ykl\STM32CubeIDE_1.12.1\workspace\RTC\Core\Inc\stm32f1xx_it.h
2023-07-12 11:54:31,014 [INFO] CodeEngine:255 - oldGeneratedFile, D:\ykl\STM32CubeIDE_1.12.1\workspace\RTC\Core\Src\stm32f1xx_hal_msp.c_save
2023-07-12 11:54:31,211 [INFO] CodeEngine:279 - Generated code: D:\ykl\STM32CubeIDE_1.12.1\workspace\RTC\Core\Src\stm32f1xx_hal_msp.c
2023-07-12 11:54:31,221 [INFO] CodeEngine:255 - oldGeneratedFile, D:\ykl\STM32CubeIDE_1.12.1\workspace\RTC\MXTmpFiles\system.tmp_save
2023-07-12 11:54:31,351 [INFO] CodeEngine:279 - Generated code: D:\ykl\STM32CubeIDE_1.12.1\workspace\RTC\MXTmpFiles\system.tmp
2023-07-12 11:54:31,368 [INFO] CodeEngine:311 - oldGeneratedFile, D:\ykl\STM32CubeIDE_1.12.1\workspace\RTC\Core\Inc\stm32f1xx_hal_conf.h_save
2023-07-12 11:54:31,627 [INFO] CodeEngine:335 - Generated code: D:\ykl\STM32CubeIDE_1.12.1\workspace\RTC\Core\Inc\stm32f1xx_hal_conf.h
2023-07-12 11:54:31,684 [INFO] CodeEngine:255 - oldGeneratedFile, D:\ykl\STM32CubeIDE_1.12.1\workspace\RTC\Core\Inc\main.h_save
2023-07-12 11:54:31,811 [INFO] CodeEngine:279 - Generated code: D:\ykl\STM32CubeIDE_1.12.1\workspace\RTC\Core\Inc\main.h
2023-07-12 11:54:31,823 [INFO] CodeEngine:255 - oldGeneratedFile, D:\ykl\STM32CubeIDE_1.12.1\workspace\RTC\Core\Src\main.c_save
2023-07-12 11:54:31,996 [INFO] CodeEngine:279 - Generated code: D:\ykl\STM32CubeIDE_1.12.1\workspace\RTC\Core\Src\main.c
2023-07-12 11:54:33,393 [INFO] ProjectBuilder:2996 - Time for Copy HAL[1] : 262mS.
2023-07-12 11:54:33,401 [INFO] ProjectBuilder:4304 - Project Generator version: 3.19.2
2023-07-12 11:54:34,373 [INFO] ConfigFileManager:1483 - The Die is : DIE414
2023-07-12 11:54:38,674 [INFO] ProjectBuilder:4505 - Time for Generating toolchain IDE Files: 5272mS.
2023-07-12 11:54:38,676 [INFO] ProjectBuilder:2867 - Time for Copy CMSIS : 2mS.
2023-07-12 11:54:38,701 [INFO] ProjectBuilder:2867 - Time for Copy CMSIS : 0mS.
2023-07-12 11:58:12,715 [INFO] UtilMem:75 - End SaveConfig() Used Memory: 614481024 Bytes (1045430272)
2023-07-12 11:58:14,481 [INFO] UtilMem:75 - End SaveConfig() Used Memory: 651327960 Bytes (1045430272)
2023-07-12 11:58:14,966 [INFO] BlockDiagram:2759 - set Specific Code input for plugin: RTC
2023-07-12 11:58:14,966 [INFO] BlockDiagram:2759 - set Specific Code input for plugin: SPI
2023-07-12 11:58:14,966 [INFO] BlockDiagram:2759 - set Specific Code input for plugin: FSMC
2023-07-12 11:58:14,966 [INFO] BlockDiagram:2759 - set Specific Code input for plugin: NVIC
2023-07-12 11:58:14,967 [INFO] BlockDiagram:2759 - set Specific Code input for plugin: USART
2023-07-12 11:58:14,968 [INFO] BlockDiagram:2759 - set Specific Code input for plugin: GPIO
2023-07-12 11:58:14,968 [INFO] BlockDiagram:2759 - set Specific Code input for plugin: RCC
2023-07-12 11:58:14,970 [INFO] CodeGenerator:793 - code generatio: config db path: D:\ykl\STM32CubeIDE_1.12.1\STM32CubeIDE\plugins\com.st.stm32cube.common.mx_6.8.1.202304191431\\db\
2023-07-12 11:58:15,356 [INFO] CodeEngine:255 - oldGeneratedFile, D:\ykl\STM32CubeIDE_1.12.1\workspace\RTC\MXTmpFiles\license.tmp_save
2023-07-12 11:58:15,514 [INFO] CodeEngine:279 - Generated code: D:\ykl\STM32CubeIDE_1.12.1\workspace\RTC\MXTmpFiles\license.tmp
2023-07-12 11:58:15,624 [INFO] CodeEngine:255 - oldGeneratedFile, D:\ykl\STM32CubeIDE_1.12.1\workspace\RTC\Core\Src\gpio.c_save
2023-07-12 11:58:15,809 [INFO] CodeEngine:279 - Generated code: D:\ykl\STM32CubeIDE_1.12.1\workspace\RTC\Core\Src\gpio.c
2023-07-12 11:58:15,822 [INFO] CodeEngine:255 - oldGeneratedFile, D:\ykl\STM32CubeIDE_1.12.1\workspace\RTC\Core\Inc\gpio.h_save
2023-07-12 11:58:15,968 [INFO] CodeEngine:279 - Generated code: D:\ykl\STM32CubeIDE_1.12.1\workspace\RTC\Core\Inc\gpio.h
2023-07-12 11:58:16,764 [INFO] CodeEngine:255 - oldGeneratedFile, D:\ykl\STM32CubeIDE_1.12.1\workspace\RTC\Core\Src\fsmc.c_save
2023-07-12 11:58:16,933 [INFO] CodeEngine:279 - Generated code: D:\ykl\STM32CubeIDE_1.12.1\workspace\RTC\Core\Src\fsmc.c
2023-07-12 11:58:16,944 [INFO] CodeEngine:255 - oldGeneratedFile, D:\ykl\STM32CubeIDE_1.12.1\workspace\RTC\Core\Inc\fsmc.h_save
2023-07-12 11:58:17,067 [INFO] CodeEngine:279 - Generated code: D:\ykl\STM32CubeIDE_1.12.1\workspace\RTC\Core\Inc\fsmc.h
2023-07-12 11:58:17,081 [INFO] CodeEngine:255 - oldGeneratedFile, D:\ykl\STM32CubeIDE_1.12.1\workspace\RTC\Core\Src\rtc.c_save
2023-07-12 11:58:17,249 [INFO] CodeEngine:279 - Generated code: D:\ykl\STM32CubeIDE_1.12.1\workspace\RTC\Core\Src\rtc.c
2023-07-12 11:58:17,259 [INFO] CodeEngine:255 - oldGeneratedFile, D:\ykl\STM32CubeIDE_1.12.1\workspace\RTC\Core\Inc\rtc.h_save
2023-07-12 11:58:17,387 [INFO] CodeEngine:279 - Generated code: D:\ykl\STM32CubeIDE_1.12.1\workspace\RTC\Core\Inc\rtc.h
2023-07-12 11:58:17,408 [INFO] CodeEngine:255 - oldGeneratedFile, D:\ykl\STM32CubeIDE_1.12.1\workspace\RTC\Core\Src\spi.c_save
2023-07-12 11:58:17,585 [INFO] CodeEngine:279 - Generated code: D:\ykl\STM32CubeIDE_1.12.1\workspace\RTC\Core\Src\spi.c
2023-07-12 11:58:17,594 [INFO] CodeEngine:255 - oldGeneratedFile, D:\ykl\STM32CubeIDE_1.12.1\workspace\RTC\Core\Inc\spi.h_save
2023-07-12 11:58:17,711 [INFO] CodeEngine:279 - Generated code: D:\ykl\STM32CubeIDE_1.12.1\workspace\RTC\Core\Inc\spi.h
2023-07-12 11:58:17,733 [INFO] CodeEngine:255 - oldGeneratedFile, D:\ykl\STM32CubeIDE_1.12.1\workspace\RTC\Core\Src\usart.c_save
2023-07-12 11:58:17,926 [INFO] CodeEngine:279 - Generated code: D:\ykl\STM32CubeIDE_1.12.1\workspace\RTC\Core\Src\usart.c
2023-07-12 11:58:17,935 [INFO] CodeEngine:255 - oldGeneratedFile, D:\ykl\STM32CubeIDE_1.12.1\workspace\RTC\Core\Inc\usart.h_save
2023-07-12 11:58:18,072 [INFO] CodeEngine:279 - Generated code: D:\ykl\STM32CubeIDE_1.12.1\workspace\RTC\Core\Inc\usart.h
2023-07-12 11:58:18,094 [INFO] CodeEngine:255 - oldGeneratedFile, D:\ykl\STM32CubeIDE_1.12.1\workspace\RTC\Core\Src\stm32f1xx_it.c_save
2023-07-12 11:58:18,243 [INFO] CodeEngine:279 - Generated code: D:\ykl\STM32CubeIDE_1.12.1\workspace\RTC\Core\Src\stm32f1xx_it.c
2023-07-12 11:58:18,251 [INFO] CodeEngine:255 - oldGeneratedFile, D:\ykl\STM32CubeIDE_1.12.1\workspace\RTC\Core\Inc\stm32f1xx_it.h_save
2023-07-12 11:58:18,372 [INFO] CodeEngine:279 - Generated code: D:\ykl\STM32CubeIDE_1.12.1\workspace\RTC\Core\Inc\stm32f1xx_it.h
2023-07-12 11:58:18,450 [INFO] CodeEngine:255 - oldGeneratedFile, D:\ykl\STM32CubeIDE_1.12.1\workspace\RTC\Core\Src\stm32f1xx_hal_msp.c_save
2023-07-12 11:58:18,635 [INFO] CodeEngine:279 - Generated code: D:\ykl\STM32CubeIDE_1.12.1\workspace\RTC\Core\Src\stm32f1xx_hal_msp.c
2023-07-12 11:58:18,642 [INFO] CodeEngine:255 - oldGeneratedFile, D:\ykl\STM32CubeIDE_1.12.1\workspace\RTC\MXTmpFiles\system.tmp_save
2023-07-12 11:58:18,738 [INFO] CodeEngine:279 - Generated code: D:\ykl\STM32CubeIDE_1.12.1\workspace\RTC\MXTmpFiles\system.tmp
2023-07-12 11:58:18,751 [INFO] CodeEngine:311 - oldGeneratedFile, D:\ykl\STM32CubeIDE_1.12.1\workspace\RTC\Core\Inc\stm32f1xx_hal_conf.h_save
2023-07-12 11:58:18,909 [INFO] CodeEngine:335 - Generated code: D:\ykl\STM32CubeIDE_1.12.1\workspace\RTC\Core\Inc\stm32f1xx_hal_conf.h
2023-07-12 11:58:18,952 [INFO] CodeEngine:255 - oldGeneratedFile, D:\ykl\STM32CubeIDE_1.12.1\workspace\RTC\Core\Inc\main.h_save
2023-07-12 11:58:19,099 [INFO] CodeEngine:279 - Generated code: D:\ykl\STM32CubeIDE_1.12.1\workspace\RTC\Core\Inc\main.h
2023-07-12 11:58:19,110 [INFO] CodeEngine:255 - oldGeneratedFile, D:\ykl\STM32CubeIDE_1.12.1\workspace\RTC\Core\Src\main.c_save
2023-07-12 11:58:19,359 [INFO] CodeEngine:279 - Generated code: D:\ykl\STM32CubeIDE_1.12.1\workspace\RTC\Core\Src\main.c
2023-07-12 11:58:20,820 [INFO] ProjectBuilder:2996 - Time for Copy HAL[1] : 283mS.
2023-07-12 11:58:20,828 [INFO] ProjectBuilder:4304 - Project Generator version: 3.19.2
2023-07-12 11:58:22,012 [INFO] ConfigFileManager:1483 - The Die is : DIE414
2023-07-12 11:58:26,215 [INFO] ProjectBuilder:4505 - Time for Generating toolchain IDE Files: 5386mS.
2023-07-12 11:58:26,262 [INFO] ProjectBuilder:2867 - Time for Copy CMSIS : 2mS.
2023-07-12 11:58:26,266 [INFO] ProjectBuilder:2867 - Time for Copy CMSIS : 0mS.
2023-07-12 13:37:34,926 [INFO] NvicIntPanel:101 - NVIC parent = com.st.microxplorer.plugins.ip.nvic.MultiNvicIntPanel[,0,0,506x271,layout=javax.swing.BoxLayout,alignmentX=0.0,alignmentY=0.0,border=,flags=9,maximumSize=,minimumSize=,preferredSize=]
2023-07-12 14:12:02,510 [INFO] NvicIntPanel:101 - NVIC parent = com.st.microxplorer.plugins.ip.nvic.MultiNvicIntPanel[,0,0,0x0,invalid,layout=javax.swing.BoxLayout,alignmentX=0.0,alignmentY=0.0,border=,flags=9,maximumSize=,minimumSize=,preferredSize=]
2023-07-12 14:12:11,304 [INFO] UtilMem:75 - End SaveConfig() Used Memory: 899695256 Bytes (1056964608)
2023-07-12 14:12:12,719 [INFO] UtilMem:75 - End SaveConfig() Used Memory: 922268736 Bytes (1056964608)
2023-07-12 14:12:14,653 [INFO] UtilMem:75 - End SaveConfig() Used Memory: 655349664 Bytes (1056964608)
2023-07-12 14:12:15,525 [INFO] BlockDiagram:2759 - set Specific Code input for plugin: RTC
2023-07-12 14:12:15,525 [INFO] BlockDiagram:2759 - set Specific Code input for plugin: SPI
2023-07-12 14:12:15,525 [INFO] BlockDiagram:2759 - set Specific Code input for plugin: FSMC
2023-07-12 14:12:15,526 [INFO] BlockDiagram:2759 - set Specific Code input for plugin: NVIC
2023-07-12 14:12:15,526 [INFO] BlockDiagram:2759 - set Specific Code input for plugin: USART
2023-07-12 14:12:15,527 [INFO] BlockDiagram:2759 - set Specific Code input for plugin: GPIO
2023-07-12 14:12:15,527 [INFO] BlockDiagram:2759 - set Specific Code input for plugin: RCC
2023-07-12 14:12:15,531 [INFO] CodeGenerator:793 - code generatio: config db path: D:\ykl\STM32CubeIDE_1.12.1\STM32CubeIDE\plugins\com.st.stm32cube.common.mx_6.8.1.202304191431\\db\
2023-07-12 14:12:16,166 [INFO] CodeEngine:255 - oldGeneratedFile, D:\ykl\STM32CubeIDE_1.12.1\workspace\RTC\MXTmpFiles\license.tmp_save
2023-07-12 14:12:16,355 [INFO] CodeEngine:279 - Generated code: D:\ykl\STM32CubeIDE_1.12.1\workspace\RTC\MXTmpFiles\license.tmp
2023-07-12 14:12:16,441 [INFO] CodeEngine:255 - oldGeneratedFile, D:\ykl\STM32CubeIDE_1.12.1\workspace\RTC\Core\Src\gpio.c_save
2023-07-12 14:12:16,599 [INFO] CodeEngine:279 - Generated code: D:\ykl\STM32CubeIDE_1.12.1\workspace\RTC\Core\Src\gpio.c
2023-07-12 14:12:16,608 [INFO] CodeEngine:255 - oldGeneratedFile, D:\ykl\STM32CubeIDE_1.12.1\workspace\RTC\Core\Inc\gpio.h_save
2023-07-12 14:12:16,745 [INFO] CodeEngine:279 - Generated code: D:\ykl\STM32CubeIDE_1.12.1\workspace\RTC\Core\Inc\gpio.h
2023-07-12 14:12:17,173 [INFO] CodeEngine:255 - oldGeneratedFile, D:\ykl\STM32CubeIDE_1.12.1\workspace\RTC\Core\Src\fsmc.c_save
2023-07-12 14:12:17,465 [INFO] CodeEngine:279 - Generated code: D:\ykl\STM32CubeIDE_1.12.1\workspace\RTC\Core\Src\fsmc.c
2023-07-12 14:12:17,477 [INFO] CodeEngine:255 - oldGeneratedFile, D:\ykl\STM32CubeIDE_1.12.1\workspace\RTC\Core\Inc\fsmc.h_save
2023-07-12 14:12:17,629 [INFO] CodeEngine:279 - Generated code: D:\ykl\STM32CubeIDE_1.12.1\workspace\RTC\Core\Inc\fsmc.h
2023-07-12 14:12:17,646 [INFO] CodeEngine:255 - oldGeneratedFile, D:\ykl\STM32CubeIDE_1.12.1\workspace\RTC\Core\Src\rtc.c_save
2023-07-12 14:12:17,873 [INFO] CodeEngine:279 - Generated code: D:\ykl\STM32CubeIDE_1.12.1\workspace\RTC\Core\Src\rtc.c
2023-07-12 14:12:17,888 [INFO] CodeEngine:255 - oldGeneratedFile, D:\ykl\STM32CubeIDE_1.12.1\workspace\RTC\Core\Inc\rtc.h_save
2023-07-12 14:12:18,308 [INFO] CodeEngine:279 - Generated code: D:\ykl\STM32CubeIDE_1.12.1\workspace\RTC\Core\Inc\rtc.h
2023-07-12 14:12:18,331 [INFO] CodeEngine:255 - oldGeneratedFile, D:\ykl\STM32CubeIDE_1.12.1\workspace\RTC\Core\Src\spi.c_save
2023-07-12 14:12:18,517 [INFO] CodeEngine:279 - Generated code: D:\ykl\STM32CubeIDE_1.12.1\workspace\RTC\Core\Src\spi.c
2023-07-12 14:12:18,527 [INFO] CodeEngine:255 - oldGeneratedFile, D:\ykl\STM32CubeIDE_1.12.1\workspace\RTC\Core\Inc\spi.h_save
2023-07-12 14:12:18,652 [INFO] CodeEngine:279 - Generated code: D:\ykl\STM32CubeIDE_1.12.1\workspace\RTC\Core\Inc\spi.h
2023-07-12 14:12:18,669 [INFO] CodeEngine:255 - oldGeneratedFile, D:\ykl\STM32CubeIDE_1.12.1\workspace\RTC\Core\Src\usart.c_save
2023-07-12 14:12:18,852 [INFO] CodeEngine:279 - Generated code: D:\ykl\STM32CubeIDE_1.12.1\workspace\RTC\Core\Src\usart.c
2023-07-12 14:12:18,864 [INFO] CodeEngine:255 - oldGeneratedFile, D:\ykl\STM32CubeIDE_1.12.1\workspace\RTC\Core\Inc\usart.h_save
2023-07-12 14:12:19,010 [INFO] CodeEngine:279 - Generated code: D:\ykl\STM32CubeIDE_1.12.1\workspace\RTC\Core\Inc\usart.h
2023-07-12 14:12:19,030 [INFO] CodeEngine:255 - oldGeneratedFile, D:\ykl\STM32CubeIDE_1.12.1\workspace\RTC\Core\Src\stm32f1xx_it.c_save
2023-07-12 14:12:19,297 [INFO] CodeEngine:279 - Generated code: D:\ykl\STM32CubeIDE_1.12.1\workspace\RTC\Core\Src\stm32f1xx_it.c
2023-07-12 14:12:19,309 [INFO] CodeEngine:255 - oldGeneratedFile, D:\ykl\STM32CubeIDE_1.12.1\workspace\RTC\Core\Inc\stm32f1xx_it.h_save
2023-07-12 14:12:19,449 [INFO] CodeEngine:279 - Generated code: D:\ykl\STM32CubeIDE_1.12.1\workspace\RTC\Core\Inc\stm32f1xx_it.h
2023-07-12 14:12:19,534 [INFO] CodeEngine:255 - oldGeneratedFile, D:\ykl\STM32CubeIDE_1.12.1\workspace\RTC\Core\Src\stm32f1xx_hal_msp.c_save
2023-07-12 14:12:19,697 [INFO] CodeEngine:279 - Generated code: D:\ykl\STM32CubeIDE_1.12.1\workspace\RTC\Core\Src\stm32f1xx_hal_msp.c
2023-07-12 14:12:19,706 [INFO] CodeEngine:255 - oldGeneratedFile, D:\ykl\STM32CubeIDE_1.12.1\workspace\RTC\MXTmpFiles\system.tmp_save
2023-07-12 14:12:19,820 [INFO] CodeEngine:279 - Generated code: D:\ykl\STM32CubeIDE_1.12.1\workspace\RTC\MXTmpFiles\system.tmp
2023-07-12 14:12:19,834 [INFO] CodeEngine:311 - oldGeneratedFile, D:\ykl\STM32CubeIDE_1.12.1\workspace\RTC\Core\Inc\stm32f1xx_hal_conf.h_save
2023-07-12 14:12:19,947 [INFO] CodeEngine:335 - Generated code: D:\ykl\STM32CubeIDE_1.12.1\workspace\RTC\Core\Inc\stm32f1xx_hal_conf.h
2023-07-12 14:12:19,990 [INFO] CodeEngine:255 - oldGeneratedFile, D:\ykl\STM32CubeIDE_1.12.1\workspace\RTC\Core\Inc\main.h_save
2023-07-12 14:12:20,126 [INFO] CodeEngine:279 - Generated code: D:\ykl\STM32CubeIDE_1.12.1\workspace\RTC\Core\Inc\main.h
2023-07-12 14:12:20,135 [INFO] CodeEngine:255 - oldGeneratedFile, D:\ykl\STM32CubeIDE_1.12.1\workspace\RTC\Core\Src\main.c_save
2023-07-12 14:12:20,456 [INFO] CodeEngine:279 - Generated code: D:\ykl\STM32CubeIDE_1.12.1\workspace\RTC\Core\Src\main.c
2023-07-12 14:12:21,962 [INFO] ProjectBuilder:2996 - Time for Copy HAL[1] : 352mS.
2023-07-12 14:12:21,969 [INFO] ProjectBuilder:4304 - Project Generator version: 3.19.2
2023-07-12 14:12:22,579 [INFO] ConfigFileManager:1483 - The Die is : DIE414
2023-07-12 14:12:28,283 [INFO] ProjectBuilder:4505 - Time for Generating toolchain IDE Files: 6314mS.
2023-07-12 14:12:28,286 [INFO] ProjectBuilder:2867 - Time for Copy CMSIS : 2mS.
2023-07-12 14:12:28,290 [INFO] ProjectBuilder:2867 - Time for Copy CMSIS : 0mS.
2023-07-12 17:05:58,820 [INFO] UtilMem:75 - End SaveConfig() Used Memory: 768133624 Bytes (1066401792)
2023-07-12 17:06:00,456 [INFO] UtilMem:75 - End SaveConfig() Used Memory: 842042488 Bytes (1066401792)
2023-07-12 17:06:01,182 [INFO] BlockDiagram:2759 - set Specific Code input for plugin: RTC
2023-07-12 17:06:01,183 [INFO] BlockDiagram:2759 - set Specific Code input for plugin: SPI
2023-07-12 17:06:01,183 [INFO] BlockDiagram:2759 - set Specific Code input for plugin: FSMC
2023-07-12 17:06:01,183 [INFO] BlockDiagram:2759 - set Specific Code input for plugin: NVIC
2023-07-12 17:06:01,183 [INFO] BlockDiagram:2759 - set Specific Code input for plugin: USART
2023-07-12 17:06:01,184 [INFO] BlockDiagram:2759 - set Specific Code input for plugin: GPIO
2023-07-12 17:06:01,184 [INFO] BlockDiagram:2759 - set Specific Code input for plugin: RCC
2023-07-12 17:06:01,186 [INFO] CodeGenerator:793 - code generatio: config db path: D:\ykl\STM32CubeIDE_1.12.1\STM32CubeIDE\plugins\com.st.stm32cube.common.mx_6.8.1.202304191431\\db\
2023-07-12 17:06:01,586 [INFO] CodeEngine:255 - oldGeneratedFile, D:\ykl\STM32CubeIDE_1.12.1\workspace\RTC\MXTmpFiles\license.tmp_save
2023-07-12 17:06:01,752 [INFO] CodeEngine:279 - Generated code: D:\ykl\STM32CubeIDE_1.12.1\workspace\RTC\MXTmpFiles\license.tmp
2023-07-12 17:06:01,827 [INFO] CodeEngine:255 - oldGeneratedFile, D:\ykl\STM32CubeIDE_1.12.1\workspace\RTC\Core\Src\gpio.c_save
2023-07-12 17:06:02,006 [INFO] CodeEngine:279 - Generated code: D:\ykl\STM32CubeIDE_1.12.1\workspace\RTC\Core\Src\gpio.c
2023-07-12 17:06:02,019 [INFO] CodeEngine:255 - oldGeneratedFile, D:\ykl\STM32CubeIDE_1.12.1\workspace\RTC\Core\Inc\gpio.h_save
2023-07-12 17:06:02,155 [INFO] CodeEngine:279 - Generated code: D:\ykl\STM32CubeIDE_1.12.1\workspace\RTC\Core\Inc\gpio.h
2023-07-12 17:06:02,532 [INFO] CodeEngine:255 - oldGeneratedFile, D:\ykl\STM32CubeIDE_1.12.1\workspace\RTC\Core\Src\fsmc.c_save
2023-07-12 17:06:02,721 [INFO] CodeEngine:279 - Generated code: D:\ykl\STM32CubeIDE_1.12.1\workspace\RTC\Core\Src\fsmc.c
2023-07-12 17:06:02,734 [INFO] CodeEngine:255 - oldGeneratedFile, D:\ykl\STM32CubeIDE_1.12.1\workspace\RTC\Core\Inc\fsmc.h_save
2023-07-12 17:06:02,906 [INFO] CodeEngine:279 - Generated code: D:\ykl\STM32CubeIDE_1.12.1\workspace\RTC\Core\Inc\fsmc.h
2023-07-12 17:06:02,928 [INFO] CodeEngine:255 - oldGeneratedFile, D:\ykl\STM32CubeIDE_1.12.1\workspace\RTC\Core\Src\rtc.c_save
2023-07-12 17:06:03,146 [INFO] CodeEngine:279 - Generated code: D:\ykl\STM32CubeIDE_1.12.1\workspace\RTC\Core\Src\rtc.c
2023-07-12 17:06:03,156 [INFO] CodeEngine:255 - oldGeneratedFile, D:\ykl\STM32CubeIDE_1.12.1\workspace\RTC\Core\Inc\rtc.h_save
2023-07-12 17:06:03,286 [INFO] CodeEngine:279 - Generated code: D:\ykl\STM32CubeIDE_1.12.1\workspace\RTC\Core\Inc\rtc.h
2023-07-12 17:06:03,303 [INFO] CodeEngine:255 - oldGeneratedFile, D:\ykl\STM32CubeIDE_1.12.1\workspace\RTC\Core\Src\spi.c_save
2023-07-12 17:06:03,604 [INFO] CodeEngine:279 - Generated code: D:\ykl\STM32CubeIDE_1.12.1\workspace\RTC\Core\Src\spi.c
2023-07-12 17:06:03,614 [INFO] CodeEngine:255 - oldGeneratedFile, D:\ykl\STM32CubeIDE_1.12.1\workspace\RTC\Core\Inc\spi.h_save
2023-07-12 17:06:03,862 [INFO] CodeEngine:279 - Generated code: D:\ykl\STM32CubeIDE_1.12.1\workspace\RTC\Core\Inc\spi.h
2023-07-12 17:06:03,879 [INFO] CodeEngine:255 - oldGeneratedFile, D:\ykl\STM32CubeIDE_1.12.1\workspace\RTC\Core\Src\usart.c_save
2023-07-12 17:06:04,057 [INFO] CodeEngine:279 - Generated code: D:\ykl\STM32CubeIDE_1.12.1\workspace\RTC\Core\Src\usart.c
2023-07-12 17:06:04,067 [INFO] CodeEngine:255 - oldGeneratedFile, D:\ykl\STM32CubeIDE_1.12.1\workspace\RTC\Core\Inc\usart.h_save
2023-07-12 17:06:04,194 [INFO] CodeEngine:279 - Generated code: D:\ykl\STM32CubeIDE_1.12.1\workspace\RTC\Core\Inc\usart.h
2023-07-12 17:06:04,217 [INFO] CodeEngine:255 - oldGeneratedFile, D:\ykl\STM32CubeIDE_1.12.1\workspace\RTC\Core\Src\stm32f1xx_it.c_save
2023-07-12 17:06:04,533 [INFO] CodeEngine:279 - Generated code: D:\ykl\STM32CubeIDE_1.12.1\workspace\RTC\Core\Src\stm32f1xx_it.c
2023-07-12 17:06:04,543 [INFO] CodeEngine:255 - oldGeneratedFile, D:\ykl\STM32CubeIDE_1.12.1\workspace\RTC\Core\Inc\stm32f1xx_it.h_save
2023-07-12 17:06:04,663 [INFO] CodeEngine:279 - Generated code: D:\ykl\STM32CubeIDE_1.12.1\workspace\RTC\Core\Inc\stm32f1xx_it.h
2023-07-12 17:06:04,755 [INFO] CodeEngine:255 - oldGeneratedFile, D:\ykl\STM32CubeIDE_1.12.1\workspace\RTC\Core\Src\stm32f1xx_hal_msp.c_save
2023-07-12 17:06:04,933 [INFO] CodeEngine:279 - Generated code: D:\ykl\STM32CubeIDE_1.12.1\workspace\RTC\Core\Src\stm32f1xx_hal_msp.c
2023-07-12 17:06:04,940 [INFO] CodeEngine:255 - oldGeneratedFile, D:\ykl\STM32CubeIDE_1.12.1\workspace\RTC\MXTmpFiles\system.tmp_save
2023-07-12 17:06:05,070 [INFO] CodeEngine:279 - Generated code: D:\ykl\STM32CubeIDE_1.12.1\workspace\RTC\MXTmpFiles\system.tmp
2023-07-12 17:06:05,085 [INFO] CodeEngine:311 - oldGeneratedFile, D:\ykl\STM32CubeIDE_1.12.1\workspace\RTC\Core\Inc\stm32f1xx_hal_conf.h_save
2023-07-12 17:06:05,215 [INFO] CodeEngine:335 - Generated code: D:\ykl\STM32CubeIDE_1.12.1\workspace\RTC\Core\Inc\stm32f1xx_hal_conf.h
2023-07-12 17:06:05,262 [INFO] CodeEngine:255 - oldGeneratedFile, D:\ykl\STM32CubeIDE_1.12.1\workspace\RTC\Core\Inc\main.h_save
2023-07-12 17:06:05,404 [INFO] CodeEngine:279 - Generated code: D:\ykl\STM32CubeIDE_1.12.1\workspace\RTC\Core\Inc\main.h
2023-07-12 17:06:05,413 [INFO] CodeEngine:255 - oldGeneratedFile, D:\ykl\STM32CubeIDE_1.12.1\workspace\RTC\Core\Src\main.c_save
2023-07-12 17:06:05,563 [INFO] CodeEngine:279 - Generated code: D:\ykl\STM32CubeIDE_1.12.1\workspace\RTC\Core\Src\main.c
2023-07-12 17:06:07,425 [INFO] ProjectBuilder:2996 - Time for Copy HAL[1] : 328mS.
2023-07-12 17:06:07,430 [INFO] ProjectBuilder:4304 - Project Generator version: 3.19.2
2023-07-12 17:06:08,365 [INFO] ConfigFileManager:1483 - The Die is : DIE414
2023-07-12 17:06:13,113 [INFO] ProjectBuilder:4505 - Time for Generating toolchain IDE Files: 5683mS.
2023-07-12 17:06:13,115 [INFO] ProjectBuilder:2867 - Time for Copy CMSIS : 1mS.
2023-07-12 17:06:13,123 [INFO] ProjectBuilder:2867 - Time for Copy CMSIS : 0mS.
2023-07-12 17:36:50,065 [INFO] NvicIntPanel:101 - NVIC parent = com.st.microxplorer.plugins.ip.nvic.MultiNvicIntPanel[,0,0,506x271,layout=javax.swing.BoxLayout,alignmentX=0.0,alignmentY=0.0,border=,flags=9,maximumSize=,minimumSize=,preferredSize=]
2023-07-12 17:36:51,369 [INFO] NvicIntPanel:101 - NVIC parent = com.st.microxplorer.plugins.ip.nvic.MultiNvicIntPanel[,0,0,0x0,invalid,layout=javax.swing.BoxLayout,alignmentX=0.0,alignmentY=0.0,border=,flags=9,maximumSize=,minimumSize=,preferredSize=]
2023-07-12 17:36:55,094 [INFO] UtilMem:75 - End SaveConfig() Used Memory: 837033232 Bytes (1072693248)
2023-07-12 17:36:56,768 [INFO] UtilMem:75 - End SaveConfig() Used Memory: 887989848 Bytes (1072693248)
2023-07-12 17:36:57,634 [INFO] BlockDiagram:2759 - set Specific Code input for plugin: RTC
2023-07-12 17:36:57,634 [INFO] BlockDiagram:2759 - set Specific Code input for plugin: SPI
2023-07-12 17:36:57,634 [INFO] BlockDiagram:2759 - set Specific Code input for plugin: FSMC
2023-07-12 17:36:57,634 [INFO] BlockDiagram:2759 - set Specific Code input for plugin: NVIC
2023-07-12 17:36:57,635 [INFO] BlockDiagram:2759 - set Specific Code input for plugin: USART
2023-07-12 17:36:57,636 [INFO] BlockDiagram:2759 - set Specific Code input for plugin: GPIO
2023-07-12 17:36:57,636 [INFO] BlockDiagram:2759 - set Specific Code input for plugin: RCC
2023-07-12 17:36:57,638 [INFO] CodeGenerator:793 - code generatio: config db path: D:\ykl\STM32CubeIDE_1.12.1\STM32CubeIDE\plugins\com.st.stm32cube.common.mx_6.8.1.202304191431\\db\
2023-07-12 17:36:58,160 [INFO] CodeEngine:255 - oldGeneratedFile, D:\ykl\STM32CubeIDE_1.12.1\workspace\RTC\MXTmpFiles\license.tmp_save
2023-07-12 17:36:58,339 [INFO] CodeEngine:279 - Generated code: D:\ykl\STM32CubeIDE_1.12.1\workspace\RTC\MXTmpFiles\license.tmp
2023-07-12 17:36:58,431 [INFO] CodeEngine:255 - oldGeneratedFile, D:\ykl\STM32CubeIDE_1.12.1\workspace\RTC\Core\Src\gpio.c_save
2023-07-12 17:36:58,577 [INFO] CodeEngine:279 - Generated code: D:\ykl\STM32CubeIDE_1.12.1\workspace\RTC\Core\Src\gpio.c
2023-07-12 17:36:58,585 [INFO] CodeEngine:255 - oldGeneratedFile, D:\ykl\STM32CubeIDE_1.12.1\workspace\RTC\Core\Inc\gpio.h_save
2023-07-12 17:36:58,859 [INFO] CodeEngine:279 - Generated code: D:\ykl\STM32CubeIDE_1.12.1\workspace\RTC\Core\Inc\gpio.h
2023-07-12 17:36:59,243 [INFO] CodeEngine:255 - oldGeneratedFile, D:\ykl\STM32CubeIDE_1.12.1\workspace\RTC\Core\Src\fsmc.c_save
2023-07-12 17:36:59,431 [INFO] CodeEngine:279 - Generated code: D:\ykl\STM32CubeIDE_1.12.1\workspace\RTC\Core\Src\fsmc.c
2023-07-12 17:36:59,439 [INFO] CodeEngine:255 - oldGeneratedFile, D:\ykl\STM32CubeIDE_1.12.1\workspace\RTC\Core\Inc\fsmc.h_save
2023-07-12 17:36:59,572 [INFO] CodeEngine:279 - Generated code: D:\ykl\STM32CubeIDE_1.12.1\workspace\RTC\Core\Inc\fsmc.h
2023-07-12 17:36:59,588 [INFO] CodeEngine:255 - oldGeneratedFile, D:\ykl\STM32CubeIDE_1.12.1\workspace\RTC\Core\Src\rtc.c_save
2023-07-12 17:36:59,883 [INFO] CodeEngine:279 - Generated code: D:\ykl\STM32CubeIDE_1.12.1\workspace\RTC\Core\Src\rtc.c
2023-07-12 17:36:59,893 [INFO] CodeEngine:255 - oldGeneratedFile, D:\ykl\STM32CubeIDE_1.12.1\workspace\RTC\Core\Inc\rtc.h_save
2023-07-12 17:37:00,016 [INFO] CodeEngine:279 - Generated code: D:\ykl\STM32CubeIDE_1.12.1\workspace\RTC\Core\Inc\rtc.h
2023-07-12 17:37:00,224 [INFO] CodeEngine:255 - oldGeneratedFile, D:\ykl\STM32CubeIDE_1.12.1\workspace\RTC\Core\Src\spi.c_save
2023-07-12 17:37:00,420 [INFO] CodeEngine:279 - Generated code: D:\ykl\STM32CubeIDE_1.12.1\workspace\RTC\Core\Src\spi.c
2023-07-12 17:37:00,429 [INFO] CodeEngine:255 - oldGeneratedFile, D:\ykl\STM32CubeIDE_1.12.1\workspace\RTC\Core\Inc\spi.h_save
2023-07-12 17:37:00,552 [INFO] CodeEngine:279 - Generated code: D:\ykl\STM32CubeIDE_1.12.1\workspace\RTC\Core\Inc\spi.h
2023-07-12 17:37:00,583 [INFO] CodeEngine:255 - oldGeneratedFile, D:\ykl\STM32CubeIDE_1.12.1\workspace\RTC\Core\Src\usart.c_save
2023-07-12 17:37:00,756 [INFO] CodeEngine:279 - Generated code: D:\ykl\STM32CubeIDE_1.12.1\workspace\RTC\Core\Src\usart.c
2023-07-12 17:37:00,766 [INFO] CodeEngine:255 - oldGeneratedFile, D:\ykl\STM32CubeIDE_1.12.1\workspace\RTC\Core\Inc\usart.h_save
2023-07-12 17:37:00,884 [INFO] CodeEngine:279 - Generated code: D:\ykl\STM32CubeIDE_1.12.1\workspace\RTC\Core\Inc\usart.h
2023-07-12 17:37:00,903 [INFO] CodeEngine:255 - oldGeneratedFile, D:\ykl\STM32CubeIDE_1.12.1\workspace\RTC\Core\Src\stm32f1xx_it.c_save
2023-07-12 17:37:01,240 [INFO] CodeEngine:279 - Generated code: D:\ykl\STM32CubeIDE_1.12.1\workspace\RTC\Core\Src\stm32f1xx_it.c
2023-07-12 17:37:01,249 [INFO] CodeEngine:255 - oldGeneratedFile, D:\ykl\STM32CubeIDE_1.12.1\workspace\RTC\Core\Inc\stm32f1xx_it.h_save
2023-07-12 17:37:01,353 [INFO] CodeEngine:279 - Generated code: D:\ykl\STM32CubeIDE_1.12.1\workspace\RTC\Core\Inc\stm32f1xx_it.h
2023-07-12 17:37:01,415 [INFO] CodeEngine:255 - oldGeneratedFile, D:\ykl\STM32CubeIDE_1.12.1\workspace\RTC\Core\Src\stm32f1xx_hal_msp.c_save
2023-07-12 17:37:01,549 [INFO] CodeEngine:279 - Generated code: D:\ykl\STM32CubeIDE_1.12.1\workspace\RTC\Core\Src\stm32f1xx_hal_msp.c
2023-07-12 17:37:01,555 [INFO] CodeEngine:255 - oldGeneratedFile, D:\ykl\STM32CubeIDE_1.12.1\workspace\RTC\MXTmpFiles\system.tmp_save
2023-07-12 17:37:01,648 [INFO] CodeEngine:279 - Generated code: D:\ykl\STM32CubeIDE_1.12.1\workspace\RTC\MXTmpFiles\system.tmp
2023-07-12 17:37:01,661 [INFO] CodeEngine:311 - oldGeneratedFile, D:\ykl\STM32CubeIDE_1.12.1\workspace\RTC\Core\Inc\stm32f1xx_hal_conf.h_save
2023-07-12 17:37:01,797 [INFO] CodeEngine:335 - Generated code: D:\ykl\STM32CubeIDE_1.12.1\workspace\RTC\Core\Inc\stm32f1xx_hal_conf.h
2023-07-12 17:37:01,836 [INFO] CodeEngine:255 - oldGeneratedFile, D:\ykl\STM32CubeIDE_1.12.1\workspace\RTC\Core\Inc\main.h_save
2023-07-12 17:37:01,970 [INFO] CodeEngine:279 - Generated code: D:\ykl\STM32CubeIDE_1.12.1\workspace\RTC\Core\Inc\main.h
2023-07-12 17:37:01,981 [INFO] CodeEngine:255 - oldGeneratedFile, D:\ykl\STM32CubeIDE_1.12.1\workspace\RTC\Core\Src\main.c_save
2023-07-12 17:37:02,150 [INFO] CodeEngine:279 - Generated code: D:\ykl\STM32CubeIDE_1.12.1\workspace\RTC\Core\Src\main.c
2023-07-12 17:37:03,560 [INFO] ProjectBuilder:2996 - Time for Copy HAL[1] : 316mS.
2023-07-12 17:37:03,565 [INFO] ProjectBuilder:4304 - Project Generator version: 3.19.2
2023-07-12 17:37:04,682 [INFO] ConfigFileManager:1483 - The Die is : DIE414
2023-07-12 17:37:08,686 [INFO] ProjectBuilder:4505 - Time for Generating toolchain IDE Files: 5120mS.
2023-07-12 17:37:08,688 [INFO] ProjectBuilder:2867 - Time for Copy CMSIS : 2mS.
2023-07-12 17:37:08,759 [INFO] ProjectBuilder:2867 - Time for Copy CMSIS : 1mS.
2023-07-12 17:38:05,260 [INFO] NvicIntPanel:101 - NVIC parent = com.st.microxplorer.plugins.ip.nvic.MultiNvicIntPanel[,0,0,0x0,invalid,layout=javax.swing.BoxLayout,alignmentX=0.0,alignmentY=0.0,border=,flags=9,maximumSize=,minimumSize=,preferredSize=]
2023-07-12 17:38:05,672 [INFO] NvicIntPanel:101 - NVIC parent = com.st.microxplorer.plugins.ip.nvic.MultiNvicIntPanel[,0,0,0x0,invalid,layout=javax.swing.BoxLayout,alignmentX=0.0,alignmentY=0.0,border=,flags=9,maximumSize=,minimumSize=,preferredSize=]
2023-07-12 17:38:06,670 [INFO] NvicIntPanel:101 - NVIC parent = com.st.microxplorer.plugins.ip.nvic.MultiNvicIntPanel[,0,0,0x0,invalid,layout=javax.swing.BoxLayout,alignmentX=0.0,alignmentY=0.0,border=,flags=9,maximumSize=,minimumSize=,preferredSize=]
2023-07-12 17:38:09,083 [INFO] UtilMem:75 - End SaveConfig() Used Memory: 634496080 Bytes (1073741824)
2023-07-12 17:38:10,780 [INFO] UtilMem:75 - End SaveConfig() Used Memory: 683779152 Bytes (1073741824)
2023-07-12 17:38:11,430 [INFO] BlockDiagram:2759 - set Specific Code input for plugin: RTC
2023-07-12 17:38:11,430 [INFO] BlockDiagram:2759 - set Specific Code input for plugin: SPI
2023-07-12 17:38:11,430 [INFO] BlockDiagram:2759 - set Specific Code input for plugin: FSMC
2023-07-12 17:38:11,430 [INFO] BlockDiagram:2759 - set Specific Code input for plugin: NVIC
2023-07-12 17:38:11,430 [INFO] BlockDiagram:2759 - set Specific Code input for plugin: USART
2023-07-12 17:38:11,432 [INFO] BlockDiagram:2759 - set Specific Code input for plugin: GPIO
2023-07-12 17:38:11,432 [INFO] BlockDiagram:2759 - set Specific Code input for plugin: RCC
2023-07-12 17:38:11,434 [INFO] CodeGenerator:793 - code generatio: config db path: D:\ykl\STM32CubeIDE_1.12.1\STM32CubeIDE\plugins\com.st.stm32cube.common.mx_6.8.1.202304191431\\db\
2023-07-12 17:38:11,827 [INFO] CodeEngine:255 - oldGeneratedFile, D:\ykl\STM32CubeIDE_1.12.1\workspace\RTC\MXTmpFiles\license.tmp_save
2023-07-12 17:38:12,029 [INFO] CodeEngine:279 - Generated code: D:\ykl\STM32CubeIDE_1.12.1\workspace\RTC\MXTmpFiles\license.tmp
2023-07-12 17:38:12,151 [INFO] CodeEngine:255 - oldGeneratedFile, D:\ykl\STM32CubeIDE_1.12.1\workspace\RTC\Core\Src\gpio.c_save
2023-07-12 17:38:12,345 [INFO] CodeEngine:279 - Generated code: D:\ykl\STM32CubeIDE_1.12.1\workspace\RTC\Core\Src\gpio.c
2023-07-12 17:38:12,354 [INFO] CodeEngine:255 - oldGeneratedFile, D:\ykl\STM32CubeIDE_1.12.1\workspace\RTC\Core\Inc\gpio.h_save
2023-07-12 17:38:12,503 [INFO] CodeEngine:279 - Generated code: D:\ykl\STM32CubeIDE_1.12.1\workspace\RTC\Core\Inc\gpio.h
2023-07-12 17:38:13,034 [INFO] CodeEngine:255 - oldGeneratedFile, D:\ykl\STM32CubeIDE_1.12.1\workspace\RTC\Core\Src\fsmc.c_save
2023-07-12 17:38:13,192 [INFO] CodeEngine:279 - Generated code: D:\ykl\STM32CubeIDE_1.12.1\workspace\RTC\Core\Src\fsmc.c
2023-07-12 17:38:13,200 [INFO] CodeEngine:255 - oldGeneratedFile, D:\ykl\STM32CubeIDE_1.12.1\workspace\RTC\Core\Inc\fsmc.h_save
2023-07-12 17:38:13,333 [INFO] CodeEngine:279 - Generated code: D:\ykl\STM32CubeIDE_1.12.1\workspace\RTC\Core\Inc\fsmc.h
2023-07-12 17:38:13,347 [INFO] CodeEngine:255 - oldGeneratedFile, D:\ykl\STM32CubeIDE_1.12.1\workspace\RTC\Core\Src\rtc.c_save
2023-07-12 17:38:13,625 [INFO] CodeEngine:279 - Generated code: D:\ykl\STM32CubeIDE_1.12.1\workspace\RTC\Core\Src\rtc.c
2023-07-12 17:38:13,637 [INFO] CodeEngine:255 - oldGeneratedFile, D:\ykl\STM32CubeIDE_1.12.1\workspace\RTC\Core\Inc\rtc.h_save
2023-07-12 17:38:13,759 [INFO] CodeEngine:279 - Generated code: D:\ykl\STM32CubeIDE_1.12.1\workspace\RTC\Core\Inc\rtc.h
2023-07-12 17:38:13,782 [INFO] CodeEngine:255 - oldGeneratedFile, D:\ykl\STM32CubeIDE_1.12.1\workspace\RTC\Core\Src\spi.c_save
2023-07-12 17:38:13,967 [INFO] CodeEngine:279 - Generated code: D:\ykl\STM32CubeIDE_1.12.1\workspace\RTC\Core\Src\spi.c
2023-07-12 17:38:13,976 [INFO] CodeEngine:255 - oldGeneratedFile, D:\ykl\STM32CubeIDE_1.12.1\workspace\RTC\Core\Inc\spi.h_save
2023-07-12 17:38:14,099 [INFO] CodeEngine:279 - Generated code: D:\ykl\STM32CubeIDE_1.12.1\workspace\RTC\Core\Inc\spi.h
2023-07-12 17:38:14,114 [INFO] CodeEngine:255 - oldGeneratedFile, D:\ykl\STM32CubeIDE_1.12.1\workspace\RTC\Core\Src\usart.c_save
2023-07-12 17:38:14,295 [INFO] CodeEngine:279 - Generated code: D:\ykl\STM32CubeIDE_1.12.1\workspace\RTC\Core\Src\usart.c
2023-07-12 17:38:14,305 [INFO] CodeEngine:255 - oldGeneratedFile, D:\ykl\STM32CubeIDE_1.12.1\workspace\RTC\Core\Inc\usart.h_save
2023-07-12 17:38:14,425 [INFO] CodeEngine:279 - Generated code: D:\ykl\STM32CubeIDE_1.12.1\workspace\RTC\Core\Inc\usart.h
2023-07-12 17:38:14,459 [INFO] CodeEngine:255 - oldGeneratedFile, D:\ykl\STM32CubeIDE_1.12.1\workspace\RTC\Core\Src\stm32f1xx_it.c_save
2023-07-12 17:38:14,811 [INFO] CodeEngine:279 - Generated code: D:\ykl\STM32CubeIDE_1.12.1\workspace\RTC\Core\Src\stm32f1xx_it.c
2023-07-12 17:38:14,821 [INFO] CodeEngine:255 - oldGeneratedFile, D:\ykl\STM32CubeIDE_1.12.1\workspace\RTC\Core\Inc\stm32f1xx_it.h_save
2023-07-12 17:38:14,950 [INFO] CodeEngine:279 - Generated code: D:\ykl\STM32CubeIDE_1.12.1\workspace\RTC\Core\Inc\stm32f1xx_it.h
2023-07-12 17:38:15,025 [INFO] CodeEngine:255 - oldGeneratedFile, D:\ykl\STM32CubeIDE_1.12.1\workspace\RTC\Core\Src\stm32f1xx_hal_msp.c_save
2023-07-12 17:38:15,160 [INFO] CodeEngine:279 - Generated code: D:\ykl\STM32CubeIDE_1.12.1\workspace\RTC\Core\Src\stm32f1xx_hal_msp.c
2023-07-12 17:38:15,166 [INFO] CodeEngine:255 - oldGeneratedFile, D:\ykl\STM32CubeIDE_1.12.1\workspace\RTC\MXTmpFiles\system.tmp_save
2023-07-12 17:38:15,261 [INFO] CodeEngine:279 - Generated code: D:\ykl\STM32CubeIDE_1.12.1\workspace\RTC\MXTmpFiles\system.tmp
2023-07-12 17:38:15,273 [INFO] CodeEngine:311 - oldGeneratedFile, D:\ykl\STM32CubeIDE_1.12.1\workspace\RTC\Core\Inc\stm32f1xx_hal_conf.h_save
2023-07-12 17:38:15,379 [INFO] CodeEngine:335 - Generated code: D:\ykl\STM32CubeIDE_1.12.1\workspace\RTC\Core\Inc\stm32f1xx_hal_conf.h
2023-07-12 17:38:15,413 [INFO] CodeEngine:255 - oldGeneratedFile, D:\ykl\STM32CubeIDE_1.12.1\workspace\RTC\Core\Inc\main.h_save
2023-07-12 17:38:15,538 [INFO] CodeEngine:279 - Generated code: D:\ykl\STM32CubeIDE_1.12.1\workspace\RTC\Core\Inc\main.h
2023-07-12 17:38:15,545 [INFO] CodeEngine:255 - oldGeneratedFile, D:\ykl\STM32CubeIDE_1.12.1\workspace\RTC\Core\Src\main.c_save
2023-07-12 17:38:15,687 [INFO] CodeEngine:279 - Generated code: D:\ykl\STM32CubeIDE_1.12.1\workspace\RTC\Core\Src\main.c
2023-07-12 17:38:17,429 [INFO] ProjectBuilder:2996 - Time for Copy HAL[1] : 335mS.
2023-07-12 17:38:17,437 [INFO] ProjectBuilder:4304 - Project Generator version: 3.19.2
2023-07-12 17:38:18,205 [INFO] ConfigFileManager:1483 - The Die is : DIE414
2023-07-12 17:38:22,504 [INFO] ProjectBuilder:4505 - Time for Generating toolchain IDE Files: 5068mS.
2023-07-12 17:38:22,506 [INFO] ProjectBuilder:2867 - Time for Copy CMSIS : 2mS.
2023-07-12 17:38:22,510 [INFO] ProjectBuilder:2867 - Time for Copy CMSIS : 0mS.
2023-07-12 17:38:42,333 [INFO] NvicIntPanel:101 - NVIC parent = com.st.microxplorer.plugins.ip.nvic.MultiNvicIntPanel[,0,0,0x0,invalid,layout=javax.swing.BoxLayout,alignmentX=0.0,alignmentY=0.0,border=,flags=9,maximumSize=,minimumSize=,preferredSize=]
2023-07-12 17:38:46,029 [INFO] UtilMem:75 - End SaveConfig() Used Memory: 696367328 Bytes (1073741824)
2023-07-12 17:38:49,521 [INFO] UtilMem:75 - End SaveConfig() Used Memory: 637313088 Bytes (1073741824)
2023-07-12 17:38:51,514 [INFO] BlockDiagram:2759 - set Specific Code input for plugin: RTC
2023-07-12 17:38:51,515 [INFO] BlockDiagram:2759 - set Specific Code input for plugin: SPI
2023-07-12 17:38:51,515 [INFO] BlockDiagram:2759 - set Specific Code input for plugin: FSMC
2023-07-12 17:38:51,516 [INFO] BlockDiagram:2759 - set Specific Code input for plugin: NVIC
2023-07-12 17:38:51,516 [INFO] BlockDiagram:2759 - set Specific Code input for plugin: USART
2023-07-12 17:38:51,520 [INFO] BlockDiagram:2759 - set Specific Code input for plugin: GPIO
2023-07-12 17:38:51,521 [INFO] BlockDiagram:2759 - set Specific Code input for plugin: RCC
2023-07-12 17:38:51,527 [INFO] CodeGenerator:793 - code generatio: config db path: D:\ykl\STM32CubeIDE_1.12.1\STM32CubeIDE\plugins\com.st.stm32cube.common.mx_6.8.1.202304191431\\db\
2023-07-12 17:38:54,137 [INFO] CodeEngine:255 - oldGeneratedFile, D:\ykl\STM32CubeIDE_1.12.1\workspace\RTC\MXTmpFiles\license.tmp_save
2023-07-12 17:38:54,633 [INFO] CodeEngine:279 - Generated code: D:\ykl\STM32CubeIDE_1.12.1\workspace\RTC\MXTmpFiles\license.tmp
2023-07-12 17:38:55,181 [INFO] CodeEngine:255 - oldGeneratedFile, D:\ykl\STM32CubeIDE_1.12.1\workspace\RTC\Core\Src\gpio.c_save
2023-07-12 17:38:55,719 [INFO] CodeEngine:279 - Generated code: D:\ykl\STM32CubeIDE_1.12.1\workspace\RTC\Core\Src\gpio.c
2023-07-12 17:38:55,753 [INFO] CodeEngine:255 - oldGeneratedFile, D:\ykl\STM32CubeIDE_1.12.1\workspace\RTC\Core\Inc\gpio.h_save
2023-07-12 17:38:56,263 [INFO] CodeEngine:279 - Generated code: D:\ykl\STM32CubeIDE_1.12.1\workspace\RTC\Core\Inc\gpio.h
2023-07-12 17:38:58,419 [INFO] CodeEngine:255 - oldGeneratedFile, D:\ykl\STM32CubeIDE_1.12.1\workspace\RTC\Core\Src\fsmc.c_save
2023-07-12 17:38:59,022 [INFO] CodeEngine:279 - Generated code: D:\ykl\STM32CubeIDE_1.12.1\workspace\RTC\Core\Src\fsmc.c
2023-07-12 17:38:59,058 [INFO] CodeEngine:255 - oldGeneratedFile, D:\ykl\STM32CubeIDE_1.12.1\workspace\RTC\Core\Inc\fsmc.h_save
2023-07-12 17:38:59,573 [INFO] CodeEngine:279 - Generated code: D:\ykl\STM32CubeIDE_1.12.1\workspace\RTC\Core\Inc\fsmc.h
2023-07-12 17:38:59,630 [INFO] CodeEngine:255 - oldGeneratedFile, D:\ykl\STM32CubeIDE_1.12.1\workspace\RTC\Core\Src\rtc.c_save
2023-07-12 17:39:00,304 [INFO] CodeEngine:279 - Generated code: D:\ykl\STM32CubeIDE_1.12.1\workspace\RTC\Core\Src\rtc.c
2023-07-12 17:39:00,342 [INFO] CodeEngine:255 - oldGeneratedFile, D:\ykl\STM32CubeIDE_1.12.1\workspace\RTC\Core\Inc\rtc.h_save
2023-07-12 17:39:00,884 [INFO] CodeEngine:279 - Generated code: D:\ykl\STM32CubeIDE_1.12.1\workspace\RTC\Core\Inc\rtc.h
2023-07-12 17:39:00,954 [INFO] CodeEngine:255 - oldGeneratedFile, D:\ykl\STM32CubeIDE_1.12.1\workspace\RTC\Core\Src\spi.c_save
2023-07-12 17:39:01,685 [INFO] CodeEngine:279 - Generated code: D:\ykl\STM32CubeIDE_1.12.1\workspace\RTC\Core\Src\spi.c
2023-07-12 17:39:01,720 [INFO] CodeEngine:255 - oldGeneratedFile, D:\ykl\STM32CubeIDE_1.12.1\workspace\RTC\Core\Inc\spi.h_save
2023-07-12 17:39:02,245 [INFO] CodeEngine:279 - Generated code: D:\ykl\STM32CubeIDE_1.12.1\workspace\RTC\Core\Inc\spi.h
2023-07-12 17:39:02,319 [INFO] CodeEngine:255 - oldGeneratedFile, D:\ykl\STM32CubeIDE_1.12.1\workspace\RTC\Core\Src\usart.c_save
2023-07-12 17:39:02,997 [INFO] CodeEngine:279 - Generated code: D:\ykl\STM32CubeIDE_1.12.1\workspace\RTC\Core\Src\usart.c
2023-07-12 17:39:03,024 [INFO] CodeEngine:255 - oldGeneratedFile, D:\ykl\STM32CubeIDE_1.12.1\workspace\RTC\Core\Inc\usart.h_save
2023-07-12 17:39:03,426 [INFO] CodeEngine:279 - Generated code: D:\ykl\STM32CubeIDE_1.12.1\workspace\RTC\Core\Inc\usart.h
2023-07-12 17:39:03,481 [INFO] CodeEngine:255 - oldGeneratedFile, D:\ykl\STM32CubeIDE_1.12.1\workspace\RTC\Core\Src\stm32f1xx_it.c_save
2023-07-12 17:39:04,001 [INFO] CodeEngine:279 - Generated code: D:\ykl\STM32CubeIDE_1.12.1\workspace\RTC\Core\Src\stm32f1xx_it.c
2023-07-12 17:39:04,033 [INFO] CodeEngine:255 - oldGeneratedFile, D:\ykl\STM32CubeIDE_1.12.1\workspace\RTC\Core\Inc\stm32f1xx_it.h_save
2023-07-12 17:39:04,439 [INFO] CodeEngine:279 - Generated code: D:\ykl\STM32CubeIDE_1.12.1\workspace\RTC\Core\Inc\stm32f1xx_it.h
2023-07-12 17:39:04,723 [INFO] CodeEngine:255 - oldGeneratedFile, D:\ykl\STM32CubeIDE_1.12.1\workspace\RTC\Core\Src\stm32f1xx_hal_msp.c_save
2023-07-12 17:39:05,255 [INFO] CodeEngine:279 - Generated code: D:\ykl\STM32CubeIDE_1.12.1\workspace\RTC\Core\Src\stm32f1xx_hal_msp.c
2023-07-12 17:39:05,275 [INFO] CodeEngine:255 - oldGeneratedFile, D:\ykl\STM32CubeIDE_1.12.1\workspace\RTC\MXTmpFiles\system.tmp_save
2023-07-12 17:39:05,649 [INFO] CodeEngine:279 - Generated code: D:\ykl\STM32CubeIDE_1.12.1\workspace\RTC\MXTmpFiles\system.tmp
2023-07-12 17:39:05,687 [INFO] CodeEngine:311 - oldGeneratedFile, D:\ykl\STM32CubeIDE_1.12.1\workspace\RTC\Core\Inc\stm32f1xx_hal_conf.h_save
2023-07-12 17:39:06,126 [INFO] CodeEngine:335 - Generated code: D:\ykl\STM32CubeIDE_1.12.1\workspace\RTC\Core\Inc\stm32f1xx_hal_conf.h
2023-07-12 17:39:06,239 [INFO] CodeEngine:255 - oldGeneratedFile, D:\ykl\STM32CubeIDE_1.12.1\workspace\RTC\Core\Inc\main.h_save
2023-07-12 17:39:06,743 [INFO] CodeEngine:279 - Generated code: D:\ykl\STM32CubeIDE_1.12.1\workspace\RTC\Core\Inc\main.h
2023-07-12 17:39:06,769 [INFO] CodeEngine:255 - oldGeneratedFile, D:\ykl\STM32CubeIDE_1.12.1\workspace\RTC\Core\Src\main.c_save
2023-07-12 17:39:07,470 [INFO] CodeEngine:279 - Generated code: D:\ykl\STM32CubeIDE_1.12.1\workspace\RTC\Core\Src\main.c
2023-07-12 17:39:13,253 [INFO] ProjectBuilder:2996 - Time for Copy HAL[1] : 1057mS.
2023-07-12 17:39:13,279 [INFO] ProjectBuilder:4304 - Project Generator version: 3.19.2
2023-07-12 17:39:16,770 [INFO] ConfigFileManager:1483 - The Die is : DIE414
2023-07-12 17:39:25,483 [INFO] ProjectBuilder:4505 - Time for Generating toolchain IDE Files: 12205mS.
2023-07-12 17:39:25,485 [INFO] ProjectBuilder:2867 - Time for Copy CMSIS : 1mS.
2023-07-12 17:39:25,489 [INFO] ProjectBuilder:2867 - Time for Copy CMSIS : 1mS.
2023-07-12 17:47:51,235 [INFO] NvicIntPanel:101 - NVIC parent = com.st.microxplorer.plugins.ip.nvic.MultiNvicIntPanel[,0,0,0x0,invalid,layout=javax.swing.BoxLayout,alignmentX=0.0,alignmentY=0.0,border=,flags=9,maximumSize=,minimumSize=,preferredSize=]
2023-07-12 17:47:54,596 [INFO] UtilMem:75 - End SaveConfig() Used Memory: 694219032 Bytes (1073741824)
2023-07-12 17:47:56,140 [INFO] UtilMem:75 - End SaveConfig() Used Memory: 773910808 Bytes (1073741824)
2023-07-12 17:47:56,845 [INFO] BlockDiagram:2759 - set Specific Code input for plugin: RTC
2023-07-12 17:47:56,845 [INFO] BlockDiagram:2759 - set Specific Code input for plugin: SPI
2023-07-12 17:47:56,845 [INFO] BlockDiagram:2759 - set Specific Code input for plugin: FSMC
2023-07-12 17:47:56,845 [INFO] BlockDiagram:2759 - set Specific Code input for plugin: NVIC
2023-07-12 17:47:56,845 [INFO] BlockDiagram:2759 - set Specific Code input for plugin: USART
2023-07-12 17:47:56,846 [INFO] BlockDiagram:2759 - set Specific Code input for plugin: GPIO
2023-07-12 17:47:56,847 [INFO] BlockDiagram:2759 - set Specific Code input for plugin: RCC
2023-07-12 17:47:56,849 [INFO] CodeGenerator:793 - code generatio: config db path: D:\ykl\STM32CubeIDE_1.12.1\STM32CubeIDE\plugins\com.st.stm32cube.common.mx_6.8.1.202304191431\\db\
2023-07-12 17:47:57,219 [INFO] CodeEngine:255 - oldGeneratedFile, D:\ykl\STM32CubeIDE_1.12.1\workspace\RTC\MXTmpFiles\license.tmp_save
2023-07-12 17:47:57,371 [INFO] CodeEngine:279 - Generated code: D:\ykl\STM32CubeIDE_1.12.1\workspace\RTC\MXTmpFiles\license.tmp
2023-07-12 17:47:57,452 [INFO] CodeEngine:255 - oldGeneratedFile, D:\ykl\STM32CubeIDE_1.12.1\workspace\RTC\Core\Src\gpio.c_save
2023-07-12 17:47:57,705 [INFO] CodeEngine:279 - Generated code: D:\ykl\STM32CubeIDE_1.12.1\workspace\RTC\Core\Src\gpio.c
2023-07-12 17:47:57,718 [INFO] CodeEngine:255 - oldGeneratedFile, D:\ykl\STM32CubeIDE_1.12.1\workspace\RTC\Core\Inc\gpio.h_save
2023-07-12 17:47:57,866 [INFO] CodeEngine:279 - Generated code: D:\ykl\STM32CubeIDE_1.12.1\workspace\RTC\Core\Inc\gpio.h
2023-07-12 17:47:58,252 [INFO] CodeEngine:255 - oldGeneratedFile, D:\ykl\STM32CubeIDE_1.12.1\workspace\RTC\Core\Src\fsmc.c_save
2023-07-12 17:47:58,453 [INFO] CodeEngine:279 - Generated code: D:\ykl\STM32CubeIDE_1.12.1\workspace\RTC\Core\Src\fsmc.c
2023-07-12 17:47:58,462 [INFO] CodeEngine:255 - oldGeneratedFile, D:\ykl\STM32CubeIDE_1.12.1\workspace\RTC\Core\Inc\fsmc.h_save
2023-07-12 17:47:58,728 [INFO] CodeEngine:279 - Generated code: D:\ykl\STM32CubeIDE_1.12.1\workspace\RTC\Core\Inc\fsmc.h
2023-07-12 17:47:58,752 [INFO] CodeEngine:255 - oldGeneratedFile, D:\ykl\STM32CubeIDE_1.12.1\workspace\RTC\Core\Src\rtc.c_save
2023-07-12 17:47:59,046 [INFO] CodeEngine:279 - Generated code: D:\ykl\STM32CubeIDE_1.12.1\workspace\RTC\Core\Src\rtc.c
2023-07-12 17:47:59,055 [INFO] CodeEngine:255 - oldGeneratedFile, D:\ykl\STM32CubeIDE_1.12.1\workspace\RTC\Core\Inc\rtc.h_save
2023-07-12 17:47:59,176 [INFO] CodeEngine:279 - Generated code: D:\ykl\STM32CubeIDE_1.12.1\workspace\RTC\Core\Inc\rtc.h
2023-07-12 17:47:59,192 [INFO] CodeEngine:255 - oldGeneratedFile, D:\ykl\STM32CubeIDE_1.12.1\workspace\RTC\Core\Src\spi.c_save
2023-07-12 17:47:59,375 [INFO] CodeEngine:279 - Generated code: D:\ykl\STM32CubeIDE_1.12.1\workspace\RTC\Core\Src\spi.c
2023-07-12 17:47:59,385 [INFO] CodeEngine:255 - oldGeneratedFile, D:\ykl\STM32CubeIDE_1.12.1\workspace\RTC\Core\Inc\spi.h_save
2023-07-12 17:47:59,535 [INFO] CodeEngine:279 - Generated code: D:\ykl\STM32CubeIDE_1.12.1\workspace\RTC\Core\Inc\spi.h
2023-07-12 17:47:59,558 [INFO] CodeEngine:255 - oldGeneratedFile, D:\ykl\STM32CubeIDE_1.12.1\workspace\RTC\Core\Src\usart.c_save
2023-07-12 17:47:59,755 [INFO] CodeEngine:279 - Generated code: D:\ykl\STM32CubeIDE_1.12.1\workspace\RTC\Core\Src\usart.c
2023-07-12 17:47:59,764 [INFO] CodeEngine:255 - oldGeneratedFile, D:\ykl\STM32CubeIDE_1.12.1\workspace\RTC\Core\Inc\usart.h_save
2023-07-12 17:47:59,893 [INFO] CodeEngine:279 - Generated code: D:\ykl\STM32CubeIDE_1.12.1\workspace\RTC\Core\Inc\usart.h
2023-07-12 17:47:59,910 [INFO] CodeEngine:255 - oldGeneratedFile, D:\ykl\STM32CubeIDE_1.12.1\workspace\RTC\Core\Src\stm32f1xx_it.c_save
2023-07-12 17:48:00,349 [INFO] CodeEngine:279 - Generated code: D:\ykl\STM32CubeIDE_1.12.1\workspace\RTC\Core\Src\stm32f1xx_it.c
2023-07-12 17:48:00,358 [INFO] CodeEngine:255 - oldGeneratedFile, D:\ykl\STM32CubeIDE_1.12.1\workspace\RTC\Core\Inc\stm32f1xx_it.h_save
2023-07-12 17:48:00,470 [INFO] CodeEngine:279 - Generated code: D:\ykl\STM32CubeIDE_1.12.1\workspace\RTC\Core\Inc\stm32f1xx_it.h
2023-07-12 17:48:00,529 [INFO] CodeEngine:255 - oldGeneratedFile, D:\ykl\STM32CubeIDE_1.12.1\workspace\RTC\Core\Src\stm32f1xx_hal_msp.c_save
2023-07-12 17:48:00,660 [INFO] CodeEngine:279 - Generated code: D:\ykl\STM32CubeIDE_1.12.1\workspace\RTC\Core\Src\stm32f1xx_hal_msp.c
2023-07-12 17:48:00,665 [INFO] CodeEngine:255 - oldGeneratedFile, D:\ykl\STM32CubeIDE_1.12.1\workspace\RTC\MXTmpFiles\system.tmp_save
2023-07-12 17:48:00,759 [INFO] CodeEngine:279 - Generated code: D:\ykl\STM32CubeIDE_1.12.1\workspace\RTC\MXTmpFiles\system.tmp
2023-07-12 17:48:00,770 [INFO] CodeEngine:311 - oldGeneratedFile, D:\ykl\STM32CubeIDE_1.12.1\workspace\RTC\Core\Inc\stm32f1xx_hal_conf.h_save
2023-07-12 17:48:00,888 [INFO] CodeEngine:335 - Generated code: D:\ykl\STM32CubeIDE_1.12.1\workspace\RTC\Core\Inc\stm32f1xx_hal_conf.h
2023-07-12 17:48:00,921 [INFO] CodeEngine:255 - oldGeneratedFile, D:\ykl\STM32CubeIDE_1.12.1\workspace\RTC\Core\Inc\main.h_save
2023-07-12 17:48:01,042 [INFO] CodeEngine:279 - Generated code: D:\ykl\STM32CubeIDE_1.12.1\workspace\RTC\Core\Inc\main.h
2023-07-12 17:48:01,049 [INFO] CodeEngine:255 - oldGeneratedFile, D:\ykl\STM32CubeIDE_1.12.1\workspace\RTC\Core\Src\main.c_save
2023-07-12 17:48:01,188 [INFO] CodeEngine:279 - Generated code: D:\ykl\STM32CubeIDE_1.12.1\workspace\RTC\Core\Src\main.c
2023-07-12 17:48:02,545 [INFO] ProjectBuilder:2996 - Time for Copy HAL[1] : 286mS.
2023-07-12 17:48:02,551 [INFO] ProjectBuilder:4304 - Project Generator version: 3.19.2
2023-07-12 17:48:03,392 [INFO] ConfigFileManager:1483 - The Die is : DIE414
2023-07-12 17:48:07,493 [INFO] ProjectBuilder:4505 - Time for Generating toolchain IDE Files: 4942mS.
2023-07-12 17:48:07,495 [INFO] ProjectBuilder:2867 - Time for Copy CMSIS : 2mS.
2023-07-12 17:48:07,498 [INFO] ProjectBuilder:2867 - Time for Copy CMSIS : 0mS.
