2023-07-20 09:22:31,501 [INFO] LogOutputStream:77 - [STDOUT_REDIRECT] 1 : Invalid condition id : UX_CORESTACK_Condition cause : null
2023-07-20 09:22:31,517 [INFO] LogOutputStream:77 - [STDOUT_REDIRECT] 1 : Invalid condition id : UX_CORESTACK_Condition cause : null
2023-07-20 09:22:31,517 [INFO] LogOutputStream:77 - [STDOUT_REDIRECT] 1 : Invalid condition id : UX_CORESTACK_Condition cause : null
2023-07-20 09:22:31,517 [INFO] LogOutputStream:77 - [STDOUT_REDIRECT] 1 : Invalid condition id : UX_CORESTACK_Condition cause : null
2023-07-20 09:22:31,532 [INFO] LogOutputStream:77 - [STDOUT_REDIRECT] 1 : Invalid condition id : UX_CORESTACK_Condition cause : null
2023-07-20 09:22:31,532 [WARN] PackLoader:240 - Cannot read IP mode file for STMicroelectronics.X-CUBE-AZRTOS-WL.2.0.0
2023-07-20 09:22:31,564 [WARN] PackLoader:240 - Cannot read IP mode file for WES.I-CUBE-Cesium.1.3.0
2023-07-20 09:22:31,579 [WARN] PackLoader:240 - Cannot read IP mode file for STMicroelectronics.X-CUBE-BLE2.3.3.0
2023-07-20 09:22:31,610 [WARN] PackLoader:240 - Cannot read IP mode file for STMicroelectronics.X-CUBE-ALGOBUILD.1.3.0
2023-07-20 09:22:31,657 [WARN] PackLoader:240 - Cannot read IP mode file for STMicroelectronics.X-CUBE-AZRTOS-G0.1.1.0
2023-07-20 09:22:31,688 [WARN] PackLoader:240 - Cannot read IP mode file for STMicroelectronics.X-CUBE-NFC4.3.0.0
2023-07-20 09:22:31,704 [WARN] PackLoader:240 - Cannot read IP mode file for STMicroelectronics.FP-ATR-SIGFOX1.3.2.0
2023-07-20 09:22:31,844 [WARN] PackLoader:240 - Cannot read IP mode file for SEGGER.I-CUBE-embOS.1.3.1
2023-07-20 09:22:32,032 [WARN] PackLoader:240 - Cannot read IP mode file for STMicroelectronics.X-CUBE-GNSS1.6.0.0
2023-07-20 09:22:32,063 [WARN] PackLoader:240 - Cannot read IP mode file for STMicroelectronics.X-CUBE-AZRTOS-F4.1.1.0
2023-07-20 09:22:32,094 [WARN] PackLoader:240 - Cannot read IP mode file for wolfSSL.I-CUBE-wolfSSL.5.6.3
2023-07-20 09:22:32,219 [WARN] PackLoader:240 - Cannot read IP mode file for STMicroelectronics.X-CUBE-MEMS1.9.6.0
2023-07-20 09:22:32,640 [WARN] PackLoader:240 - Cannot read IP mode file for STMicroelectronics.X-CUBE-BLEMGR.2.0.0
2023-07-20 09:22:32,687 [WARN] ConditionMgr:438 - getConditionDescription Invalid condition id : UX DEVICE CLASS RTOS Condition cause : null
2023-07-20 09:22:32,687 [WARN] ConditionMgr:438 - getConditionDescription Invalid condition id : UX DEVICE CLASS RTOS Condition cause : null
2023-07-20 09:22:32,702 [WARN] PackLoader:240 - Cannot read IP mode file for STMicroelectronics.X-CUBE-AZRTOS-H7.3.1.0
2023-07-20 09:22:32,702 [WARN] ConditionMgr:1039 - genDependencies : Invalid condition id : UX DEVICE CLASS RTOS Condition cause : null
2023-07-20 09:22:32,702 [WARN] ConditionMgr:1039 - genDependencies : Invalid condition id : UX DEVICE CLASS RTOS Condition cause : null
2023-07-20 09:22:32,702 [WARN] ConditionMgr:1039 - genDependencies : Invalid condition id : UX DEVICE CLASS RTOS Condition cause : null
2023-07-20 09:22:32,702 [WARN] ConditionMgr:1039 - genDependencies : Invalid condition id : UX DEVICE CLASS RTOS Condition cause : null
2023-07-20 09:22:32,702 [WARN] ConditionMgr:1039 - genDependencies : Invalid condition id : UX DEVICE CLASS RTOS Condition cause : null
2023-07-20 09:22:32,718 [WARN] PackLoader:240 - Cannot read IP mode file for STMicroelectronics.X-CUBE-NFC7.1.0.1
2023-07-20 09:22:32,734 [WARN] PackLoader:240 - Cannot read IP mode file for STMicroelectronics.X-CUBE-EEPRMA1.4.1.0
2023-07-20 09:22:32,780 [WARN] ConditionMgr:438 - getConditionDescription Invalid condition id : LAN8742 Phy interface Condition cause : null
2023-07-20 09:22:32,780 [WARN] PackLoader:240 - Cannot read IP mode file for STMicroelectronics.X-CUBE-AZRTOS-L4.2.0.0
2023-07-20 09:22:32,796 [WARN] ConditionMgr:1039 - genDependencies : Invalid condition id : LAN8742 Phy interface Condition cause : null
2023-07-20 09:22:32,796 [WARN] ConditionMgr:1039 - genDependencies : Invalid condition id : LAN8742 Phy interface Condition cause : null
2023-07-20 09:22:32,796 [WARN] ConditionMgr:1039 - genDependencies : Invalid condition id : LAN8742 Phy interface Condition cause : null
2023-07-20 09:22:32,812 [WARN] PackLoader:240 - Cannot read IP mode file for STMicroelectronics.X-CUBE-SFXS2LP1.4.0.0
2023-07-20 09:22:32,812 [WARN] PackLoader:240 - Cannot read IP mode file for STMicroelectronics.X-CUBE-ISPU.1.1.0
2023-07-20 09:22:32,827 [WARN] PackLoader:240 - Cannot read IP mode file for STMicroelectronics.X-CUBE-FREERTOS.1.0.1
2023-07-20 09:22:32,858 [WARN] PackLoader:240 - Cannot read IP mode file for STMicroelectronics.X-CUBE-AZRTOS-L5.1.1.0
2023-07-20 09:22:32,874 [WARN] PackLoader:240 - Cannot read IP mode file for STMicroelectronics.X-CUBE-AI.8.0.1
2023-07-20 09:22:32,890 [WARN] PackLoader:240 - Cannot read IP mode file for STMicroelectronics.X-CUBE-SUBG2.5.0.0
2023-07-20 09:22:32,936 [WARN] PackLoader:240 - Cannot read IP mode file for STMicroelectronics.X-CUBE-TOF1.3.3.1
2023-07-20 09:22:32,999 [WARN] PackLoader:240 - Cannot read IP mode file for STMicroelectronics.X-CUBE-AZRTOS-G4.2.0.0
2023-07-20 09:22:33,014 [WARN] PackLoader:240 - Cannot read IP mode file for STMicroelectronics.X-CUBE-TOF1.3.3.0
2023-07-20 09:22:33,061 [WARN] PackLoader:240 - Cannot read IP mode file for portGmbH.I-Cube-SoM-uGOAL.1.1.0
2023-07-20 09:22:33,077 [WARN] PackLoader:240 - Cannot read IP mode file for STMicroelectronics.X-CUBE-ALS.1.0.1
2023-07-20 09:22:33,108 [WARN] PackLoader:240 - Cannot read IP mode file for STMicroelectronics.X-CUBE-AZRTOS-WB.1.1.0
2023-07-20 09:22:33,124 [WARN] PackLoader:240 - Cannot read IP mode file for STMicroelectronics.FP-ATR-ASTRA1.2.0.0
2023-07-20 09:22:33,124 [INFO] ThirdParty:978 - Integrity check success = true
2023-07-20 09:22:33,124 [INFO] IntegrityCheckThread:100 - exiting critical section [integrity check]
2023-07-20 09:22:33,124 [INFO] IntegrityCheckThread:103 - End integrity checks thread
2023-07-20 09:22:33,124 [INFO] ThirdParty:873 - entering critical section [close project]
2023-07-20 09:22:33,124 [INFO] ThirdParty:883 - exiting critical section [close project]
2023-07-20 09:22:33,139 [INFO] PinOutPanel:1499 - setPackage(No Configuration,No Configuration)
2023-07-20 09:22:33,155 [INFO] UtilMem:75 - Begin LoadConfig() Used Memory: 647304224 Bytes (844103680)
2023-07-20 09:22:33,155 [INFO] MicroXplorer:468 - Change Database Path : 
2023-07-20 09:22:33,155 [INFO] MicroXplorer:498 - Change Database Version : DB.6.0.81
2023-07-20 09:22:33,155 [INFO] OpenFileManager:308 - Change cursor
2023-07-20 09:22:33,248 [INFO] Mcu:1937 - Initializing MCU STM32F103Z(C-D-E)Tx STM32F103ZETx STM32F103ZET6
2023-07-20 09:22:36,833 [INFO] Context:659 - Trying to add GPIOservice into a context  which must be forbidden
2023-07-20 09:22:38,479 [INFO] RtosManager:555 - Registered RTOS mode: class=CMSIS, group=RTOS, mode=CMSIS_V1, owner=FREERTOS
2023-07-20 09:22:38,480 [INFO] RtosManager:555 - Registered RTOS mode: class=CMSIS, group=RTOS2, mode=CMSIS_V2, owner=FREERTOS
2023-07-20 09:22:38,480 [INFO] RtosManager:555 - Registered RTOS mode: class=RTOS, group=Core, mode=CMSIS_V1, owner=FREERTOS
2023-07-20 09:22:38,480 [INFO] RtosManager:555 - Registered RTOS mode: class=RTOS, group=Core, mode=CMSIS_V2, owner=FREERTOS
2023-07-20 09:22:38,481 [WARN] ModelIntegratedComponent:184 - Missing modes for component STMicroelectronics:FreeRTOS:0.0.1:STMicroelectronics:RTOS:FreeRTOS:Core:::10.2.0:
2023-07-20 09:22:38,539 [WARN] ModelIntegratedComponent:63 - No mode defined for component null
2023-07-20 09:22:38,539 [WARN] ModelIntegratedComponent:63 - No mode defined for component null
2023-07-20 09:22:38,540 [WARN] ModelIntegratedComponent:63 - No mode defined for component null
2023-07-20 09:22:38,540 [WARN] ModelIntegratedComponent:63 - No mode defined for component null
2023-07-20 09:22:38,540 [WARN] ModelIntegratedComponent:63 - No mode defined for component null
2023-07-20 09:22:38,540 [WARN] ModelIntegratedComponent:63 - No mode defined for component null
2023-07-20 09:22:38,540 [WARN] ModelIntegratedComponent:63 - No mode defined for component null
2023-07-20 09:22:38,540 [WARN] ModelIntegratedComponent:63 - No mode defined for component null
2023-07-20 09:22:38,541 [WARN] ModelIntegratedComponent:63 - No mode defined for component null
2023-07-20 09:22:38,541 [WARN] ModelIntegratedComponent:63 - No mode defined for component null
2023-07-20 09:22:38,541 [WARN] ModelIntegratedComponent:63 - No mode defined for component null
2023-07-20 09:22:38,541 [WARN] ModelIntegratedComponent:63 - No mode defined for component null
2023-07-20 09:22:38,541 [WARN] ModelIntegratedComponent:63 - No mode defined for component null
2023-07-20 09:22:38,541 [WARN] ModelIntegratedComponent:63 - No mode defined for component null
2023-07-20 09:22:38,542 [WARN] ModelIntegratedComponent:63 - No mode defined for component null
2023-07-20 09:22:38,542 [WARN] ModelIntegratedComponent:63 - No mode defined for component null
2023-07-20 09:22:38,542 [WARN] ModelIntegratedComponent:63 - No mode defined for component null
2023-07-20 09:22:38,542 [WARN] ModelIntegratedComponent:63 - No mode defined for component null
2023-07-20 09:22:38,542 [WARN] ModelIntegratedComponent:63 - No mode defined for component null
2023-07-20 09:22:38,542 [WARN] ModelIntegratedComponent:63 - No mode defined for component null
2023-07-20 09:22:38,543 [WARN] ModelIntegratedComponent:63 - No mode defined for component null
2023-07-20 09:22:38,543 [WARN] ModelIntegratedComponent:63 - No mode defined for component null
2023-07-20 09:22:38,543 [WARN] ModelIntegratedComponent:63 - No mode defined for component null
2023-07-20 09:22:38,543 [WARN] ModelIntegratedComponent:63 - No mode defined for component null
2023-07-20 09:22:38,543 [WARN] ModelIntegratedComponent:63 - No mode defined for component null
2023-07-20 09:22:38,543 [WARN] ModelIntegratedComponent:63 - No mode defined for component null
2023-07-20 09:22:38,543 [WARN] ModelIntegratedComponent:63 - No mode defined for component null
2023-07-20 09:22:38,544 [WARN] ModelIntegratedComponent:63 - No mode defined for component null
2023-07-20 09:22:38,544 [WARN] ModelIntegratedComponent:63 - No mode defined for component null
2023-07-20 09:22:38,544 [WARN] ModelIntegratedComponent:63 - No mode defined for component null
2023-07-20 09:22:38,544 [WARN] ModelIntegratedComponent:63 - No mode defined for component null
2023-07-20 09:22:38,544 [WARN] ModelIntegratedComponent:63 - No mode defined for component null
2023-07-20 09:22:38,544 [WARN] ModelIntegratedComponent:63 - No mode defined for component null
2023-07-20 09:22:38,619 [INFO] ThirdPartyModel:298 - Start build external matchings
2023-07-20 09:22:39,155 [INFO] ThirdPartyModel:316 - End build external matchings
2023-07-20 09:22:39,188 [INFO] RtosManager:919 - Current active RTOS is FREERTOS [Cortex-M3NS]
2023-07-20 09:22:39,235 [INFO] ImportTextPane:194 - (OptionalMessage_ERROR) IP (RCC) : Parameter (ADCFreqValue) has invalid value (36000000)
2023-07-20 09:22:39,236 [INFO] ImportTextPane:194 - (OptionalMessage_ERROR) IP (RCC) : Invalid parameter (FamilyName)
2023-07-20 09:22:39,237 [INFO] ImportTextPane:194 - (OptionalMessage_ERROR) IP (RCC) : Parameter (MCOFreq_Value) has invalid value (72000000)
2023-07-20 09:22:39,239 [INFO] ImportTextPane:194 - (OptionalMessage_ERROR) IP (RCC) : Parameter (USBFreq_Value) has invalid value (72000000)
2023-07-20 09:22:40,211 [INFO] UtilMem:75 - End LoadConfig() Used Memory: 490251680 Bytes (844103680)
2023-07-20 09:22:40,960 [INFO] ApiDb:581 - Connected to CubeFinder SQLite database (C:\Users\C012\.stmcufinder\plugins\mcufinder\mcu\cube-finder-db.db)
2023-07-20 09:22:41,771 [INFO] ApiDb:668 - CubeFinder database Data Model version=2.1
2023-07-20 09:22:41,771 [INFO] ApiDb:669 - CubeFinder database Configuration version=3.0.35
2023-07-20 09:22:41,771 [INFO] ApiDb:670 - CubeFinder database generation date=2023-05-12 (1683877179)
2023-07-20 09:22:41,771 [INFO] ApiDb:671 - CubeFinder database FW Pack versions=[FP-ATR-ASTRA1_V2.0.0, FP-SNS-FLIGHT1_V5.0.0, FP-SNS-MOTENV1_V4.3.0, STM32Cube_FW_C0_V1.0.1, STM32Cube_FW_F0_V1.11.4, STM32Cube_FW_F3_V1.11.4, STM32Cube_FW_F4_V1.27.1, STM32Cube_FW_F7_V1.17.0, STM32Cube_FW_G0_V1.6.1, STM32Cube_FW_G4_V1.5.1, STM32Cube_FW_H5_V0.5.1, STM32Cube_FW_H5_V1.0.0, STM32Cube_FW_H7_V1.11.0, STM32Cube_FW_L0_V1.12.2, STM32Cube_FW_L5_V1.5.0, STM32Cube_FW_U5_V1.2.0, STM32Cube_FW_WBA_V1.0.0, STM32Cube_FW_WBA_V1.0.0RC1, STM32Cube_FW_WBA_V1.0.0RC3, STM32Cube_FW_WB_V1.15.0RC1, STM32Cube_FW_WB_V1.16.0, STM32Cube_FW_WB_V1.16.0RC2, STM32Cube_FW_WL_V1.3.0, X-CUBE-ALGOBUILD_V1.3.0, X-CUBE-ALS_V1.0.1, X-CUBE-AZRTOS-F4_V1.1.0, X-CUBE-AZRTOS-F7_V1.1.0, X-CUBE-AZRTOS-G0_V1.1.0, X-CUBE-AZRTOS-G4_V2.0.0, X-CUBE-AZRTOS-H7_V3.1.0, X-CUBE-AZRTOS-L4_V1.0.0, X-CUBE-AZRTOS-L5_V1.1.0, X-CUBE-AZRTOS-WB_V1.1.0, X-CUBE-AZRTOS-WL_V1.0.0, X-CUBE-BLE1_V6.2.4, X-CUBE-BLE2_V3.3.0, X-CUBE-BLEMGR_V2.0.0, X-CUBE-EEPRMA1_V4.1.0, X-CUBE-FREERTOS_V1.0.1, X-CUBE-GNSS1_V6.0.0, X-CUBE-MEMS1_V9.1.0, X-CUBE-MEMS1_V9.4.0, X-CUBE-MEMS1_V9.6.0, X-CUBE-NFC4_V3.0.0, X-CUBE-NFC7_V1.0.0, X-CUBE-SFXS2LP1_V4.0.0, X-CUBE-SUBG2_V5.0.0]
2023-07-20 09:22:46,419 [INFO] ApiDb:240 - Found 297 in-development CPN: [B-G473E-ZEST1S, B-WB1M-WPAN1, B-WL5M-SUBG1, NUCLEO-C031C6, NUCLEO-H503RB, NUCLEO-H563ZI, NUCLEO-U545RE-Q, NUCLEO-U5A5ZJ-Q, NUCLEO-WBA52CG, STEVAL-PROTEUS1, STEVAL-STWINBX1, STM320518-EVAL, STM32C0116-DK, STM32C011D6Y3TR, STM32C011D6Y6TR, STM32C011F4P3, STM32C011F4P6, STM32C011F4U3, STM32C011F4U6TR, STM32C011F6P3, STM32C011F6P6, STM32C011F6U3, STM32C011F6U6TR, STM32C011J4M3, STM32C011J4M6, STM32C011J6M3, STM32C011J6M6, STM32C0316-DK, STM32C031C4T3, STM32C031C4T6, STM32C031C4U3, STM32C031C4U6, STM32C031C6T3, STM32C031C6T6, STM32C031C6U3, STM32C031C6U6, STM32C031F4P3, STM32C031F4P6, STM32C031F6P3, STM32C031F6P6, STM32C031G4U3, STM32C031G4U6, STM32C031G6U3, STM32C031G6U6, STM32C031K4T3, STM32C031K4T6, STM32C031K4U3, STM32C031K4U6, STM32C031K6T3, STM32C031K6T6, STM32C031K6U3, STM32C031K6U6, STM32G071K8TXN, STM32G071K8UXN, STM32G081GBU6N, STM32G081KBT6N, STM32G081KBUXN, STM32G0B1CCT6N, STM32G0B1KCT6, STM32G0B1NEY6TR, STM32G0B1RCT6N, STM32G0C1CCT6, STM32G0C1CCT6N, STM32G0C1CCU6N, STM32G0C1CET6N, STM32G0C1CEU6N, STM32G0C1KCT6, STM32G0C1NEY6TR, STM32G0C1RCI6N, STM32G0C1RCT6N, STM32G0C1REI6N, STM32G0C1RET6N, STM32G0C1VCI6, STM32G0C1VEI6, STM32G471CCT6, STM32G471CCU6, STM32G471CET3, STM32G471CET6, STM32G471CEU3, STM32G471CEU6, STM32G471MCT6, STM32G471MET3, STM32G471MET6, STM32G471MEY6TR, STM32G471QCT6, STM32G471QET3, STM32G471RCT6, STM32G471RET3, STM32G471RET6, STM32G471VCH6, STM32G471VCI6, STM32G471VCT6, STM32G471VEH3, STM32G471VEH6, STM32G471VEI3, STM32G471VEI6, STM32G471VET3, STM32G471VET6, STM32G474CCT6, STM32H503CBT6, STM32H503CBU6, STM32H503EBY6TR, STM32H503KBU6, STM32H503RBT6, STM32H562AGI6, STM32H562AII6, STM32H562IGK6, STM32H562IGT6, STM32H562IIK6, STM32H562IIT6, STM32H562RGT6, STM32H562RGV6, STM32H562RIT6, STM32H562RIV6, STM32H562VGT6, STM32H562VIT6, STM32H562ZGT6, STM32H562ZIT6, STM32H563AGI6, STM32H563AII3Q, STM32H563AII6, STM32H563IGK6, STM32H563IGT6, STM32H563IIK3Q, STM32H563IIK6, STM32H563IIT3Q, STM32H563IIT6, STM32H563MIY3QTR, STM32H563RGT6, STM32H563RGV6, STM32H563RIT6, STM32H563RIV6, STM32H563VGT6, STM32H563VIT3Q, STM32H563VIT6, STM32H563ZGT6, STM32H563ZIT3Q, STM32H563ZIT6, STM32H573AII3Q, STM32H573AII6, STM32H573I-DK, STM32H573IIK3Q, STM32H573IIK6, STM32H573IIT3Q, STM32H573IIT6, STM32H573MIY3QTR, STM32H573RIT6, STM32H573RIV6, STM32H573VIT3Q, STM32H573VIT6, STM32H573ZIT3Q, STM32H573ZIT6, STM32L4R5QGI6STR, STM32MP131AAE3, STM32MP131AAF3, STM32MP131AAG3, STM32MP131CAE3, STM32MP131CAF3, STM32MP131CAG3, STM32MP131DAE7, STM32MP131DAF7, STM32MP131DAG7, STM32MP131FAE7, STM32MP131FAF7, STM32MP131FAG7, STM32MP133AAE3, STM32MP133AAF3, STM32MP133AAG3, STM32MP133CAE3, STM32MP133CAF3, STM32MP133CAG3, STM32MP133DAE7, STM32MP133DAF7, STM32MP133DAG7, STM32MP133FAE7, STM32MP133FAF7, STM32MP133FAG7, STM32MP135AAE3, STM32MP135AAF3, STM32MP135AAG3, STM32MP135CAE3, STM32MP135CAF3, STM32MP135CAG3, STM32MP135DAE7, STM32MP135DAF7, STM32MP135DAG7, STM32MP135F-DK, STM32MP135FAE7, STM32MP135FAF7, STM32MP135FAF7T, STM32MP135FAF7U, STM32MP135FAG7, STM32U535CBT6, STM32U535CBT6Q, STM32U535CBU6, STM32U535CBU6Q, STM32U535CCT6, STM32U535CCT6Q, STM32U535CCU6, STM32U535CCU6Q, STM32U535CET6, STM32U535CET6Q, STM32U535CEU6, STM32U535CEU6Q, STM32U535JEY6QTR, STM32U535NCY6QTR, STM32U535NEY6QTR, STM32U535RBI6, STM32U535RBI6Q, STM32U535RBT6, STM32U535RBT6Q, STM32U535RCI6, STM32U535RCI6Q, STM32U535RCT6, STM32U535RCT6Q, STM32U535REI6, STM32U535REI6Q, STM32U535RET6, STM32U535RET6Q, STM32U535VCI6, STM32U535VCI6Q, STM32U535VCT6, STM32U535VCT6Q, STM32U535VEI6, STM32U535VEI6Q, STM32U535VET6, STM32U535VET6Q, STM32U545CET6, STM32U545CET6Q, STM32U545CEU6, STM32U545CEU6Q, STM32U545JEY6QTR, STM32U545NEY6QTR, STM32U545REI6, STM32U545REI6Q, STM32U545RET6, STM32U545RET6Q, STM32U545VEI6, STM32U545VEI6Q, STM32U545VET6, STM32U545VET6Q, STM32U595AIH6, STM32U595AIH6Q, STM32U595AJH6, STM32U595AJH6Q, STM32U595QII6, STM32U595QII6Q, STM32U595QJI6, STM32U595QJI6Q, STM32U595RIT6, STM32U595RIT6Q, STM32U595RJT6, STM32U595RJT6Q, STM32U595VIT6, STM32U595VIT6Q, STM32U595VJT6, STM32U595VJT6Q, STM32U595ZIT6, STM32U595ZIT6Q, STM32U595ZIY6QTR, STM32U595ZJT6, STM32U595ZJT6Q, STM32U595ZJY6QTR, STM32U599BJY6QTR, STM32U599NIH6Q, STM32U599NJH6Q, STM32U599VIT6Q, STM32U599VJT6, STM32U599VJT6Q, STM32U599ZIT6Q, STM32U599ZIY6QTR, STM32U599ZJT6Q, STM32U599ZJY6QTR, STM32U5A5AJH6, STM32U5A5AJH6Q, STM32U5A5QJI6, STM32U5A5QJI6Q, STM32U5A5RJT6, STM32U5A5RJT6Q, STM32U5A5VJT6, STM32U5A5VJT6Q, STM32U5A5ZJT6, STM32U5A5ZJT6Q, STM32U5A5ZJY6QTR, STM32U5A9BJY6QTR, STM32U5A9J-DK, STM32U5A9NJH6Q, STM32U5A9VJT6Q, STM32U5A9ZJT6Q, STM32U5A9ZJY6QTR, STM32WB1MMCH6, STM32WBA52CEU6, STM32WBA52CEU6T, STM32WBA52CGU6, STM32WBA52CGU6T, STM32WL5MOCH6, STM32WL5MOCH6TR]
2023-07-20 09:22:46,435 [INFO] DbMcus:216 - Found 3775 MCUs, 3775 are supported
2023-07-20 09:22:46,435 [INFO] ApiDb:423 - Load user favorites file C:\Users\C012/.stm32cubeide/favorites.mcus.txt: 0 item(s)
2023-07-20 09:22:46,435 [INFO] ApiDb:427 - User favorites MCUs=[]
2023-07-20 09:22:46,435 [INFO] DbMcus:222 - Set 0 / 0 favorites MCUs
2023-07-20 09:22:47,714 [WARN] ThirdParty:833 - waiting for thirdparty lock release [change project]
2023-07-20 09:22:47,714 [INFO] ThirdParty:835 - entering critical section [change project]
2023-07-20 09:22:47,714 [INFO] ThirdParty:1030 - CMSIS Pack Vendor :STMicroelectronics X-CUBE-ISPU 1.1.0
2023-07-20 09:22:47,714 [INFO] ThirdParty:1030 - CMSIS Pack Vendor :STMicroelectronics X-CUBE-GNSS1 6.0.0
2023-07-20 09:22:47,714 [INFO] ThirdParty:1030 - CMSIS Pack Vendor :STMicroelectronics USB_HOST 2.0.0
2023-07-20 09:22:47,714 [INFO] ThirdParty:1030 - CMSIS Pack Vendor :STMicroelectronics X-CUBE-AZRTOS-F4 1.1.0
2023-07-20 09:22:47,714 [INFO] ThirdParty:1030 - CMSIS Pack Vendor :STMicroelectronics LIBJPEG 8.0.0
2023-07-20 09:22:47,714 [INFO] ThirdParty:1030 - CMSIS Pack Vendor :wolfSSL I-CUBE-wolfSSL 5.6.3
2023-07-20 09:22:47,714 [INFO] ThirdParty:1030 - CMSIS Pack Vendor :STMicroelectronics X-CUBE-SMBUS 2.1.0
2023-07-20 09:22:47,714 [INFO] ThirdParty:1030 - CMSIS Pack Vendor :STMicroelectronics USB_DEVICE 3.0.0
2023-07-20 09:22:47,714 [INFO] ThirdParty:1030 - CMSIS Pack Vendor :STMicroelectronics X-CUBE-FREERTOS 1.0.1
2023-07-20 09:22:47,714 [INFO] ThirdParty:1030 - CMSIS Pack Vendor :STMicroelectronics X-CUBE-AZRTOS-F7 1.1.0
2023-07-20 09:22:47,714 [INFO] ThirdParty:1030 - CMSIS Pack Vendor :STMicroelectronics USB_DEVICE 2.0.0
2023-07-20 09:22:47,714 [INFO] ThirdParty:1030 - CMSIS Pack Vendor :STMicroelectronics X-CUBE-MEMS1 9.6.0
2023-07-20 09:22:47,714 [INFO] ThirdParty:1030 - CMSIS Pack Vendor :STMicroelectronics FP-SNS-MOTENV1 4.3.2
2023-07-20 09:22:47,714 [INFO] ThirdParty:1030 - CMSIS Pack Vendor :STMicroelectronics FP-SNS-FLIGHT1 5.0.1
2023-07-20 09:22:47,714 [INFO] ThirdParty:1030 - CMSIS Pack Vendor :STMicroelectronics X-CUBE-ALGOBUILD 1.3.0
2023-07-20 09:22:47,714 [INFO] ThirdParty:1030 - CMSIS Pack Vendor :STMicroelectronics X-CUBE-BLE1 6.2.4
2023-07-20 09:22:47,714 [INFO] ThirdParty:1030 - CMSIS Pack Vendor :STMicroelectronics X-CUBE-AZRTOS-L5 1.1.0
2023-07-20 09:22:47,714 [INFO] ThirdParty:1030 - CMSIS Pack Vendor :STMicroelectronics FreeRTOS 0.0.1
2023-07-20 09:22:47,714 [INFO] ThirdParty:1030 - CMSIS Pack Vendor :STMicroelectronics X-CUBE-AZRTOS-G0 1.1.0
2023-07-20 09:22:47,714 [INFO] ThirdParty:1030 - CMSIS Pack Vendor :STMicroelectronics X-CUBE-BLEMGR 2.0.0
2023-07-20 09:22:47,714 [INFO] ThirdParty:1030 - CMSIS Pack Vendor :STMicroelectronics X-CUBE-AI 8.0.1
2023-07-20 09:22:47,714 [INFO] ThirdParty:1030 - CMSIS Pack Vendor :STMicroelectronics X-CUBE-NFC4 3.0.0
2023-07-20 09:22:47,714 [INFO] ThirdParty:1030 - CMSIS Pack Vendor :STMicroelectronics X-CUBE-SUBG2 5.0.0
2023-07-20 09:22:47,714 [INFO] ThirdParty:1030 - CMSIS Pack Vendor :STMicroelectronics STM32_WPAN 1.0.0
2023-07-20 09:22:47,714 [INFO] ThirdParty:1030 - CMSIS Pack Vendor :STMicroelectronics lwIP 2.0.3
2023-07-20 09:22:47,714 [INFO] ThirdParty:1030 - CMSIS Pack Vendor :STMicroelectronics USB_HOST 1.0.0
2023-07-20 09:22:47,714 [INFO] ThirdParty:1030 - CMSIS Pack Vendor :STMicroelectronics X-CUBE-TOF1 3.3.1
2023-07-20 09:22:47,714 [INFO] ThirdParty:1030 - CMSIS Pack Vendor :STMicroelectronics X-CUBE-AZRTOS-G4 2.0.0
2023-07-20 09:22:47,714 [INFO] ThirdParty:1030 - CMSIS Pack Vendor :STMicroelectronics PDM2PCM 3.1.0
2023-07-20 09:22:47,714 [INFO] ThirdParty:1030 - CMSIS Pack Vendor :STMicroelectronics X-CUBE-AZRTOS-H7 3.1.0
2023-07-20 09:22:47,714 [INFO] ThirdParty:1030 - CMSIS Pack Vendor :STMicroelectronics X-CUBE-TOF1 3.3.0
2023-07-20 09:22:47,714 [INFO] ThirdParty:1030 - CMSIS Pack Vendor :STMicroelectronics PDM2PCM 3.3.0
2023-07-20 09:22:47,714 [INFO] ThirdParty:1030 - CMSIS Pack Vendor :STMicroelectronics X-CUBE-DISPLAY 3.0.0
2023-07-20 09:22:47,714 [INFO] ThirdParty:1030 - CMSIS Pack Vendor :STMicroelectronics FP-ATR-SIGFOX1 3.2.0
2023-07-20 09:22:47,714 [INFO] ThirdParty:1030 - CMSIS Pack Vendor :STMicroelectronics HAL Drivers 0.0.0
2023-07-20 09:22:47,714 [INFO] ThirdParty:1030 - CMSIS Pack Vendor :STMicroelectronics MBEDTLS 2.16.2
2023-07-20 09:22:47,714 [INFO] ThirdParty:1030 - CMSIS Pack Vendor :emotas I-CUBE-CANOPEN 1.3.0
2023-07-20 09:22:47,714 [INFO] ThirdParty:1030 - CMSIS Pack Vendor :STMicroelectronics X-CUBE-TOUCHGFX 4.22.0
2023-07-20 09:22:47,714 [INFO] ThirdParty:1030 - CMSIS Pack Vendor :STMicroelectronics X-CUBE-NFC7 1.0.1
2023-07-20 09:22:47,714 [INFO] ThirdParty:1030 - CMSIS Pack Vendor :STMicroelectronics MBEDTLS 2.14.1
2023-07-20 09:22:47,714 [INFO] ThirdParty:1030 - CMSIS Pack Vendor :STMicroelectronics X-CUBE-EEPRMA1 4.1.0
2023-07-20 09:22:47,714 [INFO] ThirdParty:1030 - CMSIS Pack Vendor :portGmbH I-Cube-SoM-uGOAL 1.1.0
2023-07-20 09:22:47,714 [INFO] ThirdParty:1030 - CMSIS Pack Vendor :STMicroelectronics X-CUBE-ALS 1.0.1
2023-07-20 09:22:47,714 [INFO] ThirdParty:1030 - CMSIS Pack Vendor :STMicroelectronics ThreadX 1.0.0
2023-07-20 09:22:47,714 [INFO] ThirdParty:1030 - CMSIS Pack Vendor :STMicroelectronics X-CUBE-AZRTOS-WB 1.1.0
2023-07-20 09:22:47,714 [INFO] ThirdParty:1030 - CMSIS Pack Vendor :STMicroelectronics X-CUBE-AZRTOS-WL 2.0.0
2023-07-20 09:22:47,714 [INFO] ThirdParty:1030 - CMSIS Pack Vendor :SEGGER I-CUBE-embOS 1.3.1
2023-07-20 09:22:47,730 [INFO] ThirdParty:1030 - CMSIS Pack Vendor :STMicroelectronics USB_DEVICE 1.0.0
2023-07-20 09:22:47,730 [INFO] ThirdParty:1030 - CMSIS Pack Vendor :STMicroelectronics X-CUBE-AZRTOS-L4 2.0.0
2023-07-20 09:22:47,730 [INFO] ThirdParty:1030 - CMSIS Pack Vendor :STMicroelectronics ThreadX 0.0.2
2023-07-20 09:22:47,730 [INFO] ThirdParty:1030 - CMSIS Pack Vendor :WES I-CUBE-Cesium 1.3.0
2023-07-20 09:22:47,730 [INFO] ThirdParty:1030 - CMSIS Pack Vendor :STMicroelectronics FP-ATR-ASTRA1 2.0.0
2023-07-20 09:22:47,730 [INFO] ThirdParty:1030 - CMSIS Pack Vendor :STMicroelectronics lwIP 2.1.2
2023-07-20 09:22:47,730 [INFO] ThirdParty:1030 - CMSIS Pack Vendor :STMicroelectronics X-CUBE-SFXS2LP1 4.0.0
2023-07-20 09:22:47,730 [INFO] ThirdParty:1030 - CMSIS Pack Vendor :STMicroelectronics X-CUBE-BLE2 3.3.0
2023-07-20 09:22:47,730 [INFO] ThirdParty:1030 - CMSIS Pack Vendor :STMicroelectronics PDM2PCM 3.2.0
2023-07-20 09:22:47,730 [INFO] ThirdParty:841 - exiting critical section [change project]
2023-07-20 09:22:49,662 [INFO] PinOutPanel:1499 - setPackage(No Configuration,No Configuration)
2023-07-20 09:22:49,670 [INFO] PinOutPanel:1499 - setPackage(STM32F103ZETx,LQFP144)
2023-07-20 09:22:52,181 [INFO] UtilMem:75 - Before build in PCC Used Memory: 641896760 Bytes (844103680)
2023-07-20 09:22:54,618 [INFO] UtilMem:75 - After build in PCC Used Memory: 559775032 Bytes (844103680)
2023-07-20 09:22:54,797 [INFO] ApiDbMcu:507 - Load IP Config File for FREERTOS
2023-07-20 09:22:54,883 [INFO] IPUIPlugin:80 - create IPUIPlugin
2023-07-20 09:22:54,883 [INFO] IPUIPlugin:80 - create IPUIPlugin
2023-07-20 09:22:54,883 [INFO] IPUIPlugin:80 - create IPUIPlugin
2023-07-20 09:22:54,883 [INFO] IPUIPlugin:80 - create IPUIPlugin
2023-07-20 09:22:54,883 [INFO] IPUIPlugin:80 - create IPUIPlugin
2023-07-20 09:22:54,883 [INFO] IPUIPlugin:80 - create IPUIPlugin
2023-07-20 09:22:54,883 [INFO] IPUIPlugin:80 - create IPUIPlugin
2023-07-20 09:22:54,883 [INFO] IPUIPlugin:80 - create IPUIPlugin
2023-07-20 09:22:54,883 [INFO] IPUIPlugin:80 - create IPUIPlugin
2023-07-20 09:22:54,883 [INFO] IPUIPlugin:80 - create IPUIPlugin
2023-07-20 09:22:54,883 [INFO] IPUIPlugin:80 - create IPUIPlugin
2023-07-20 09:22:54,883 [INFO] IPUIPlugin:80 - create IPUIPlugin
2023-07-20 09:22:54,883 [INFO] IPUIPlugin:80 - create IPUIPlugin
2023-07-20 09:22:54,883 [INFO] IPUIPlugin:80 - create IPUIPlugin
2023-07-20 09:22:54,883 [INFO] IPUIPlugin:80 - create IPUIPlugin
2023-07-20 09:22:54,898 [INFO] IPUIPlugin:80 - create IPUIPlugin
2023-07-20 09:22:54,898 [INFO] IPUIPlugin:80 - create IPUIPlugin
2023-07-20 09:22:54,898 [INFO] IPUIPlugin:80 - create IPUIPlugin
2023-07-20 09:22:54,898 [INFO] IPUIPlugin:80 - create IPUIPlugin
2023-07-20 09:22:54,898 [INFO] IPUIPlugin:80 - create IPUIPlugin
2023-07-20 09:22:54,898 [INFO] IPUIPlugin:80 - create IPUIPlugin
2023-07-20 09:22:54,898 [INFO] IPUIPlugin:80 - create IPUIPlugin
2023-07-20 09:22:54,898 [INFO] IPUIPlugin:80 - create IPUIPlugin
2023-07-20 09:22:54,898 [INFO] IPUIPlugin:80 - create IPUIPlugin
2023-07-20 09:22:54,898 [INFO] IPUIPlugin:80 - create IPUIPlugin
2023-07-20 09:22:54,898 [INFO] IPUIPlugin:80 - create IPUIPlugin
2023-07-20 09:22:54,898 [INFO] IPUIPlugin:80 - create IPUIPlugin
2023-07-20 09:22:54,898 [INFO] IPUIPlugin:80 - create IPUIPlugin
2023-07-20 09:22:54,898 [INFO] IPUIPlugin:80 - create IPUIPlugin
2023-07-20 09:22:54,898 [INFO] IPUIPlugin:80 - create IPUIPlugin
2023-07-20 09:22:54,898 [INFO] IPUIPlugin:80 - create IPUIPlugin
2023-07-20 09:22:54,898 [INFO] IPUIPlugin:80 - create IPUIPlugin
2023-07-20 09:22:54,898 [INFO] IPUIPlugin:80 - create IPUIPlugin
2023-07-20 09:22:54,898 [INFO] IPUIPlugin:80 - create IPUIPlugin
2023-07-20 09:22:54,898 [INFO] IPUIPlugin:80 - create IPUIPlugin
2023-07-20 09:22:54,898 [INFO] IPUIPlugin:80 - create IPUIPlugin
2023-07-20 09:22:54,898 [INFO] IPUIPlugin:80 - create IPUIPlugin
2023-07-20 09:22:54,898 [INFO] IPUIPlugin:80 - create IPUIPlugin
2023-07-20 09:22:54,914 [INFO] IPUIPlugin:80 - create IPUIPlugin
2023-07-20 09:22:54,914 [INFO] IPUIPlugin:80 - create IPUIPlugin
2023-07-20 09:22:55,054 [WARN] FreeRTOS:1023 - Null or empty value: should not occur! (nothing added to the table)
2023-07-20 09:22:56,193 [INFO] CADModel:165 - CPN selected for project levelSTM32F103ZET6
2023-07-20 09:22:56,193 [INFO] CADModel:114 - Register for checkConnection events
2023-07-20 09:22:56,224 [INFO] RtosManager:697 - Active RTOS found at IOC load: FREERTOS [Cortex-M3NS]
2023-07-20 09:22:56,318 [INFO] OpenFileManager:328 - Restore cursor
2023-07-20 10:58:26,826 [INFO] MainUpdater:2854 - connection check result : 10
2023-07-20 10:58:26,827 [INFO] MainUpdater:2854 - connection check result : 10
2023-07-20 10:58:27,242 [INFO] MicroXplorer:468 - Change Database Path : 
2023-07-20 10:58:27,242 [INFO] MicroXplorer:498 - Change Database Version : DB.6.0.81
2023-07-20 10:58:27,315 [WARN] ThirdParty:871 - waiting for thirdparty lock release [close project]
2023-07-20 10:58:27,315 [INFO] ThirdParty:873 - entering critical section [close project]
2023-07-20 10:58:27,315 [INFO] ThirdParty:883 - exiting critical section [close project]
2023-07-20 10:58:27,321 [INFO] PinOutPanel:1499 - setPackage(No Configuration,No Configuration)
2023-07-20 10:58:27,357 [INFO] UtilMem:75 - Begin LoadConfig() Used Memory: 723508880 Bytes (844103680)
2023-07-20 10:58:27,359 [INFO] MicroXplorer:468 - Change Database Path : 
2023-07-20 10:58:27,359 [INFO] MicroXplorer:498 - Change Database Version : DB.6.0.81
2023-07-20 10:58:27,360 [INFO] OpenFileManager:308 - Change cursor
2023-07-20 10:58:27,394 [INFO] Mcu:1937 - Initializing MCU STM32F103Z(C-D-E)Tx STM32F103ZETx STM32F103ZET6
2023-07-20 10:58:29,904 [INFO] Context:659 - Trying to add GPIOservice into a context  which must be forbidden
2023-07-20 10:58:30,647 [INFO] RtosManager:555 - Registered RTOS mode: class=CMSIS, group=RTOS, mode=CMSIS_V1, owner=FREERTOS
2023-07-20 10:58:30,647 [INFO] RtosManager:555 - Registered RTOS mode: class=CMSIS, group=RTOS2, mode=CMSIS_V2, owner=FREERTOS
2023-07-20 10:58:30,647 [INFO] RtosManager:555 - Registered RTOS mode: class=RTOS, group=Core, mode=CMSIS_V1, owner=FREERTOS
2023-07-20 10:58:30,648 [INFO] RtosManager:555 - Registered RTOS mode: class=RTOS, group=Core, mode=CMSIS_V2, owner=FREERTOS
2023-07-20 10:58:30,648 [WARN] ModelIntegratedComponent:184 - Missing modes for component STMicroelectronics:FreeRTOS:0.0.1:STMicroelectronics:RTOS:FreeRTOS:Core:::10.2.0:
2023-07-20 10:58:30,668 [WARN] ModelIntegratedComponent:63 - No mode defined for component null
2023-07-20 10:58:30,668 [WARN] ModelIntegratedComponent:63 - No mode defined for component null
2023-07-20 10:58:30,668 [WARN] ModelIntegratedComponent:63 - No mode defined for component null
2023-07-20 10:58:30,668 [WARN] ModelIntegratedComponent:63 - No mode defined for component null
2023-07-20 10:58:30,668 [WARN] ModelIntegratedComponent:63 - No mode defined for component null
2023-07-20 10:58:30,668 [WARN] ModelIntegratedComponent:63 - No mode defined for component null
2023-07-20 10:58:30,668 [WARN] ModelIntegratedComponent:63 - No mode defined for component null
2023-07-20 10:58:30,668 [WARN] ModelIntegratedComponent:63 - No mode defined for component null
2023-07-20 10:58:30,669 [WARN] ModelIntegratedComponent:63 - No mode defined for component null
2023-07-20 10:58:30,669 [WARN] ModelIntegratedComponent:63 - No mode defined for component null
2023-07-20 10:58:30,669 [WARN] ModelIntegratedComponent:63 - No mode defined for component null
2023-07-20 10:58:30,669 [WARN] ModelIntegratedComponent:63 - No mode defined for component null
2023-07-20 10:58:30,669 [WARN] ModelIntegratedComponent:63 - No mode defined for component null
2023-07-20 10:58:30,669 [WARN] ModelIntegratedComponent:63 - No mode defined for component null
2023-07-20 10:58:30,669 [WARN] ModelIntegratedComponent:63 - No mode defined for component null
2023-07-20 10:58:30,669 [WARN] ModelIntegratedComponent:63 - No mode defined for component null
2023-07-20 10:58:30,669 [WARN] ModelIntegratedComponent:63 - No mode defined for component null
2023-07-20 10:58:30,670 [WARN] ModelIntegratedComponent:63 - No mode defined for component null
2023-07-20 10:58:30,670 [WARN] ModelIntegratedComponent:63 - No mode defined for component null
2023-07-20 10:58:30,670 [WARN] ModelIntegratedComponent:63 - No mode defined for component null
2023-07-20 10:58:30,670 [WARN] ModelIntegratedComponent:63 - No mode defined for component null
2023-07-20 10:58:30,670 [WARN] ModelIntegratedComponent:63 - No mode defined for component null
2023-07-20 10:58:30,670 [WARN] ModelIntegratedComponent:63 - No mode defined for component null
2023-07-20 10:58:30,670 [WARN] ModelIntegratedComponent:63 - No mode defined for component null
2023-07-20 10:58:30,670 [WARN] ModelIntegratedComponent:63 - No mode defined for component null
2023-07-20 10:58:30,671 [WARN] ModelIntegratedComponent:63 - No mode defined for component null
2023-07-20 10:58:30,671 [WARN] ModelIntegratedComponent:63 - No mode defined for component null
2023-07-20 10:58:30,671 [WARN] ModelIntegratedComponent:63 - No mode defined for component null
2023-07-20 10:58:30,671 [WARN] ModelIntegratedComponent:63 - No mode defined for component null
2023-07-20 10:58:30,671 [WARN] ModelIntegratedComponent:63 - No mode defined for component null
2023-07-20 10:58:30,671 [WARN] ModelIntegratedComponent:63 - No mode defined for component null
2023-07-20 10:58:30,671 [WARN] ModelIntegratedComponent:63 - No mode defined for component null
2023-07-20 10:58:30,671 [WARN] ModelIntegratedComponent:63 - No mode defined for component null
2023-07-20 10:58:30,696 [INFO] ThirdPartyModel:298 - Start build external matchings
2023-07-20 10:58:31,281 [INFO] ThirdPartyModel:316 - End build external matchings
2023-07-20 10:58:31,305 [INFO] RtosManager:919 - Current active RTOS is FREERTOS [Cortex-M3NS]
2023-07-20 10:58:31,328 [INFO] ImportTextPane:194 - (OptionalMessage_ERROR) IP (RCC) : Parameter (ADCFreqValue) has invalid value (36000000)
2023-07-20 10:58:31,328 [INFO] ImportTextPane:194 - (OptionalMessage_ERROR) IP (RCC) : Invalid parameter (FamilyName)
2023-07-20 10:58:31,329 [INFO] ImportTextPane:194 - (OptionalMessage_ERROR) IP (RCC) : Parameter (MCOFreq_Value) has invalid value (72000000)
2023-07-20 10:58:31,330 [INFO] ImportTextPane:194 - (OptionalMessage_ERROR) IP (RCC) : Parameter (USBFreq_Value) has invalid value (72000000)
2023-07-20 10:58:31,951 [INFO] UtilMem:75 - End LoadConfig() Used Memory: 703773184 Bytes (844103680)
2023-07-20 10:58:31,990 [WARN] ThirdParty:833 - waiting for thirdparty lock release [change project]
2023-07-20 10:58:31,990 [INFO] ThirdParty:835 - entering critical section [change project]
2023-07-20 10:58:31,990 [INFO] ThirdParty:1030 - CMSIS Pack Vendor :STMicroelectronics X-CUBE-ISPU 1.1.0
2023-07-20 10:58:31,991 [INFO] ThirdParty:1030 - CMSIS Pack Vendor :STMicroelectronics X-CUBE-GNSS1 6.0.0
2023-07-20 10:58:31,991 [INFO] ThirdParty:1030 - CMSIS Pack Vendor :STMicroelectronics USB_HOST 2.0.0
2023-07-20 10:58:31,991 [INFO] ThirdParty:1030 - CMSIS Pack Vendor :STMicroelectronics X-CUBE-AZRTOS-F4 1.1.0
2023-07-20 10:58:31,991 [INFO] ThirdParty:1030 - CMSIS Pack Vendor :STMicroelectronics LIBJPEG 8.0.0
2023-07-20 10:58:31,991 [INFO] ThirdParty:1030 - CMSIS Pack Vendor :wolfSSL I-CUBE-wolfSSL 5.6.3
2023-07-20 10:58:31,992 [INFO] ThirdParty:1030 - CMSIS Pack Vendor :STMicroelectronics X-CUBE-SMBUS 2.1.0
2023-07-20 10:58:31,992 [INFO] ThirdParty:1030 - CMSIS Pack Vendor :STMicroelectronics USB_DEVICE 3.0.0
2023-07-20 10:58:31,992 [INFO] ThirdParty:1030 - CMSIS Pack Vendor :STMicroelectronics X-CUBE-FREERTOS 1.0.1
2023-07-20 10:58:31,992 [INFO] ThirdParty:1030 - CMSIS Pack Vendor :STMicroelectronics X-CUBE-AZRTOS-F7 1.1.0
2023-07-20 10:58:31,995 [INFO] ThirdParty:1030 - CMSIS Pack Vendor :STMicroelectronics USB_DEVICE 2.0.0
2023-07-20 10:58:31,999 [INFO] ThirdParty:1030 - CMSIS Pack Vendor :STMicroelectronics X-CUBE-MEMS1 9.6.0
2023-07-20 10:58:32,001 [INFO] ThirdParty:1030 - CMSIS Pack Vendor :STMicroelectronics FP-SNS-MOTENV1 4.3.2
2023-07-20 10:58:32,003 [INFO] ThirdParty:1030 - CMSIS Pack Vendor :STMicroelectronics FP-SNS-FLIGHT1 5.0.1
2023-07-20 10:58:32,003 [INFO] ThirdParty:1030 - CMSIS Pack Vendor :STMicroelectronics X-CUBE-ALGOBUILD 1.3.0
2023-07-20 10:58:32,003 [INFO] ThirdParty:1030 - CMSIS Pack Vendor :STMicroelectronics X-CUBE-BLE1 6.2.4
2023-07-20 10:58:32,004 [INFO] ThirdParty:1030 - CMSIS Pack Vendor :STMicroelectronics X-CUBE-AZRTOS-L5 1.1.0
2023-07-20 10:58:32,004 [INFO] ThirdParty:1030 - CMSIS Pack Vendor :STMicroelectronics FreeRTOS 0.0.1
2023-07-20 10:58:32,004 [INFO] ThirdParty:1030 - CMSIS Pack Vendor :STMicroelectronics X-CUBE-AZRTOS-G0 1.1.0
2023-07-20 10:58:32,004 [INFO] ThirdParty:1030 - CMSIS Pack Vendor :STMicroelectronics X-CUBE-BLEMGR 2.0.0
2023-07-20 10:58:32,004 [INFO] ThirdParty:1030 - CMSIS Pack Vendor :STMicroelectronics X-CUBE-AI 8.0.1
2023-07-20 10:58:32,005 [INFO] ThirdParty:1030 - CMSIS Pack Vendor :STMicroelectronics X-CUBE-NFC4 3.0.0
2023-07-20 10:58:32,005 [INFO] ThirdParty:1030 - CMSIS Pack Vendor :STMicroelectronics X-CUBE-SUBG2 5.0.0
2023-07-20 10:58:32,005 [INFO] ThirdParty:1030 - CMSIS Pack Vendor :STMicroelectronics STM32_WPAN 1.0.0
2023-07-20 10:58:32,005 [INFO] ThirdParty:1030 - CMSIS Pack Vendor :STMicroelectronics lwIP 2.0.3
2023-07-20 10:58:32,005 [INFO] ThirdParty:1030 - CMSIS Pack Vendor :STMicroelectronics USB_HOST 1.0.0
2023-07-20 10:58:32,005 [INFO] ThirdParty:1030 - CMSIS Pack Vendor :STMicroelectronics X-CUBE-TOF1 3.3.1
2023-07-20 10:58:32,005 [INFO] ThirdParty:1030 - CMSIS Pack Vendor :STMicroelectronics X-CUBE-AZRTOS-G4 2.0.0
2023-07-20 10:58:32,006 [INFO] ThirdParty:1030 - CMSIS Pack Vendor :STMicroelectronics PDM2PCM 3.1.0
2023-07-20 10:58:32,006 [INFO] ThirdParty:1030 - CMSIS Pack Vendor :STMicroelectronics X-CUBE-AZRTOS-H7 3.1.0
2023-07-20 10:58:32,006 [INFO] ThirdParty:1030 - CMSIS Pack Vendor :STMicroelectronics X-CUBE-TOF1 3.3.0
2023-07-20 10:58:32,006 [INFO] ThirdParty:1030 - CMSIS Pack Vendor :STMicroelectronics PDM2PCM 3.3.0
2023-07-20 10:58:32,006 [INFO] ThirdParty:1030 - CMSIS Pack Vendor :STMicroelectronics X-CUBE-DISPLAY 3.0.0
2023-07-20 10:58:32,006 [INFO] ThirdParty:1030 - CMSIS Pack Vendor :STMicroelectronics FP-ATR-SIGFOX1 3.2.0
2023-07-20 10:58:32,007 [INFO] ThirdParty:1030 - CMSIS Pack Vendor :STMicroelectronics HAL Drivers 0.0.0
2023-07-20 10:58:32,007 [INFO] ThirdParty:1030 - CMSIS Pack Vendor :STMicroelectronics MBEDTLS 2.16.2
2023-07-20 10:58:32,007 [INFO] ThirdParty:1030 - CMSIS Pack Vendor :emotas I-CUBE-CANOPEN 1.3.0
2023-07-20 10:58:32,007 [INFO] ThirdParty:1030 - CMSIS Pack Vendor :STMicroelectronics X-CUBE-TOUCHGFX 4.22.0
2023-07-20 10:58:32,007 [INFO] ThirdParty:1030 - CMSIS Pack Vendor :STMicroelectronics X-CUBE-NFC7 1.0.1
2023-07-20 10:58:32,007 [INFO] ThirdParty:1030 - CMSIS Pack Vendor :STMicroelectronics MBEDTLS 2.14.1
2023-07-20 10:58:32,008 [INFO] ThirdParty:1030 - CMSIS Pack Vendor :STMicroelectronics X-CUBE-EEPRMA1 4.1.0
2023-07-20 10:58:32,008 [INFO] ThirdParty:1030 - CMSIS Pack Vendor :portGmbH I-Cube-SoM-uGOAL 1.1.0
2023-07-20 10:58:32,008 [INFO] ThirdParty:1030 - CMSIS Pack Vendor :STMicroelectronics X-CUBE-ALS 1.0.1
2023-07-20 10:58:32,008 [INFO] ThirdParty:1030 - CMSIS Pack Vendor :STMicroelectronics ThreadX 1.0.0
2023-07-20 10:58:32,008 [INFO] ThirdParty:1030 - CMSIS Pack Vendor :STMicroelectronics X-CUBE-AZRTOS-WB 1.1.0
2023-07-20 10:58:32,008 [INFO] ThirdParty:1030 - CMSIS Pack Vendor :STMicroelectronics X-CUBE-AZRTOS-WL 2.0.0
2023-07-20 10:58:32,008 [INFO] ThirdParty:1030 - CMSIS Pack Vendor :SEGGER I-CUBE-embOS 1.3.1
2023-07-20 10:58:32,009 [INFO] ThirdParty:1030 - CMSIS Pack Vendor :STMicroelectronics USB_DEVICE 1.0.0
2023-07-20 10:58:32,009 [INFO] ThirdParty:1030 - CMSIS Pack Vendor :STMicroelectronics X-CUBE-AZRTOS-L4 2.0.0
2023-07-20 10:58:32,009 [INFO] ThirdParty:1030 - CMSIS Pack Vendor :STMicroelectronics ThreadX 0.0.2
2023-07-20 10:58:32,009 [INFO] ThirdParty:1030 - CMSIS Pack Vendor :WES I-CUBE-Cesium 1.3.0
2023-07-20 10:58:32,009 [INFO] ThirdParty:1030 - CMSIS Pack Vendor :STMicroelectronics FP-ATR-ASTRA1 2.0.0
2023-07-20 10:58:32,009 [INFO] ThirdParty:1030 - CMSIS Pack Vendor :STMicroelectronics lwIP 2.1.2
2023-07-20 10:58:32,009 [INFO] ThirdParty:1030 - CMSIS Pack Vendor :STMicroelectronics X-CUBE-SFXS2LP1 4.0.0
2023-07-20 10:58:32,010 [INFO] ThirdParty:1030 - CMSIS Pack Vendor :STMicroelectronics X-CUBE-BLE2 3.3.0
2023-07-20 10:58:32,010 [INFO] ThirdParty:1030 - CMSIS Pack Vendor :STMicroelectronics PDM2PCM 3.2.0
2023-07-20 10:58:32,010 [INFO] ThirdParty:841 - exiting critical section [change project]
2023-07-20 10:58:32,865 [INFO] PinOutPanel:1499 - setPackage(No Configuration,No Configuration)
2023-07-20 10:58:32,867 [INFO] PinOutPanel:1499 - setPackage(STM32F103ZETx,LQFP144)
2023-07-20 10:58:34,116 [INFO] UtilMem:75 - Before build in PCC Used Memory: 697506464 Bytes (844103680)
2023-07-20 10:58:34,880 [INFO] UtilMem:75 - After build in PCC Used Memory: 532970856 Bytes (844103680)
2023-07-20 10:58:34,894 [INFO] ApiDbMcu:507 - Load IP Config File for FREERTOS
2023-07-20 10:58:34,973 [INFO] IPUIPlugin:80 - create IPUIPlugin
2023-07-20 10:58:34,975 [INFO] IPUIPlugin:80 - create IPUIPlugin
2023-07-20 10:58:34,975 [INFO] IPUIPlugin:80 - create IPUIPlugin
2023-07-20 10:58:34,976 [INFO] IPUIPlugin:80 - create IPUIPlugin
2023-07-20 10:58:34,976 [INFO] IPUIPlugin:80 - create IPUIPlugin
2023-07-20 10:58:34,976 [INFO] IPUIPlugin:80 - create IPUIPlugin
2023-07-20 10:58:34,977 [INFO] IPUIPlugin:80 - create IPUIPlugin
2023-07-20 10:58:34,977 [INFO] IPUIPlugin:80 - create IPUIPlugin
2023-07-20 10:58:34,977 [INFO] IPUIPlugin:80 - create IPUIPlugin
2023-07-20 10:58:34,977 [INFO] IPUIPlugin:80 - create IPUIPlugin
2023-07-20 10:58:34,978 [INFO] IPUIPlugin:80 - create IPUIPlugin
2023-07-20 10:58:34,978 [INFO] IPUIPlugin:80 - create IPUIPlugin
2023-07-20 10:58:34,978 [INFO] IPUIPlugin:80 - create IPUIPlugin
2023-07-20 10:58:34,979 [INFO] IPUIPlugin:80 - create IPUIPlugin
2023-07-20 10:58:34,979 [INFO] IPUIPlugin:80 - create IPUIPlugin
2023-07-20 10:58:34,979 [INFO] IPUIPlugin:80 - create IPUIPlugin
2023-07-20 10:58:34,980 [INFO] IPUIPlugin:80 - create IPUIPlugin
2023-07-20 10:58:34,980 [INFO] IPUIPlugin:80 - create IPUIPlugin
2023-07-20 10:58:34,981 [INFO] IPUIPlugin:80 - create IPUIPlugin
2023-07-20 10:58:34,982 [INFO] IPUIPlugin:80 - create IPUIPlugin
2023-07-20 10:58:34,982 [INFO] IPUIPlugin:80 - create IPUIPlugin
2023-07-20 10:58:34,982 [INFO] IPUIPlugin:80 - create IPUIPlugin
2023-07-20 10:58:34,983 [INFO] IPUIPlugin:80 - create IPUIPlugin
2023-07-20 10:58:34,983 [INFO] IPUIPlugin:80 - create IPUIPlugin
2023-07-20 10:58:34,984 [INFO] IPUIPlugin:80 - create IPUIPlugin
2023-07-20 10:58:34,984 [INFO] IPUIPlugin:80 - create IPUIPlugin
2023-07-20 10:58:34,985 [INFO] IPUIPlugin:80 - create IPUIPlugin
2023-07-20 10:58:34,985 [INFO] IPUIPlugin:80 - create IPUIPlugin
2023-07-20 10:58:34,985 [INFO] IPUIPlugin:80 - create IPUIPlugin
2023-07-20 10:58:34,986 [INFO] IPUIPlugin:80 - create IPUIPlugin
2023-07-20 10:58:34,986 [INFO] IPUIPlugin:80 - create IPUIPlugin
2023-07-20 10:58:34,986 [INFO] IPUIPlugin:80 - create IPUIPlugin
2023-07-20 10:58:34,987 [INFO] IPUIPlugin:80 - create IPUIPlugin
2023-07-20 10:58:34,987 [INFO] IPUIPlugin:80 - create IPUIPlugin
2023-07-20 10:58:34,988 [INFO] IPUIPlugin:80 - create IPUIPlugin
2023-07-20 10:58:34,988 [INFO] IPUIPlugin:80 - create IPUIPlugin
2023-07-20 10:58:34,989 [INFO] IPUIPlugin:80 - create IPUIPlugin
2023-07-20 10:58:34,990 [INFO] IPUIPlugin:80 - create IPUIPlugin
2023-07-20 10:58:34,990 [INFO] IPUIPlugin:80 - create IPUIPlugin
2023-07-20 10:58:34,991 [INFO] IPUIPlugin:80 - create IPUIPlugin
2023-07-20 10:58:35,025 [WARN] FreeRTOS:1023 - Null or empty value: should not occur! (nothing added to the table)
2023-07-20 10:58:35,213 [INFO] CADModel:165 - CPN selected for project levelSTM32F103ZET6
2023-07-20 10:58:35,213 [INFO] CADModel:114 - Register for checkConnection events
2023-07-20 10:58:35,219 [INFO] RtosManager:697 - Active RTOS found at IOC load: FREERTOS [Cortex-M3NS]
2023-07-20 10:58:35,273 [INFO] OpenFileManager:328 - Restore cursor
2023-07-20 11:06:50,932 [ERROR] RtosPanel:558 - Can not restore the selected Tab for FREERTOS(A reason can be that the tab is no more available.)
2023-07-20 11:07:09,802 [INFO] TasksAndQueuesTab:757 - Dynamic
2023-07-20 11:07:09,802 [WARN] TasksAndQueuesTab:763 - 128 128
2023-07-20 11:07:09,803 [WARN] TasksAndQueuesTab:775 - max value is: 768.0
2023-07-20 11:07:09,803 [INFO] TasksAndQueuesTab:757 - Dynamic
2023-07-20 11:07:09,803 [WARN] TasksAndQueuesTab:763 - 128 128
2023-07-20 11:07:09,803 [WARN] TasksAndQueuesTab:775 - max value is: 768.0
