2023-07-06 18:12:09,913 [INFO] Activator:176 - 


2023-07-06 18:12:09,943 [INFO] Activator:177 - !SESSION log4j initialized
2023-07-06 18:12:32,763 [INFO] LogOutputStream:77 - [STDOUT_REDIRECT] 
2023-07-06 18:13:02,742 [ERROR] LogOutputStream:75 - [STDERR_REDIRECT] SLF4J: Failed to load class "org.slf4j.impl.StaticLoggerBinder".
2023-07-06 18:13:02,747 [ERROR] LogOutputStream:75 - [STDERR_REDIRECT] SLF4J: Defaulting to no-operation (NOP) logger implementation
2023-07-06 18:13:02,764 [ERROR] LogOutputStream:75 - [STDERR_REDIRECT] SLF4J: See http://www.slf4j.org/codes.html#StaticLoggerBinder for further details.
2023-07-06 18:16:47,879 [INFO] Activator:176 - 


2023-07-06 18:16:47,888 [INFO] Activator:177 - !SESSION log4j initialized
2023-07-06 18:17:05,737 [INFO] LogOutputStream:77 - [STDOUT_REDIRECT] 
2023-07-06 18:17:38,154 [ERROR] LogOutputStream:75 - [STDERR_REDIRECT] SLF4J: Failed to load class "org.slf4j.impl.StaticLoggerBinder".
2023-07-06 18:17:38,156 [ERROR] LogOutputStream:75 - [STDERR_REDIRECT] SLF4J: Defaulting to no-operation (NOP) logger implementation
2023-07-06 18:17:38,170 [ERROR] LogOutputStream:75 - [STDERR_REDIRECT] SLF4J: See http://www.slf4j.org/codes.html#StaticLoggerBinder for further details.
2023-07-06 18:18:04,533 [INFO] ApplicationProperties:184 - Using Application install path: D:\ykl\STM32CubeIDE_1.12.1\STM32CubeIDE\plugins\com.st.stm32cube.common.mx_6.8.1.202304191431
2023-07-06 18:18:04,618 [INFO] DbMcusXml:78 - Set database path to: D:\ykl\STM32CubeIDE_1.12.1\STM32CubeIDE\plugins\com.st.stm32cube.common.mx_6.8.1.202304191431\\db\/mcu/
2023-07-06 18:18:04,621 [INFO] ApiDb:274 - Set plugin database path to: D:\ykl\STM32CubeIDE_1.12.1\STM32CubeIDE\plugins\com.st.stm32cube.common.mx_6.8.1.202304191431\\db\/plugins/boardmanager/
2023-07-06 18:18:04,633 [WARN] ApiDb:259 - Overriding images path with different value:  => D:\ykl\STM32CubeIDE_1.12.1\STM32CubeIDE\plugins\com.st.stm32cube.common.mx_6.8.1.202304191431\\db\/plugins/mcufinder/images/
2023-07-06 18:18:04,821 [INFO] ApiDb:250 - Set database path to: C:\Users\C012\.stmcufinder\plugins\mcufinder//mcu/
2023-07-06 18:18:04,831 [INFO] DbMcusAds:125 - Set database path to: C:\Users\C012\.stmcufinder\plugins\mcufinder//mcu/
2023-07-06 18:18:04,860 [INFO] CrossReferenceDbSqlite:203 - Set database path to: C:\Users\C012\.stmcufinder\plugins\mcufinder//mcu/cs/
2023-07-06 18:18:05,408 [INFO] RulesReader:64 - Compatibility file has been processed (293 Rules)
2023-07-06 18:18:05,890 [INFO] DbMcusXml:78 - Set database path to: D:\ykl\STM32CubeIDE_1.12.1\STM32CubeIDE\plugins\com.st.stm32cube.common.mx_6.8.1.202304191431\\db\/mcu/
2023-07-06 18:18:05,891 [INFO] ApiDb:274 - Set plugin database path to: D:\ykl\STM32CubeIDE_1.12.1\STM32CubeIDE\plugins\com.st.stm32cube.common.mx_6.8.1.202304191431\\db\/plugins/boardmanager/
2023-07-06 18:18:05,892 [INFO] ApiDb:261 - Set plugin images path to: D:\ykl\STM32CubeIDE_1.12.1\STM32CubeIDE\plugins\com.st.stm32cube.common.mx_6.8.1.202304191431\\db\/plugins/mcufinder/images/
2023-07-06 18:18:05,893 [WARN] DbFile:41 - Overriding database path with different value: C:\Users\C012\.stmcufinder\plugins\mcufinder/ => C:\Users\C012\.stmcufinder\plugins\mcufinder
2023-07-06 18:18:05,894 [INFO] ApiDb:250 - Set database path to: C:\Users\C012\.stmcufinder\plugins\mcufinder//mcu/
2023-07-06 18:18:05,894 [WARN] DbFile:41 - Overriding database path with different value: C:\Users\C012\.stmcufinder\plugins\mcufinder/ => C:\Users\C012\.stmcufinder\plugins\mcufinder
2023-07-06 18:18:05,895 [INFO] DbMcusAds:125 - Set database path to: C:\Users\C012\.stmcufinder\plugins\mcufinder//mcu/
2023-07-06 18:18:05,895 [WARN] DbFile:41 - Overriding database path with different value: C:\Users\C012\.stmcufinder\plugins\mcufinder/ => C:\Users\C012\.stmcufinder\plugins\mcufinder
2023-07-06 18:18:05,896 [WARN] DbFile:41 - Overriding database path with different value: C:\Users\C012\.stmcufinder\plugins\mcufinder/ => C:\Users\C012\.stmcufinder\plugins\mcufinder
2023-07-06 18:18:05,897 [INFO] CrossReferenceDbSqlite:203 - Set database path to: C:\Users\C012\.stmcufinder\plugins\mcufinder//mcu/cs/
2023-07-06 18:18:06,275 [INFO] MainPanel:253 - HeapMemory: 282066944
2023-07-06 18:18:06,752 [INFO] DbMcusXml:78 - Set database path to: D:\ykl\STM32CubeIDE_1.12.1\STM32CubeIDE\plugins\com.st.stm32cube.common.mx_6.8.1.202304191431\\db\/mcu/
2023-07-06 18:18:06,753 [INFO] ApiDb:274 - Set plugin database path to: D:\ykl\STM32CubeIDE_1.12.1\STM32CubeIDE\plugins\com.st.stm32cube.common.mx_6.8.1.202304191431\\db\/plugins/boardmanager/
2023-07-06 18:18:06,753 [INFO] ApiDb:261 - Set plugin images path to: D:\ykl\STM32CubeIDE_1.12.1\STM32CubeIDE\plugins\com.st.stm32cube.common.mx_6.8.1.202304191431\\db\/plugins/mcufinder/images/
2023-07-06 18:18:06,755 [WARN] DbFile:41 - Overriding database path with different value: C:\Users\C012\.stmcufinder\plugins\mcufinder/ => C:\Users\C012\.stmcufinder\plugins\mcufinder
2023-07-06 18:18:06,756 [INFO] ApiDb:250 - Set database path to: C:\Users\C012\.stmcufinder\plugins\mcufinder//mcu/
2023-07-06 18:18:06,756 [WARN] DbFile:41 - Overriding database path with different value: C:\Users\C012\.stmcufinder\plugins\mcufinder/ => C:\Users\C012\.stmcufinder\plugins\mcufinder
2023-07-06 18:18:06,757 [INFO] DbMcusAds:125 - Set database path to: C:\Users\C012\.stmcufinder\plugins\mcufinder//mcu/
2023-07-06 18:18:06,757 [WARN] DbFile:41 - Overriding database path with different value: C:\Users\C012\.stmcufinder\plugins\mcufinder/ => C:\Users\C012\.stmcufinder\plugins\mcufinder
2023-07-06 18:18:06,758 [WARN] DbFile:41 - Overriding database path with different value: C:\Users\C012\.stmcufinder\plugins\mcufinder/ => C:\Users\C012\.stmcufinder\plugins\mcufinder
2023-07-06 18:18:06,758 [INFO] CrossReferenceDbSqlite:203 - Set database path to: C:\Users\C012\.stmcufinder\plugins\mcufinder//mcu/cs/
2023-07-06 18:18:06,872 [INFO] ApplicationProperties:184 - Using Application install path: D:\ykl\STM32CubeIDE_1.12.1\STM32CubeIDE\plugins\com.st.stm32cube.common.mx_6.8.1.202304191431
2023-07-06 18:18:06,879 [INFO] PluginManage:196 - Search for loadable plugins [exclusion list=, ]
2023-07-06 18:18:06,885 [INFO] PluginManage:310 - Check plugin analytics
2023-07-06 18:18:07,806 [INFO] AnalyticsPlugin:253 - Accepted Software Licenses: 
2023-07-06 18:18:07,808 [INFO] AnalyticsPlugin:255 - Accepted CMSIS Pack Licenses: 
2023-07-06 18:18:07,810 [INFO] AnalyticsPlugin:257 - Accepted Firmware Licenses: FW.F4.1.27.0
2023-07-06 18:18:07,859 [INFO] PluginManage:359 - Loaded plugin analytics (category:tool,tabindex:-1)
2023-07-06 18:18:07,860 [INFO] PluginManage:310 - Check plugin cadmodel
2023-07-06 18:18:07,881 [INFO] CADModel:105 - Init CAD model plugin
2023-07-06 18:18:07,882 [INFO] PluginManage:359 - Loaded plugin cadmodel (category:power,tabindex:5)
2023-07-06 18:18:07,883 [INFO] PluginManage:310 - Check plugin clock
2023-07-06 18:18:07,960 [INFO] PluginManage:359 - Loaded plugin clock (category:base,tabindex:2)
2023-07-06 18:18:07,961 [INFO] PluginManage:310 - Check plugin ddr
2023-07-06 18:18:07,972 [INFO] PluginManage:359 - Loaded plugin ddr (category:tool,tabindex:6)
2023-07-06 18:18:07,973 [INFO] PluginManage:310 - Check plugin filemanager
2023-07-06 18:18:08,659 [INFO] PluginManage:359 - Loaded plugin filemanager (category:base,tabindex:10)
2023-07-06 18:18:08,660 [INFO] PluginManage:310 - Check plugin ipmanager
2023-07-06 18:18:08,716 [INFO] PluginManage:359 - Loaded plugin ipmanager (category:base,tabindex:5)
2023-07-06 18:18:08,716 [INFO] PluginManage:310 - Check plugin lpbam
2023-07-06 18:18:08,763 [INFO] PluginManage:359 - Loaded plugin lpbam (category:base,tabindex:0)
2023-07-06 18:18:08,764 [INFO] PluginManage:310 - Check plugin pinoutandconfiguration
2023-07-06 18:18:08,807 [INFO] PluginManage:359 - Loaded plugin pinoutandconfiguration (category:base,tabindex:1)
2023-07-06 18:18:08,808 [INFO] PluginManage:310 - Check plugin pinoutconfig
2023-07-06 18:18:09,104 [WARN] SupportedApi:132 - Cannot load RTOS API schema: s4s-elt-must-match.1: The content of 'definitions' must match (annotation?, (simpleType | complexType)?, (unique | key | keyref)*)). A problem was found starting at: attribute.
2023-07-06 18:18:09,733 [INFO] PluginManage:359 - Loaded plugin pinoutconfig (category:base,tabindex:0)
2023-07-06 18:18:09,734 [INFO] PluginManage:310 - Check plugin power
2023-07-06 18:18:09,800 [INFO] PluginManage:359 - Loaded plugin power (category:power,tabindex:4)
2023-07-06 18:18:09,801 [INFO] PluginManage:310 - Check plugin projectmanager
2023-07-06 18:18:09,884 [INFO] PluginManage:359 - Loaded plugin projectmanager (category:projectmanager,tabindex:3)
2023-07-06 18:18:09,885 [INFO] PluginManage:310 - Check plugin thirdparty
2023-07-06 18:18:10,368 [WARN] IntegrityCheckThread:84 - waiting for thirdparty lock release [integrity check]
2023-07-06 18:18:10,369 [INFO] PluginManage:359 - Loaded plugin thirdparty (category:base,tabindex:-1)
2023-07-06 18:18:10,370 [INFO] IntegrityCheckThread:86 - entering critical section [integrity check]
2023-07-06 18:18:10,370 [INFO] PluginManage:310 - Check plugin tools
2023-07-06 18:18:10,379 [INFO] ThirdPartyUpdaterWithRetryManager:70 - Updater plugin not ready yet. [1/15]
2023-07-06 18:18:10,385 [INFO] PluginManage:359 - Loaded plugin tools (category:base,tabindex:7)
2023-07-06 18:18:10,385 [INFO] PluginManage:310 - Check plugin tutovideos
2023-07-06 18:18:11,732 [INFO] PluginManage:359 - Loaded plugin tutovideos (category:base,tabindex:-1)
2023-07-06 18:18:11,733 [INFO] PluginManage:310 - Check plugin updater
2023-07-06 18:18:12,325 [INFO] PluginManage:359 - Loaded plugin updater (category:base,tabindex:12)
2023-07-06 18:18:12,328 [INFO] PluginManage:283 - PluginManage : Loaded plugins [15]
2023-07-06 18:18:13,389 [INFO] ThirdPartyUpdaterWithRetryManager:70 - Updater plugin not ready yet. [2/15]
2023-07-06 18:18:14,422 [INFO] PinOutPanel:1499 - setPackage(No Configuration,No Configuration)
2023-07-06 18:18:14,850 [INFO] CADModel:165 - CPN selected for project level
2023-07-06 18:18:14,851 [INFO] CADModel:114 - Register for checkConnection events
2023-07-06 18:18:14,939 [INFO] IPUIPlugin:80 - create IPUIPlugin
2023-07-06 18:18:14,940 [INFO] PluginManager:220 - loadIPPluginJar : add adc
2023-07-06 18:18:14,958 [INFO] IPUIPlugin:80 - create IPUIPlugin
2023-07-06 18:18:14,959 [INFO] PluginManager:220 - loadIPPluginJar : add aes
2023-07-06 18:18:14,981 [INFO] IPUIPlugin:80 - create IPUIPlugin
2023-07-06 18:18:14,982 [INFO] PluginManager:220 - loadIPPluginJar : add can
2023-07-06 18:18:14,989 [INFO] IPUIPlugin:80 - create IPUIPlugin
2023-07-06 18:18:14,990 [INFO] PluginManager:220 - loadIPPluginJar : add comp
2023-07-06 18:18:15,001 [INFO] IPUIPlugin:80 - create IPUIPlugin
2023-07-06 18:18:15,002 [INFO] PluginManager:220 - loadIPPluginJar : add cryp
2023-07-06 18:18:15,013 [INFO] IPUIPlugin:80 - create IPUIPlugin
2023-07-06 18:18:15,014 [INFO] PluginManager:220 - loadIPPluginJar : add dfsdm
2023-07-06 18:18:15,042 [INFO] IPUIPlugin:80 - create IPUIPlugin
2023-07-06 18:18:15,044 [INFO] PluginManager:220 - loadIPPluginJar : add dma
2023-07-06 18:18:15,055 [INFO] IPUIPlugin:80 - create IPUIPlugin
2023-07-06 18:18:15,056 [INFO] PluginManager:220 - loadIPPluginJar : add dma3
2023-07-06 18:18:15,062 [INFO] IPUIPlugin:80 - create IPUIPlugin
2023-07-06 18:18:15,063 [INFO] PluginManager:220 - loadIPPluginJar : add fatfs
2023-07-06 18:18:15,083 [INFO] IPUIPlugin:80 - create IPUIPlugin
2023-07-06 18:18:15,084 [INFO] PluginManager:220 - loadIPPluginJar : add fmc
2023-07-06 18:18:15,111 [INFO] IPUIPlugin:80 - create IPUIPlugin
2023-07-06 18:18:15,112 [INFO] PluginManager:220 - loadIPPluginJar : add freertos
2023-07-06 18:18:15,128 [INFO] IPUIPlugin:80 - create IPUIPlugin
2023-07-06 18:18:15,129 [INFO] PluginManager:220 - loadIPPluginJar : add genericplugin
2023-07-06 18:18:15,140 [INFO] IPUIPlugin:80 - create IPUIPlugin
2023-07-06 18:18:15,142 [INFO] PluginManager:220 - loadIPPluginJar : add gfxmmu
2023-07-06 18:18:15,166 [INFO] IPUIPlugin:80 - create IPUIPlugin
2023-07-06 18:18:15,167 [INFO] PluginManager:220 - loadIPPluginJar : add gic
2023-07-06 18:18:15,182 [INFO] IPUIPlugin:80 - create IPUIPlugin
2023-07-06 18:18:15,183 [INFO] PluginManager:220 - loadIPPluginJar : add gpio
2023-07-06 18:18:15,197 [INFO] IPUIPlugin:80 - create IPUIPlugin
2023-07-06 18:18:15,198 [INFO] PluginManager:220 - loadIPPluginJar : add gtzc
2023-07-06 18:18:15,207 [INFO] IPUIPlugin:80 - create IPUIPlugin
2023-07-06 18:18:15,207 [INFO] PluginManager:220 - loadIPPluginJar : add hash
2023-07-06 18:18:15,218 [INFO] IPUIPlugin:80 - create IPUIPlugin
2023-07-06 18:18:15,219 [INFO] PluginManager:220 - loadIPPluginJar : add i2c
2023-07-06 18:18:15,230 [INFO] IPUIPlugin:80 - create IPUIPlugin
2023-07-06 18:18:15,231 [INFO] PluginManager:220 - loadIPPluginJar : add i2s
2023-07-06 18:18:15,257 [INFO] IPUIPlugin:80 - create IPUIPlugin
2023-07-06 18:18:15,258 [INFO] PluginManager:220 - loadIPPluginJar : add i3c
2023-07-06 18:18:15,273 [INFO] IPUIPlugin:80 - create IPUIPlugin
2023-07-06 18:18:15,274 [INFO] PluginManager:220 - loadIPPluginJar : add ipddr
2023-07-06 18:18:15,305 [INFO] IPUIPlugin:80 - create IPUIPlugin
2023-07-06 18:18:15,305 [INFO] PluginManager:220 - loadIPPluginJar : add linkedlist
2023-07-06 18:18:15,317 [INFO] IPUIPlugin:80 - create IPUIPlugin
2023-07-06 18:18:15,318 [INFO] PluginManager:220 - loadIPPluginJar : add lorawan
2023-07-06 18:18:15,323 [INFO] IPUIPlugin:80 - create IPUIPlugin
2023-07-06 18:18:15,324 [INFO] PluginManager:220 - loadIPPluginJar : add ltdc
2023-07-06 18:18:15,353 [INFO] IPUIPlugin:80 - create IPUIPlugin
2023-07-06 18:18:15,353 [INFO] PluginManager:220 - loadIPPluginJar : add mdma
2023-07-06 18:18:15,370 [INFO] IPUIPlugin:80 - create IPUIPlugin
2023-07-06 18:18:15,371 [INFO] PluginManager:220 - loadIPPluginJar : add nvic
2023-07-06 18:18:15,386 [INFO] IPUIPlugin:80 - create IPUIPlugin
2023-07-06 18:18:15,388 [INFO] PluginManager:220 - loadIPPluginJar : add opamp
2023-07-06 18:18:15,407 [INFO] IPUIPlugin:80 - create IPUIPlugin
2023-07-06 18:18:15,408 [INFO] PluginManager:220 - loadIPPluginJar : add openamp
2023-07-06 18:18:15,427 [INFO] IPUIPlugin:80 - create IPUIPlugin
2023-07-06 18:18:15,428 [INFO] PluginManager:220 - loadIPPluginJar : add pdm2pcm
2023-07-06 18:18:15,466 [INFO] IPUIPlugin:80 - create IPUIPlugin
2023-07-06 18:18:15,482 [INFO] PluginManager:220 - loadIPPluginJar : add plateformsettings
2023-07-06 18:18:15,489 [INFO] IPUIPlugin:80 - create IPUIPlugin
2023-07-06 18:18:15,490 [INFO] PluginManager:220 - loadIPPluginJar : add quadspi
2023-07-06 18:18:15,505 [INFO] IPUIPlugin:80 - create IPUIPlugin
2023-07-06 18:18:15,506 [INFO] PluginManager:220 - loadIPPluginJar : add resmgrutility
2023-07-06 18:18:15,520 [INFO] IPUIPlugin:80 - create IPUIPlugin
2023-07-06 18:18:15,521 [INFO] PluginManager:220 - loadIPPluginJar : add sai
2023-07-06 18:18:15,542 [INFO] IPUIPlugin:80 - create IPUIPlugin
2023-07-06 18:18:15,543 [INFO] PluginManager:220 - loadIPPluginJar : add spi
2023-07-06 18:18:15,568 [INFO] IPUIPlugin:80 - create IPUIPlugin
2023-07-06 18:18:15,569 [INFO] PluginManager:220 - loadIPPluginJar : add stm32_wpan
2023-07-06 18:18:15,581 [INFO] IPUIPlugin:80 - create IPUIPlugin
2023-07-06 18:18:15,581 [INFO] PluginManager:220 - loadIPPluginJar : add tim
2023-07-06 18:18:15,596 [INFO] IPUIPlugin:80 - create IPUIPlugin
2023-07-06 18:18:15,596 [INFO] PluginManager:220 - loadIPPluginJar : add touchsensing
2023-07-06 18:18:15,605 [INFO] IPUIPlugin:80 - create IPUIPlugin
2023-07-06 18:18:15,605 [INFO] PluginManager:220 - loadIPPluginJar : add tracer_emb
2023-07-06 18:18:15,613 [INFO] IPUIPlugin:80 - create IPUIPlugin
2023-07-06 18:18:15,614 [INFO] PluginManager:220 - loadIPPluginJar : add ts
2023-07-06 18:18:15,621 [INFO] IPUIPlugin:80 - create IPUIPlugin
2023-07-06 18:18:15,622 [INFO] PluginManager:220 - loadIPPluginJar : add tsc
2023-07-06 18:18:15,631 [INFO] IPUIPlugin:80 - create IPUIPlugin
2023-07-06 18:18:15,631 [INFO] PluginManager:220 - loadIPPluginJar : add ucpd
2023-07-06 18:18:15,644 [INFO] IPUIPlugin:80 - create IPUIPlugin
2023-07-06 18:18:15,644 [INFO] PluginManager:220 - loadIPPluginJar : add usart
2023-07-06 18:18:15,658 [INFO] IPUIPlugin:80 - create IPUIPlugin
2023-07-06 18:18:15,658 [INFO] PluginManager:220 - loadIPPluginJar : add usbx
2023-07-06 18:18:16,177 [INFO] CADModel:165 - CPN selected for project level
2023-07-06 18:18:16,217 [INFO] CADModel:114 - Register for checkConnection events
2023-07-06 18:18:16,218 [FATAL] Updater:308 - Updater called before beeing initialized
2023-07-06 18:18:16,219 [ERROR] CADModel:125 - Updater not yet initialized, retry later 
2023-07-06 18:18:16,428 [INFO] ThirdPartyUpdaterWithRetryManager:70 - Updater plugin not ready yet. [3/15]
2023-07-06 18:18:18,018 [INFO] CADModel:165 - CPN selected for project level
2023-07-06 18:18:18,019 [INFO] CADModel:114 - Register for checkConnection events
2023-07-06 18:18:18,019 [FATAL] Updater:308 - Updater called before beeing initialized
2023-07-06 18:18:18,019 [ERROR] CADModel:125 - Updater not yet initialized, retry later 
2023-07-06 18:18:18,140 [FATAL] Updater:308 - Updater called before beeing initialized
2023-07-06 18:18:19,087 [FATAL] Updater:308 - Updater called before beeing initialized
2023-07-06 18:18:19,125 [INFO] DbMcusAds:53 - JSON generation date=Tue Mar 07 16:50:55 CST 2023 (1678179055335)
2023-07-06 18:18:19,125 [FATAL] Updater:308 - Updater called before beeing initialized
2023-07-06 18:18:19,386 [WARN] DetailPanel:346 - Failed to get advertising image, set to default
2023-07-06 18:18:19,436 [FATAL] Updater:308 - Updater called before beeing initialized
2023-07-06 18:18:19,438 [ERROR] IntegrityCheckThread:130 - Cannot retrieve database content from updater: error 21
2023-07-06 18:18:19,468 [INFO] ThirdParty:978 - Integrity check success = false
2023-07-06 18:18:19,483 [INFO] IntegrityCheckThread:100 - exiting critical section [integrity check]
2023-07-06 18:18:19,484 [INFO] IntegrityCheckThread:103 - End integrity checks thread
2023-07-06 18:18:19,957 [FATAL] Updater:308 - Updater called before beeing initialized
2023-07-06 18:18:19,967 [FATAL] Updater:308 - Updater called before beeing initialized
2023-07-06 18:18:19,967 [FATAL] Updater:308 - Updater called before beeing initialized
2023-07-06 18:18:19,968 [WARN] DetailPanel:346 - Failed to get advertising image, set to default
2023-07-06 18:18:19,972 [FATAL] Updater:308 - Updater called before beeing initialized
2023-07-06 18:18:20,413 [ERROR] Updater:1120 - MainUpdater not yet initialized. External WinMGr cannot be set.
2023-07-06 18:18:20,423 [INFO] Updater:1056 - Updater Version found : 6.8.1
2023-07-06 18:18:20,504 [INFO] ApplicationProperties:184 - Using Application install path: D:\ykl\STM32CubeIDE_1.12.1\STM32CubeIDE\plugins\com.st.stm32cube.common.mx_6.8.1.202304191431
2023-07-06 18:18:21,982 [INFO] MainUpdater:2854 - connection check result : 10
2023-07-06 18:18:21,987 [INFO] MainUpdater:283 - Updater Check For Update Now.
2023-07-06 18:18:21,990 [INFO] MicroXplorer:498 - Change Database Version : DB.6.0.81
2023-07-06 18:18:22,718 [INFO] CheckServerUpdateThread:120 - End of CheckServer Thread
2023-07-06 18:18:22,819 [INFO] MainUpdater:2854 - connection check result : 10
2023-07-06 18:18:22,824 [INFO] MainUpdater:2854 - connection check result : 10
2023-07-06 18:18:22,968 [INFO] MicroXplorer:468 - Change Database Path : 
2023-07-06 18:18:22,986 [INFO] MicroXplorer:498 - Change Database Version : DB.6.0.81
2023-07-06 18:18:23,009 [WARN] ThirdParty:871 - waiting for thirdparty lock release [close project]
2023-07-06 18:18:23,010 [INFO] ThirdParty:873 - entering critical section [close project]
2023-07-06 18:18:23,016 [INFO] ThirdParty:883 - exiting critical section [close project]
2023-07-06 18:18:23,057 [INFO] PinOutPanel:1499 - setPackage(No Configuration,No Configuration)
2023-07-06 18:18:23,082 [INFO] UtilMem:75 - Begin LoadConfig() Used Memory: 229666520 Bytes (282066944)
2023-07-06 18:18:23,087 [INFO] MicroXplorer:468 - Change Database Path : 
2023-07-06 18:18:23,087 [INFO] MicroXplorer:498 - Change Database Version : DB.6.0.81
2023-07-06 18:18:23,088 [INFO] OpenFileManager:308 - Change cursor
2023-07-06 18:18:23,145 [WARN] IntegrityCheckThread:84 - waiting for thirdparty lock release [integrity check]
2023-07-06 18:18:23,146 [INFO] IntegrityCheckThread:86 - entering critical section [integrity check]
2023-07-06 18:18:25,090 [WARN] PackLoader:240 - Cannot read IP mode file for STMicroelectronics.X-CUBE-SMBUS.2.1.0
2023-07-06 18:18:25,594 [WARN] PackLoader:240 - Cannot read IP mode file for STMicroelectronics.X-CUBE-AZRTOS-F7.1.1.0
2023-07-06 18:18:25,658 [WARN] PackLoader:240 - Cannot read IP mode file for STMicroelectronics.FP-SNS-MOTENV1.4.3.2
2023-07-06 18:18:25,899 [WARN] PackLoader:240 - Cannot read IP mode file for STMicroelectronics.FP-SNS-FLIGHT1.5.0.1
2023-07-06 18:18:25,948 [WARN] PackLoader:240 - Cannot read IP mode file for STMicroelectronics.X-CUBE-BLE1.6.2.4
2023-07-06 18:18:26,078 [WARN] PackLoader:240 - Cannot read IP mode file for STMicroelectronics.X-CUBE-DISPLAY.3.0.0
2023-07-06 18:18:26,237 [WARN] PackLoader:240 - Cannot read IP mode file for emotas.I-CUBE-CANOPEN.1.3.0
2023-07-06 18:18:26,257 [WARN] PackLoader:240 - Cannot read IP mode file for STMicroelectronics.X-CUBE-TOUCHGFX.4.22.0
2023-07-06 18:18:26,308 [INFO] LogOutputStream:77 - [STDOUT_REDIRECT] 1 : Invalid condition id : UX_CORESTACK_Condition cause : null
2023-07-06 18:18:26,312 [INFO] LogOutputStream:77 - [STDOUT_REDIRECT] 1 : Invalid condition id : UX_CORESTACK_Condition cause : null
2023-07-06 18:18:26,323 [INFO] LogOutputStream:77 - [STDOUT_REDIRECT] 1 : Invalid condition id : UX_CORESTACK_Condition cause : null
2023-07-06 18:18:26,392 [INFO] LogOutputStream:77 - [STDOUT_REDIRECT] 1 : Invalid condition id : UX_CORESTACK_Condition cause : null
2023-07-06 18:18:26,416 [INFO] LogOutputStream:77 - [STDOUT_REDIRECT] 1 : Invalid condition id : UX_CORESTACK_Condition cause : null
2023-07-06 18:18:26,481 [WARN] PackLoader:240 - Cannot read IP mode file for STMicroelectronics.X-CUBE-AZRTOS-WL.2.0.0
2023-07-06 18:18:26,698 [WARN] PackLoader:240 - Cannot read IP mode file for WES.I-CUBE-Cesium.1.3.0
2023-07-06 18:18:26,730 [WARN] PackLoader:240 - Cannot read IP mode file for STMicroelectronics.X-CUBE-BLE2.3.3.0
2023-07-06 18:18:26,870 [WARN] PackLoader:240 - Cannot read IP mode file for STMicroelectronics.X-CUBE-ALGOBUILD.1.3.0
2023-07-06 18:18:27,096 [WARN] PackLoader:240 - Cannot read IP mode file for STMicroelectronics.X-CUBE-AZRTOS-G0.1.1.0
2023-07-06 18:18:27,248 [WARN] PackLoader:240 - Cannot read IP mode file for STMicroelectronics.X-CUBE-NFC4.3.0.0
2023-07-06 18:18:27,280 [WARN] PackLoader:240 - Cannot read IP mode file for STMicroelectronics.FP-ATR-SIGFOX1.3.2.0
2023-07-06 18:18:27,539 [WARN] PackLoader:240 - Cannot read IP mode file for SEGGER.I-CUBE-embOS.1.3.1
2023-07-06 18:18:27,971 [WARN] PackLoader:240 - Cannot read IP mode file for STMicroelectronics.X-CUBE-GNSS1.6.0.0
2023-07-06 18:18:28,124 [WARN] PackLoader:240 - Cannot read IP mode file for STMicroelectronics.X-CUBE-AZRTOS-F4.1.1.0
2023-07-06 18:18:28,166 [WARN] PackLoader:240 - Cannot read IP mode file for wolfSSL.I-CUBE-wolfSSL.5.6.3
2023-07-06 18:18:28,579 [WARN] PackLoader:240 - Cannot read IP mode file for STMicroelectronics.X-CUBE-MEMS1.9.6.0
2023-07-06 18:18:29,986 [WARN] PackLoader:240 - Cannot read IP mode file for STMicroelectronics.X-CUBE-BLEMGR.2.0.0
2023-07-06 18:18:30,080 [WARN] ConditionMgr:438 - getConditionDescription Invalid condition id : UX DEVICE CLASS RTOS Condition cause : null
2023-07-06 18:18:30,082 [WARN] ConditionMgr:438 - getConditionDescription Invalid condition id : UX DEVICE CLASS RTOS Condition cause : null
2023-07-06 18:18:30,102 [WARN] PackLoader:240 - Cannot read IP mode file for STMicroelectronics.X-CUBE-AZRTOS-H7.3.1.0
2023-07-06 18:18:30,109 [WARN] ConditionMgr:1039 - genDependencies : Invalid condition id : UX DEVICE CLASS RTOS Condition cause : null
2023-07-06 18:18:30,109 [WARN] ConditionMgr:1039 - genDependencies : Invalid condition id : UX DEVICE CLASS RTOS Condition cause : null
2023-07-06 18:18:30,113 [WARN] ConditionMgr:1039 - genDependencies : Invalid condition id : UX DEVICE CLASS RTOS Condition cause : null
2023-07-06 18:18:30,115 [WARN] ConditionMgr:1039 - genDependencies : Invalid condition id : UX DEVICE CLASS RTOS Condition cause : null
2023-07-06 18:18:30,116 [WARN] ConditionMgr:1039 - genDependencies : Invalid condition id : UX DEVICE CLASS RTOS Condition cause : null
2023-07-06 18:18:30,370 [WARN] PackLoader:240 - Cannot read IP mode file for STMicroelectronics.X-CUBE-NFC7.1.0.1
2023-07-06 18:18:30,408 [WARN] PackLoader:240 - Cannot read IP mode file for STMicroelectronics.X-CUBE-EEPRMA1.4.1.0
2023-07-06 18:18:30,592 [WARN] ConditionMgr:438 - getConditionDescription Invalid condition id : LAN8742 Phy interface Condition cause : null
2023-07-06 18:18:30,598 [WARN] PackLoader:240 - Cannot read IP mode file for STMicroelectronics.X-CUBE-AZRTOS-L4.2.0.0
2023-07-06 18:18:30,605 [WARN] ConditionMgr:1039 - genDependencies : Invalid condition id : LAN8742 Phy interface Condition cause : null
2023-07-06 18:18:30,608 [WARN] ConditionMgr:1039 - genDependencies : Invalid condition id : LAN8742 Phy interface Condition cause : null
2023-07-06 18:18:30,612 [WARN] ConditionMgr:1039 - genDependencies : Invalid condition id : LAN8742 Phy interface Condition cause : null
2023-07-06 18:18:30,657 [WARN] PackLoader:240 - Cannot read IP mode file for STMicroelectronics.X-CUBE-SFXS2LP1.4.0.0
2023-07-06 18:18:30,692 [WARN] PackLoader:240 - Cannot read IP mode file for STMicroelectronics.X-CUBE-ISPU.1.1.0
2023-07-06 18:18:30,718 [WARN] PackLoader:240 - Cannot read IP mode file for STMicroelectronics.X-CUBE-FREERTOS.1.0.1
2023-07-06 18:18:30,809 [WARN] PackLoader:240 - Cannot read IP mode file for STMicroelectronics.X-CUBE-AZRTOS-L5.1.1.0
2023-07-06 18:18:30,861 [WARN] PackLoader:240 - Cannot read IP mode file for STMicroelectronics.X-CUBE-AI.8.0.1
2023-07-06 18:18:30,937 [WARN] PackLoader:240 - Cannot read IP mode file for STMicroelectronics.X-CUBE-SUBG2.5.0.0
2023-07-06 18:18:31,088 [WARN] PackLoader:240 - Cannot read IP mode file for STMicroelectronics.X-CUBE-AZRTOS-G4.2.0.0
2023-07-06 18:18:31,152 [WARN] PackLoader:240 - Cannot read IP mode file for STMicroelectronics.X-CUBE-TOF1.3.3.0
2023-07-06 18:18:31,236 [WARN] PackLoader:240 - Cannot read IP mode file for portGmbH.I-Cube-SoM-uGOAL.1.1.0
2023-07-06 18:18:31,256 [WARN] PackLoader:240 - Cannot read IP mode file for STMicroelectronics.X-CUBE-ALS.1.0.1
2023-07-06 18:18:31,365 [WARN] PackLoader:240 - Cannot read IP mode file for STMicroelectronics.X-CUBE-AZRTOS-WB.1.1.0
2023-07-06 18:18:31,397 [WARN] PackLoader:240 - Cannot read IP mode file for STMicroelectronics.FP-ATR-ASTRA1.2.0.0
2023-07-06 18:18:31,399 [INFO] ThirdParty:978 - Integrity check success = true
2023-07-06 18:18:31,400 [INFO] IntegrityCheckThread:100 - exiting critical section [integrity check]
2023-07-06 18:18:31,416 [INFO] IntegrityCheckThread:103 - End integrity checks thread
2023-07-06 18:18:31,578 [INFO] Mcu:1937 - Initializing MCU STM32F103Z(C-D-E)Tx STM32F103ZETx STM32F103ZET6
2023-07-06 18:18:40,667 [INFO] Context:659 - Trying to add GPIOservice into a context  which must be forbidden
2023-07-06 18:18:44,557 [INFO] RtosManager:555 - Registered RTOS mode: class=CMSIS, group=RTOS, mode=CMSIS_V1, owner=FREERTOS
2023-07-06 18:18:44,557 [INFO] RtosManager:555 - Registered RTOS mode: class=CMSIS, group=RTOS2, mode=CMSIS_V2, owner=FREERTOS
2023-07-06 18:18:44,558 [INFO] RtosManager:555 - Registered RTOS mode: class=RTOS, group=Core, mode=CMSIS_V1, owner=FREERTOS
2023-07-06 18:18:44,558 [INFO] RtosManager:555 - Registered RTOS mode: class=RTOS, group=Core, mode=CMSIS_V2, owner=FREERTOS
2023-07-06 18:18:44,559 [WARN] ModelIntegratedComponent:184 - Missing modes for component STMicroelectronics:FreeRTOS:0.0.1:STMicroelectronics:RTOS:FreeRTOS:Core:::10.2.0:
2023-07-06 18:18:44,660 [WARN] ModelIntegratedComponent:63 - No mode defined for component null
2023-07-06 18:18:44,661 [WARN] ModelIntegratedComponent:63 - No mode defined for component null
2023-07-06 18:18:44,661 [WARN] ModelIntegratedComponent:63 - No mode defined for component null
2023-07-06 18:18:44,662 [WARN] ModelIntegratedComponent:63 - No mode defined for component null
2023-07-06 18:18:44,662 [WARN] ModelIntegratedComponent:63 - No mode defined for component null
2023-07-06 18:18:44,663 [WARN] ModelIntegratedComponent:63 - No mode defined for component null
2023-07-06 18:18:44,663 [WARN] ModelIntegratedComponent:63 - No mode defined for component null
2023-07-06 18:18:44,663 [WARN] ModelIntegratedComponent:63 - No mode defined for component null
2023-07-06 18:18:44,663 [WARN] ModelIntegratedComponent:63 - No mode defined for component null
2023-07-06 18:18:44,664 [WARN] ModelIntegratedComponent:63 - No mode defined for component null
2023-07-06 18:18:44,664 [WARN] ModelIntegratedComponent:63 - No mode defined for component null
2023-07-06 18:18:44,664 [WARN] ModelIntegratedComponent:63 - No mode defined for component null
2023-07-06 18:18:44,665 [WARN] ModelIntegratedComponent:63 - No mode defined for component null
2023-07-06 18:18:44,665 [WARN] ModelIntegratedComponent:63 - No mode defined for component null
2023-07-06 18:18:44,665 [WARN] ModelIntegratedComponent:63 - No mode defined for component null
2023-07-06 18:18:44,666 [WARN] ModelIntegratedComponent:63 - No mode defined for component null
2023-07-06 18:18:44,666 [WARN] ModelIntegratedComponent:63 - No mode defined for component null
2023-07-06 18:18:44,666 [WARN] ModelIntegratedComponent:63 - No mode defined for component null
2023-07-06 18:18:44,666 [WARN] ModelIntegratedComponent:63 - No mode defined for component null
2023-07-06 18:18:44,667 [WARN] ModelIntegratedComponent:63 - No mode defined for component null
2023-07-06 18:18:44,667 [WARN] ModelIntegratedComponent:63 - No mode defined for component null
2023-07-06 18:18:44,667 [WARN] ModelIntegratedComponent:63 - No mode defined for component null
2023-07-06 18:18:44,667 [WARN] ModelIntegratedComponent:63 - No mode defined for component null
2023-07-06 18:18:44,668 [WARN] ModelIntegratedComponent:63 - No mode defined for component null
2023-07-06 18:18:44,668 [WARN] ModelIntegratedComponent:63 - No mode defined for component null
2023-07-06 18:18:44,668 [WARN] ModelIntegratedComponent:63 - No mode defined for component null
2023-07-06 18:18:44,668 [WARN] ModelIntegratedComponent:63 - No mode defined for component null
2023-07-06 18:18:44,669 [WARN] ModelIntegratedComponent:63 - No mode defined for component null
2023-07-06 18:18:44,669 [WARN] ModelIntegratedComponent:63 - No mode defined for component null
2023-07-06 18:18:44,669 [WARN] ModelIntegratedComponent:63 - No mode defined for component null
2023-07-06 18:18:44,669 [WARN] ModelIntegratedComponent:63 - No mode defined for component null
2023-07-06 18:18:44,670 [WARN] ModelIntegratedComponent:63 - No mode defined for component null
2023-07-06 18:18:44,670 [WARN] ModelIntegratedComponent:63 - No mode defined for component null
2023-07-06 18:18:44,777 [INFO] ThirdPartyModel:298 - Start build external matchings
2023-07-06 18:18:46,981 [INFO] ThirdPartyModel:316 - End build external matchings
2023-07-06 18:18:47,167 [INFO] ImportTextPane:194 - (OptionalMessage_ERROR) IP (RCC) : Invalid parameter (FamilyName)
2023-07-06 18:18:49,131 [INFO] UtilMem:75 - End LoadConfig() Used Memory: 423260320 Bytes (541065216)
2023-07-06 18:18:49,778 [INFO] ApiDb:581 - Connected to CubeFinder SQLite database (C:\Users\C012\.stmcufinder\plugins\mcufinder\mcu\cube-finder-db.db)
2023-07-06 18:18:50,530 [INFO] ApiDb:668 - CubeFinder database Data Model version=2.1
2023-07-06 18:18:50,531 [INFO] ApiDb:669 - CubeFinder database Configuration version=3.0.35
2023-07-06 18:18:50,532 [INFO] ApiDb:670 - CubeFinder database generation date=2023-05-12 (1683877179)
2023-07-06 18:18:50,532 [INFO] ApiDb:671 - CubeFinder database FW Pack versions=[FP-ATR-ASTRA1_V2.0.0, FP-SNS-FLIGHT1_V5.0.0, FP-SNS-MOTENV1_V4.3.0, STM32Cube_FW_C0_V1.0.1, STM32Cube_FW_F0_V1.11.4, STM32Cube_FW_F3_V1.11.4, STM32Cube_FW_F4_V1.27.1, STM32Cube_FW_F7_V1.17.0, STM32Cube_FW_G0_V1.6.1, STM32Cube_FW_G4_V1.5.1, STM32Cube_FW_H5_V0.5.1, STM32Cube_FW_H5_V1.0.0, STM32Cube_FW_H7_V1.11.0, STM32Cube_FW_L0_V1.12.2, STM32Cube_FW_L5_V1.5.0, STM32Cube_FW_U5_V1.2.0, STM32Cube_FW_WBA_V1.0.0, STM32Cube_FW_WBA_V1.0.0RC1, STM32Cube_FW_WBA_V1.0.0RC3, STM32Cube_FW_WB_V1.15.0RC1, STM32Cube_FW_WB_V1.16.0, STM32Cube_FW_WB_V1.16.0RC2, STM32Cube_FW_WL_V1.3.0, X-CUBE-ALGOBUILD_V1.3.0, X-CUBE-ALS_V1.0.1, X-CUBE-AZRTOS-F4_V1.1.0, X-CUBE-AZRTOS-F7_V1.1.0, X-CUBE-AZRTOS-G0_V1.1.0, X-CUBE-AZRTOS-G4_V2.0.0, X-CUBE-AZRTOS-H7_V3.1.0, X-CUBE-AZRTOS-L4_V1.0.0, X-CUBE-AZRTOS-L5_V1.1.0, X-CUBE-AZRTOS-WB_V1.1.0, X-CUBE-AZRTOS-WL_V1.0.0, X-CUBE-BLE1_V6.2.4, X-CUBE-BLE2_V3.3.0, X-CUBE-BLEMGR_V2.0.0, X-CUBE-EEPRMA1_V4.1.0, X-CUBE-FREERTOS_V1.0.1, X-CUBE-GNSS1_V6.0.0, X-CUBE-MEMS1_V9.1.0, X-CUBE-MEMS1_V9.4.0, X-CUBE-MEMS1_V9.6.0, X-CUBE-NFC4_V3.0.0, X-CUBE-NFC7_V1.0.0, X-CUBE-SFXS2LP1_V4.0.0, X-CUBE-SUBG2_V5.0.0]
2023-07-06 18:19:01,218 [INFO] ApiDb:240 - Found 297 in-development CPN: [B-G473E-ZEST1S, B-WB1M-WPAN1, B-WL5M-SUBG1, NUCLEO-C031C6, NUCLEO-H503RB, NUCLEO-H563ZI, NUCLEO-U545RE-Q, NUCLEO-U5A5ZJ-Q, NUCLEO-WBA52CG, STEVAL-PROTEUS1, STEVAL-STWINBX1, STM320518-EVAL, STM32C0116-DK, STM32C011D6Y3TR, STM32C011D6Y6TR, STM32C011F4P3, STM32C011F4P6, STM32C011F4U3, STM32C011F4U6TR, STM32C011F6P3, STM32C011F6P6, STM32C011F6U3, STM32C011F6U6TR, STM32C011J4M3, STM32C011J4M6, STM32C011J6M3, STM32C011J6M6, STM32C0316-DK, STM32C031C4T3, STM32C031C4T6, STM32C031C4U3, STM32C031C4U6, STM32C031C6T3, STM32C031C6T6, STM32C031C6U3, STM32C031C6U6, STM32C031F4P3, STM32C031F4P6, STM32C031F6P3, STM32C031F6P6, STM32C031G4U3, STM32C031G4U6, STM32C031G6U3, STM32C031G6U6, STM32C031K4T3, STM32C031K4T6, STM32C031K4U3, STM32C031K4U6, STM32C031K6T3, STM32C031K6T6, STM32C031K6U3, STM32C031K6U6, STM32G071K8TXN, STM32G071K8UXN, STM32G081GBU6N, STM32G081KBT6N, STM32G081KBUXN, STM32G0B1CCT6N, STM32G0B1KCT6, STM32G0B1NEY6TR, STM32G0B1RCT6N, STM32G0C1CCT6, STM32G0C1CCT6N, STM32G0C1CCU6N, STM32G0C1CET6N, STM32G0C1CEU6N, STM32G0C1KCT6, STM32G0C1NEY6TR, STM32G0C1RCI6N, STM32G0C1RCT6N, STM32G0C1REI6N, STM32G0C1RET6N, STM32G0C1VCI6, STM32G0C1VEI6, STM32G471CCT6, STM32G471CCU6, STM32G471CET3, STM32G471CET6, STM32G471CEU3, STM32G471CEU6, STM32G471MCT6, STM32G471MET3, STM32G471MET6, STM32G471MEY6TR, STM32G471QCT6, STM32G471QET3, STM32G471RCT6, STM32G471RET3, STM32G471RET6, STM32G471VCH6, STM32G471VCI6, STM32G471VCT6, STM32G471VEH3, STM32G471VEH6, STM32G471VEI3, STM32G471VEI6, STM32G471VET3, STM32G471VET6, STM32G474CCT6, STM32H503CBT6, STM32H503CBU6, STM32H503EBY6TR, STM32H503KBU6, STM32H503RBT6, STM32H562AGI6, STM32H562AII6, STM32H562IGK6, STM32H562IGT6, STM32H562IIK6, STM32H562IIT6, STM32H562RGT6, STM32H562RGV6, STM32H562RIT6, STM32H562RIV6, STM32H562VGT6, STM32H562VIT6, STM32H562ZGT6, STM32H562ZIT6, STM32H563AGI6, STM32H563AII3Q, STM32H563AII6, STM32H563IGK6, STM32H563IGT6, STM32H563IIK3Q, STM32H563IIK6, STM32H563IIT3Q, STM32H563IIT6, STM32H563MIY3QTR, STM32H563RGT6, STM32H563RGV6, STM32H563RIT6, STM32H563RIV6, STM32H563VGT6, STM32H563VIT3Q, STM32H563VIT6, STM32H563ZGT6, STM32H563ZIT3Q, STM32H563ZIT6, STM32H573AII3Q, STM32H573AII6, STM32H573I-DK, STM32H573IIK3Q, STM32H573IIK6, STM32H573IIT3Q, STM32H573IIT6, STM32H573MIY3QTR, STM32H573RIT6, STM32H573RIV6, STM32H573VIT3Q, STM32H573VIT6, STM32H573ZIT3Q, STM32H573ZIT6, STM32L4R5QGI6STR, STM32MP131AAE3, STM32MP131AAF3, STM32MP131AAG3, STM32MP131CAE3, STM32MP131CAF3, STM32MP131CAG3, STM32MP131DAE7, STM32MP131DAF7, STM32MP131DAG7, STM32MP131FAE7, STM32MP131FAF7, STM32MP131FAG7, STM32MP133AAE3, STM32MP133AAF3, STM32MP133AAG3, STM32MP133CAE3, STM32MP133CAF3, STM32MP133CAG3, STM32MP133DAE7, STM32MP133DAF7, STM32MP133DAG7, STM32MP133FAE7, STM32MP133FAF7, STM32MP133FAG7, STM32MP135AAE3, STM32MP135AAF3, STM32MP135AAG3, STM32MP135CAE3, STM32MP135CAF3, STM32MP135CAG3, STM32MP135DAE7, STM32MP135DAF7, STM32MP135DAG7, STM32MP135F-DK, STM32MP135FAE7, STM32MP135FAF7, STM32MP135FAF7T, STM32MP135FAF7U, STM32MP135FAG7, STM32U535CBT6, STM32U535CBT6Q, STM32U535CBU6, STM32U535CBU6Q, STM32U535CCT6, STM32U535CCT6Q, STM32U535CCU6, STM32U535CCU6Q, STM32U535CET6, STM32U535CET6Q, STM32U535CEU6, STM32U535CEU6Q, STM32U535JEY6QTR, STM32U535NCY6QTR, STM32U535NEY6QTR, STM32U535RBI6, STM32U535RBI6Q, STM32U535RBT6, STM32U535RBT6Q, STM32U535RCI6, STM32U535RCI6Q, STM32U535RCT6, STM32U535RCT6Q, STM32U535REI6, STM32U535REI6Q, STM32U535RET6, STM32U535RET6Q, STM32U535VCI6, STM32U535VCI6Q, STM32U535VCT6, STM32U535VCT6Q, STM32U535VEI6, STM32U535VEI6Q, STM32U535VET6, STM32U535VET6Q, STM32U545CET6, STM32U545CET6Q, STM32U545CEU6, STM32U545CEU6Q, STM32U545JEY6QTR, STM32U545NEY6QTR, STM32U545REI6, STM32U545REI6Q, STM32U545RET6, STM32U545RET6Q, STM32U545VEI6, STM32U545VEI6Q, STM32U545VET6, STM32U545VET6Q, STM32U595AIH6, STM32U595AIH6Q, STM32U595AJH6, STM32U595AJH6Q, STM32U595QII6, STM32U595QII6Q, STM32U595QJI6, STM32U595QJI6Q, STM32U595RIT6, STM32U595RIT6Q, STM32U595RJT6, STM32U595RJT6Q, STM32U595VIT6, STM32U595VIT6Q, STM32U595VJT6, STM32U595VJT6Q, STM32U595ZIT6, STM32U595ZIT6Q, STM32U595ZIY6QTR, STM32U595ZJT6, STM32U595ZJT6Q, STM32U595ZJY6QTR, STM32U599BJY6QTR, STM32U599NIH6Q, STM32U599NJH6Q, STM32U599VIT6Q, STM32U599VJT6, STM32U599VJT6Q, STM32U599ZIT6Q, STM32U599ZIY6QTR, STM32U599ZJT6Q, STM32U599ZJY6QTR, STM32U5A5AJH6, STM32U5A5AJH6Q, STM32U5A5QJI6, STM32U5A5QJI6Q, STM32U5A5RJT6, STM32U5A5RJT6Q, STM32U5A5VJT6, STM32U5A5VJT6Q, STM32U5A5ZJT6, STM32U5A5ZJT6Q, STM32U5A5ZJY6QTR, STM32U5A9BJY6QTR, STM32U5A9J-DK, STM32U5A9NJH6Q, STM32U5A9VJT6Q, STM32U5A9ZJT6Q, STM32U5A9ZJY6QTR, STM32WB1MMCH6, STM32WBA52CEU6, STM32WBA52CEU6T, STM32WBA52CGU6, STM32WBA52CGU6T, STM32WL5MOCH6, STM32WL5MOCH6TR]
2023-07-06 18:19:01,232 [INFO] DbMcus:216 - Found 3775 MCUs, 3775 are supported
2023-07-06 18:19:01,242 [INFO] ApiDb:423 - Load user favorites file C:\Users\C012/.stm32cubeide/favorites.mcus.txt: 0 item(s)
2023-07-06 18:19:01,242 [INFO] ApiDb:427 - User favorites MCUs=[]
2023-07-06 18:19:01,243 [INFO] DbMcus:222 - Set 0 / 0 favorites MCUs
2023-07-06 18:19:03,657 [WARN] ThirdParty:833 - waiting for thirdparty lock release [change project]
2023-07-06 18:19:03,658 [INFO] ThirdParty:835 - entering critical section [change project]
2023-07-06 18:19:03,677 [INFO] ThirdParty:1030 - CMSIS Pack Vendor :STMicroelectronics X-CUBE-ISPU 1.1.0
2023-07-06 18:19:03,678 [INFO] ThirdParty:1030 - CMSIS Pack Vendor :STMicroelectronics X-CUBE-GNSS1 6.0.0
2023-07-06 18:19:03,678 [INFO] ThirdParty:1030 - CMSIS Pack Vendor :STMicroelectronics USB_HOST 2.0.0
2023-07-06 18:19:03,678 [INFO] ThirdParty:1030 - CMSIS Pack Vendor :STMicroelectronics X-CUBE-AZRTOS-F4 1.1.0
2023-07-06 18:19:03,679 [INFO] ThirdParty:1030 - CMSIS Pack Vendor :STMicroelectronics LIBJPEG 8.0.0
2023-07-06 18:19:03,679 [INFO] ThirdParty:1030 - CMSIS Pack Vendor :wolfSSL I-CUBE-wolfSSL 5.6.3
2023-07-06 18:19:03,679 [INFO] ThirdParty:1030 - CMSIS Pack Vendor :STMicroelectronics X-CUBE-SMBUS 2.1.0
2023-07-06 18:19:03,679 [INFO] ThirdParty:1030 - CMSIS Pack Vendor :STMicroelectronics USB_DEVICE 3.0.0
2023-07-06 18:19:03,680 [INFO] ThirdParty:1030 - CMSIS Pack Vendor :STMicroelectronics X-CUBE-FREERTOS 1.0.1
2023-07-06 18:19:03,680 [INFO] ThirdParty:1030 - CMSIS Pack Vendor :STMicroelectronics X-CUBE-AZRTOS-F7 1.1.0
2023-07-06 18:19:03,680 [INFO] ThirdParty:1030 - CMSIS Pack Vendor :STMicroelectronics USB_DEVICE 2.0.0
2023-07-06 18:19:03,681 [INFO] ThirdParty:1030 - CMSIS Pack Vendor :STMicroelectronics X-CUBE-MEMS1 9.6.0
2023-07-06 18:19:03,681 [INFO] ThirdParty:1030 - CMSIS Pack Vendor :STMicroelectronics FP-SNS-MOTENV1 4.3.2
2023-07-06 18:19:03,681 [INFO] ThirdParty:1030 - CMSIS Pack Vendor :STMicroelectronics FP-SNS-FLIGHT1 5.0.1
2023-07-06 18:19:03,682 [INFO] ThirdParty:1030 - CMSIS Pack Vendor :STMicroelectronics X-CUBE-ALGOBUILD 1.3.0
2023-07-06 18:19:03,682 [INFO] ThirdParty:1030 - CMSIS Pack Vendor :STMicroelectronics X-CUBE-BLE1 6.2.4
2023-07-06 18:19:03,682 [INFO] ThirdParty:1030 - CMSIS Pack Vendor :STMicroelectronics X-CUBE-AZRTOS-L5 1.1.0
2023-07-06 18:19:03,682 [INFO] ThirdParty:1030 - CMSIS Pack Vendor :STMicroelectronics FreeRTOS 0.0.1
2023-07-06 18:19:03,683 [INFO] ThirdParty:1030 - CMSIS Pack Vendor :STMicroelectronics X-CUBE-AZRTOS-G0 1.1.0
2023-07-06 18:19:03,683 [INFO] ThirdParty:1030 - CMSIS Pack Vendor :STMicroelectronics X-CUBE-BLEMGR 2.0.0
2023-07-06 18:19:03,683 [INFO] ThirdParty:1030 - CMSIS Pack Vendor :STMicroelectronics X-CUBE-AI 8.0.1
2023-07-06 18:19:03,683 [INFO] ThirdParty:1030 - CMSIS Pack Vendor :STMicroelectronics X-CUBE-NFC4 3.0.0
2023-07-06 18:19:03,684 [INFO] ThirdParty:1030 - CMSIS Pack Vendor :STMicroelectronics X-CUBE-SUBG2 5.0.0
2023-07-06 18:19:03,684 [INFO] ThirdParty:1030 - CMSIS Pack Vendor :STMicroelectronics STM32_WPAN 1.0.0
2023-07-06 18:19:03,684 [INFO] ThirdParty:1030 - CMSIS Pack Vendor :STMicroelectronics lwIP 2.0.3
2023-07-06 18:19:03,685 [INFO] ThirdParty:1030 - CMSIS Pack Vendor :STMicroelectronics USB_HOST 1.0.0
2023-07-06 18:19:03,685 [INFO] ThirdParty:1030 - CMSIS Pack Vendor :STMicroelectronics X-CUBE-AZRTOS-G4 2.0.0
2023-07-06 18:19:03,685 [INFO] ThirdParty:1030 - CMSIS Pack Vendor :STMicroelectronics PDM2PCM 3.1.0
2023-07-06 18:19:03,686 [INFO] ThirdParty:1030 - CMSIS Pack Vendor :STMicroelectronics X-CUBE-AZRTOS-H7 3.1.0
2023-07-06 18:19:03,686 [INFO] ThirdParty:1030 - CMSIS Pack Vendor :STMicroelectronics X-CUBE-TOF1 3.3.0
2023-07-06 18:19:03,686 [INFO] ThirdParty:1030 - CMSIS Pack Vendor :STMicroelectronics PDM2PCM 3.3.0
2023-07-06 18:19:03,686 [INFO] ThirdParty:1030 - CMSIS Pack Vendor :STMicroelectronics X-CUBE-DISPLAY 3.0.0
2023-07-06 18:19:03,687 [INFO] ThirdParty:1030 - CMSIS Pack Vendor :STMicroelectronics FP-ATR-SIGFOX1 3.2.0
2023-07-06 18:19:03,687 [INFO] ThirdParty:1030 - CMSIS Pack Vendor :STMicroelectronics HAL Drivers 0.0.0
2023-07-06 18:19:03,687 [INFO] ThirdParty:1030 - CMSIS Pack Vendor :STMicroelectronics MBEDTLS 2.16.2
2023-07-06 18:19:03,687 [INFO] ThirdParty:1030 - CMSIS Pack Vendor :emotas I-CUBE-CANOPEN 1.3.0
2023-07-06 18:19:03,688 [INFO] ThirdParty:1030 - CMSIS Pack Vendor :STMicroelectronics X-CUBE-TOUCHGFX 4.22.0
2023-07-06 18:19:03,688 [INFO] ThirdParty:1030 - CMSIS Pack Vendor :STMicroelectronics X-CUBE-NFC7 1.0.1
2023-07-06 18:19:03,688 [INFO] ThirdParty:1030 - CMSIS Pack Vendor :STMicroelectronics MBEDTLS 2.14.1
2023-07-06 18:19:03,689 [INFO] ThirdParty:1030 - CMSIS Pack Vendor :STMicroelectronics X-CUBE-EEPRMA1 4.1.0
2023-07-06 18:19:03,689 [INFO] ThirdParty:1030 - CMSIS Pack Vendor :portGmbH I-Cube-SoM-uGOAL 1.1.0
2023-07-06 18:19:03,689 [INFO] ThirdParty:1030 - CMSIS Pack Vendor :STMicroelectronics X-CUBE-ALS 1.0.1
2023-07-06 18:19:03,689 [INFO] ThirdParty:1030 - CMSIS Pack Vendor :STMicroelectronics ThreadX 1.0.0
2023-07-06 18:19:03,690 [INFO] ThirdParty:1030 - CMSIS Pack Vendor :STMicroelectronics X-CUBE-AZRTOS-WB 1.1.0
2023-07-06 18:19:03,690 [INFO] ThirdParty:1030 - CMSIS Pack Vendor :STMicroelectronics X-CUBE-AZRTOS-WL 2.0.0
2023-07-06 18:19:03,690 [INFO] ThirdParty:1030 - CMSIS Pack Vendor :SEGGER I-CUBE-embOS 1.3.1
2023-07-06 18:19:03,691 [INFO] ThirdParty:1030 - CMSIS Pack Vendor :STMicroelectronics USB_DEVICE 1.0.0
2023-07-06 18:19:03,691 [INFO] ThirdParty:1030 - CMSIS Pack Vendor :STMicroelectronics X-CUBE-AZRTOS-L4 2.0.0
2023-07-06 18:19:03,691 [INFO] ThirdParty:1030 - CMSIS Pack Vendor :STMicroelectronics ThreadX 0.0.2
2023-07-06 18:19:03,691 [INFO] ThirdParty:1030 - CMSIS Pack Vendor :WES I-CUBE-Cesium 1.3.0
2023-07-06 18:19:03,692 [INFO] ThirdParty:1030 - CMSIS Pack Vendor :STMicroelectronics FP-ATR-ASTRA1 2.0.0
2023-07-06 18:19:03,692 [INFO] ThirdParty:1030 - CMSIS Pack Vendor :STMicroelectronics lwIP 2.1.2
2023-07-06 18:19:03,692 [INFO] ThirdParty:1030 - CMSIS Pack Vendor :STMicroelectronics X-CUBE-SFXS2LP1 4.0.0
2023-07-06 18:19:03,693 [INFO] ThirdParty:1030 - CMSIS Pack Vendor :STMicroelectronics X-CUBE-BLE2 3.3.0
2023-07-06 18:19:03,693 [INFO] ThirdParty:1030 - CMSIS Pack Vendor :STMicroelectronics PDM2PCM 3.2.0
2023-07-06 18:19:03,694 [INFO] ThirdParty:841 - exiting critical section [change project]
2023-07-06 18:19:06,685 [INFO] PinOutPanel:1499 - setPackage(No Configuration,No Configuration)
2023-07-06 18:19:06,690 [INFO] PinOutPanel:1499 - setPackage(STM32F103ZETx,LQFP144)
2023-07-06 18:19:10,391 [INFO] UtilMem:75 - Before build in PCC Used Memory: 436440320 Bytes (571473920)
2023-07-06 18:19:14,747 [INFO] UtilMem:75 - After build in PCC Used Memory: 420111008 Bytes (571473920)
2023-07-06 18:19:14,998 [INFO] IPUIPlugin:80 - create IPUIPlugin
2023-07-06 18:19:14,998 [INFO] IPUIPlugin:80 - create IPUIPlugin
2023-07-06 18:19:14,999 [INFO] IPUIPlugin:80 - create IPUIPlugin
2023-07-06 18:19:14,999 [INFO] IPUIPlugin:80 - create IPUIPlugin
2023-07-06 18:19:15,000 [INFO] IPUIPlugin:80 - create IPUIPlugin
2023-07-06 18:19:15,001 [INFO] IPUIPlugin:80 - create IPUIPlugin
2023-07-06 18:19:15,002 [INFO] IPUIPlugin:80 - create IPUIPlugin
2023-07-06 18:19:15,008 [INFO] IPUIPlugin:80 - create IPUIPlugin
2023-07-06 18:19:15,009 [INFO] IPUIPlugin:80 - create IPUIPlugin
2023-07-06 18:19:15,009 [INFO] IPUIPlugin:80 - create IPUIPlugin
2023-07-06 18:19:15,010 [INFO] IPUIPlugin:80 - create IPUIPlugin
2023-07-06 18:19:15,011 [INFO] IPUIPlugin:80 - create IPUIPlugin
2023-07-06 18:19:15,011 [INFO] IPUIPlugin:80 - create IPUIPlugin
2023-07-06 18:19:15,012 [INFO] IPUIPlugin:80 - create IPUIPlugin
2023-07-06 18:19:15,013 [INFO] IPUIPlugin:80 - create IPUIPlugin
2023-07-06 18:19:15,015 [INFO] IPUIPlugin:80 - create IPUIPlugin
2023-07-06 18:19:15,016 [INFO] IPUIPlugin:80 - create IPUIPlugin
2023-07-06 18:19:15,019 [INFO] IPUIPlugin:80 - create IPUIPlugin
2023-07-06 18:19:15,021 [INFO] IPUIPlugin:80 - create IPUIPlugin
2023-07-06 18:19:15,022 [INFO] IPUIPlugin:80 - create IPUIPlugin
2023-07-06 18:19:15,024 [INFO] IPUIPlugin:80 - create IPUIPlugin
2023-07-06 18:19:15,025 [INFO] IPUIPlugin:80 - create IPUIPlugin
2023-07-06 18:19:15,027 [INFO] IPUIPlugin:80 - create IPUIPlugin
2023-07-06 18:19:15,029 [INFO] IPUIPlugin:80 - create IPUIPlugin
2023-07-06 18:19:15,030 [INFO] IPUIPlugin:80 - create IPUIPlugin
2023-07-06 18:19:15,032 [INFO] IPUIPlugin:80 - create IPUIPlugin
2023-07-06 18:19:15,033 [INFO] IPUIPlugin:80 - create IPUIPlugin
2023-07-06 18:19:15,035 [INFO] IPUIPlugin:80 - create IPUIPlugin
2023-07-06 18:19:15,036 [INFO] IPUIPlugin:80 - create IPUIPlugin
2023-07-06 18:19:15,038 [INFO] IPUIPlugin:80 - create IPUIPlugin
2023-07-06 18:19:15,040 [INFO] IPUIPlugin:80 - create IPUIPlugin
2023-07-06 18:19:15,042 [INFO] IPUIPlugin:80 - create IPUIPlugin
2023-07-06 18:19:15,044 [INFO] IPUIPlugin:80 - create IPUIPlugin
2023-07-06 18:19:15,045 [INFO] IPUIPlugin:80 - create IPUIPlugin
2023-07-06 18:19:15,047 [INFO] IPUIPlugin:80 - create IPUIPlugin
2023-07-06 18:19:15,050 [INFO] IPUIPlugin:80 - create IPUIPlugin
2023-07-06 18:19:15,052 [INFO] IPUIPlugin:80 - create IPUIPlugin
2023-07-06 18:19:15,054 [INFO] IPUIPlugin:80 - create IPUIPlugin
2023-07-06 18:19:15,057 [INFO] IPUIPlugin:80 - create IPUIPlugin
2023-07-06 18:19:15,059 [INFO] IPUIPlugin:80 - create IPUIPlugin
2023-07-06 18:19:16,516 [INFO] CADModel:165 - CPN selected for project levelSTM32F103ZET6
2023-07-06 18:19:16,517 [INFO] CADModel:114 - Register for checkConnection events
2023-07-06 18:19:16,606 [INFO] OpenFileManager:328 - Restore cursor
2023-07-06 18:21:04,781 [INFO] Gpio:273 - dependency for GPIO [FSMC, RCC, USART1]
2023-07-06 18:23:20,499 [INFO] UtilMem:75 - End SaveConfig() Used Memory: 713245952 Bytes (827326464)
2023-07-06 18:23:26,060 [INFO] UtilMem:75 - End SaveConfig() Used Memory: 684411664 Bytes (827326464)
2023-07-06 18:23:29,181 [INFO] BlockDiagram:2759 - set Specific Code input for plugin: FSMC
2023-07-06 18:23:29,183 [INFO] BlockDiagram:2759 - set Specific Code input for plugin: NVIC
2023-07-06 18:23:29,183 [INFO] BlockDiagram:2759 - set Specific Code input for plugin: USART
2023-07-06 18:23:29,187 [INFO] BlockDiagram:2759 - set Specific Code input for plugin: GPIO
2023-07-06 18:23:29,187 [INFO] BlockDiagram:2759 - set Specific Code input for plugin: RCC
2023-07-06 18:23:29,193 [INFO] CodeGenerator:793 - code generatio: config db path: D:\ykl\STM32CubeIDE_1.12.1\STM32CubeIDE\plugins\com.st.stm32cube.common.mx_6.8.1.202304191431\\db\
2023-07-06 18:23:31,977 [INFO] CodeEngine:255 - oldGeneratedFile, D:\ykl\STM32CubeIDE_1.12.1\workspace\KEY\MXTmpFiles\license.tmp_save
2023-07-06 18:23:33,698 [INFO] CodeEngine:279 - Generated code: D:\ykl\STM32CubeIDE_1.12.1\workspace\KEY\MXTmpFiles\license.tmp
2023-07-06 18:23:34,501 [INFO] CodeEngine:255 - oldGeneratedFile, D:\ykl\STM32CubeIDE_1.12.1\workspace\KEY\Core\Src\gpio.c_save
2023-07-06 18:23:35,176 [INFO] CodeEngine:279 - Generated code: D:\ykl\STM32CubeIDE_1.12.1\workspace\KEY\Core\Src\gpio.c
2023-07-06 18:23:35,201 [INFO] CodeEngine:255 - oldGeneratedFile, D:\ykl\STM32CubeIDE_1.12.1\workspace\KEY\Core\Inc\gpio.h_save
2023-07-06 18:23:35,758 [INFO] CodeEngine:279 - Generated code: D:\ykl\STM32CubeIDE_1.12.1\workspace\KEY\Core\Inc\gpio.h
2023-07-06 18:23:37,076 [INFO] CodeEngine:255 - oldGeneratedFile, D:\ykl\STM32CubeIDE_1.12.1\workspace\KEY\Core\Src\fsmc.c_save
2023-07-06 18:23:37,753 [INFO] CodeEngine:279 - Generated code: D:\ykl\STM32CubeIDE_1.12.1\workspace\KEY\Core\Src\fsmc.c
2023-07-06 18:23:37,784 [INFO] CodeEngine:255 - oldGeneratedFile, D:\ykl\STM32CubeIDE_1.12.1\workspace\KEY\Core\Inc\fsmc.h_save
2023-07-06 18:23:38,270 [INFO] CodeEngine:279 - Generated code: D:\ykl\STM32CubeIDE_1.12.1\workspace\KEY\Core\Inc\fsmc.h
2023-07-06 18:23:38,314 [INFO] CodeEngine:255 - oldGeneratedFile, D:\ykl\STM32CubeIDE_1.12.1\workspace\KEY\Core\Src\usart.c_save
2023-07-06 18:23:38,942 [INFO] CodeEngine:279 - Generated code: D:\ykl\STM32CubeIDE_1.12.1\workspace\KEY\Core\Src\usart.c
2023-07-06 18:23:38,970 [INFO] CodeEngine:255 - oldGeneratedFile, D:\ykl\STM32CubeIDE_1.12.1\workspace\KEY\Core\Inc\usart.h_save
2023-07-06 18:23:39,456 [INFO] CodeEngine:279 - Generated code: D:\ykl\STM32CubeIDE_1.12.1\workspace\KEY\Core\Inc\usart.h
2023-07-06 18:23:39,509 [INFO] CodeEngine:255 - oldGeneratedFile, D:\ykl\STM32CubeIDE_1.12.1\workspace\KEY\Core\Src\stm32f1xx_it.c_save
2023-07-06 18:23:40,096 [INFO] CodeEngine:279 - Generated code: D:\ykl\STM32CubeIDE_1.12.1\workspace\KEY\Core\Src\stm32f1xx_it.c
2023-07-06 18:23:40,119 [INFO] CodeEngine:255 - oldGeneratedFile, D:\ykl\STM32CubeIDE_1.12.1\workspace\KEY\Core\Inc\stm32f1xx_it.h_save
2023-07-06 18:23:40,558 [INFO] CodeEngine:279 - Generated code: D:\ykl\STM32CubeIDE_1.12.1\workspace\KEY\Core\Inc\stm32f1xx_it.h
2023-07-06 18:23:40,888 [INFO] CodeEngine:255 - oldGeneratedFile, D:\ykl\STM32CubeIDE_1.12.1\workspace\KEY\Core\Src\stm32f1xx_hal_msp.c_save
2023-07-06 18:23:41,488 [INFO] CodeEngine:279 - Generated code: D:\ykl\STM32CubeIDE_1.12.1\workspace\KEY\Core\Src\stm32f1xx_hal_msp.c
2023-07-06 18:23:41,518 [INFO] CodeEngine:255 - oldGeneratedFile, D:\ykl\STM32CubeIDE_1.12.1\workspace\KEY\MXTmpFiles\system.tmp_save
2023-07-06 18:23:42,005 [INFO] CodeEngine:279 - Generated code: D:\ykl\STM32CubeIDE_1.12.1\workspace\KEY\MXTmpFiles\system.tmp
2023-07-06 18:23:42,044 [INFO] CodeEngine:311 - oldGeneratedFile, D:\ykl\STM32CubeIDE_1.12.1\workspace\KEY\Core\Inc\stm32f1xx_hal_conf.h_save
2023-07-06 18:23:42,431 [INFO] CodeEngine:335 - Generated code: D:\ykl\STM32CubeIDE_1.12.1\workspace\KEY\Core\Inc\stm32f1xx_hal_conf.h
2023-07-06 18:23:42,601 [INFO] CodeEngine:255 - oldGeneratedFile, D:\ykl\STM32CubeIDE_1.12.1\workspace\KEY\Core\Inc\main.h_save
2023-07-06 18:23:43,189 [INFO] CodeEngine:279 - Generated code: D:\ykl\STM32CubeIDE_1.12.1\workspace\KEY\Core\Inc\main.h
2023-07-06 18:23:43,224 [INFO] CodeEngine:255 - oldGeneratedFile, D:\ykl\STM32CubeIDE_1.12.1\workspace\KEY\Core\Src\main.c_save
2023-07-06 18:23:43,866 [INFO] CodeEngine:279 - Generated code: D:\ykl\STM32CubeIDE_1.12.1\workspace\KEY\Core\Src\main.c
2023-07-06 18:23:49,200 [INFO] ProjectBuilder:2996 - Time for Copy HAL[1] : 692mS.
2023-07-06 18:23:49,295 [INFO] ProjectBuilder:4304 - Project Generator version: 3.19.2
2023-07-06 18:23:52,117 [INFO] ConfigFileManager:1483 - The Die is : DIE414
2023-07-06 18:23:52,251 [INFO] ApiDbMcu:507 - Load IP Config File for FATFS
2023-07-06 18:23:52,427 [INFO] ApiDbMcu:507 - Load IP Config File for FREERTOS
2023-07-06 18:23:52,587 [INFO] ApiDbMcu:507 - Load IP Config File for USB_DEVICE
2023-07-06 18:23:59,621 [INFO] LogOutputStream:77 - [STDOUT_REDIRECT] 
2023-07-06 18:24:05,177 [INFO] ProjectBuilder:4505 - Time for Generating toolchain IDE Files: 15878mS.
2023-07-06 18:24:05,184 [INFO] ProjectBuilder:2867 - Time for Copy CMSIS : 4mS.
2023-07-06 18:24:05,191 [INFO] ProjectBuilder:2867 - Time for Copy CMSIS : 0mS.
